<?xml version="1.0" encoding="UTF-8" ?>
<testsuite tests="21" failures="0" errors="0" skipped="0" time="0.131" name="file &quot;aos_test_suite.app&quot;">
  <testcase time="0.030" name="aos_inbox_test:0 inbox_message_insertion_test">
    <system-out>
    </system-out>
  </testcase>
  <testcase time="0.002" name="aos_inbox_test:0 inbox_max_size_efficiency_test">
    <system-out>
    </system-out>
  </testcase>
  <testcase time="0.002" name="aos_inbox_test:0 inbox_multiple_messages_test">
    <system-out>
    </system-out>
  </testcase>
  <testcase time="0.001" name="aos_inbox_test:0 inbox_indices_tracking_test">
    <system-out>
    </system-out>
  </testcase>
  <testcase time="0.003" name="aos_inbox_test:0 inbox_fifo_semantics_test">
    <system-out>
    </system-out>
  </testcase>
  <testcase time="0.002" name="aos_math_test:0 addition_test">
    <system-out>
    </system-out>
  </testcase>
  <testcase time="0.002" name="aos_math_test:0 subtraction_test">
    <system-out>
    </system-out>
  </testcase>
  <testcase time="0.002" name="aos_math_test:0 multiplication_test">
    <system-out>
    </system-out>
  </testcase>
  <testcase time="0.002" name="aos_math_test:0 division_test">
    <system-out>
    </system-out>
  </testcase>
  <testcase time="0.002" name="aos_math_test:0 exponentiation_test">
    <system-out>
    </system-out>
  </testcase>
  <testcase time="0.001" name="aos_math_test:0 complex_expression_test">
    <system-out>
    </system-out>
  </testcase>
  <testcase time="0.001" name="aos_math_test:0 modulo_test">
    <system-out>
    </system-out>
  </testcase>
  <testcase time="0.002" name="aos_math_test:0 floating_point_test">
    <system-out>
    </system-out>
  </testcase>
  <testcase time="0.002" name="aos_security_test:0 eval_with_valid_commitments_test">
    <system-out>
    </system-out>
  </testcase>
  <testcase time="0.001" name="aos_security_test:0 eval_with_invalid_commitments_test">
    <system-out>
    </system-out>
  </testcase>
  <testcase time="0.001" name="aos_security_test:0 eval_without_commitments_test">
    <system-out>
    </system-out>
  </testcase>
  <testcase time="0.001" name="aos_security_test:0 process_initialization_test">
    <system-out>
    </system-out>
  </testcase>
  <testcase time="0.001" name="aos_security_test:0 authorities_set_initialization_test">
    <system-out>
    </system-out>
  </testcase>
  <testcase time="0.001" name="aos_security_test:0 authorities_set_lookup_test">
    <system-out>
    </system-out>
  </testcase>
  <testcase time="0.001" name="aos_security_test:0 authorities_no_duplicates_test">
    <system-out>
    </system-out>
  </testcase>
  <testcase time="0.001" name="aos_security_test:0 authorities_validation_test">
    <system-out>
    </system-out>
  </testcase>
</testsuite>
