<?xml version="1.0" encoding="UTF-8" ?>
<testsuite tests="5" failures="0" errors="5" skipped="0" time="0.015" name="module 'aos_owner_test'">
  <testcase time="0.000" name="aos_owner_test:0 matching_committer_test">
    <error type="error">
::in function aos_test_helpers:initialize_aos/0 (/Users/rakis/sandbox/hyper-aos/aos_test_suite/test/helpers/aos_test_helpers.erl, line 163)
in call from aos_owner_test:matching_committer_test/0 (/Users/rakis/sandbox/hyper-aos/aos_test_suite/test/security/aos_owner_test.erl, line 7)
in call from eunit_test:'-mf_wrapper/2-fun-0-'/2 (eunit_test.erl, line 285)
in call from eunit_test:run_testfun/1 (eunit_test.erl, line 83)
in call from eunit_proc:run_test/1 (eunit_proc.erl, line 554)
in call from eunit_proc:with_timeout/3 (eunit_proc.erl, line 379)
in call from eunit_proc:handle_test/2 (eunit_proc.erl, line 537)
in call from eunit_proc:tests_inorder/3 (eunit_proc.erl, line 479)
**error:{badmatch,{error,enoent}}
    </error>
    <system-out>
    </system-out>
  </testcase>
  <testcase time="0.000" name="aos_owner_test:0 different_committer_test">
    <error type="error">
::in function aos_test_helpers:initialize_aos/0 (/Users/rakis/sandbox/hyper-aos/aos_test_suite/test/helpers/aos_test_helpers.erl, line 163)
in call from aos_owner_test:different_committer_test/0 (/Users/rakis/sandbox/hyper-aos/aos_test_suite/test/security/aos_owner_test.erl, line 28)
in call from eunit_test:'-mf_wrapper/2-fun-0-'/2 (eunit_test.erl, line 285)
in call from eunit_test:run_testfun/1 (eunit_test.erl, line 83)
in call from eunit_proc:run_test/1 (eunit_proc.erl, line 554)
in call from eunit_proc:with_timeout/3 (eunit_proc.erl, line 379)
in call from eunit_proc:handle_test/2 (eunit_proc.erl, line 537)
in call from eunit_proc:tests_inorder/3 (eunit_proc.erl, line 479)
**error:{badmatch,{error,enoent}}
    </error>
    <system-out>
    </system-out>
  </testcase>
  <testcase time="0.000" name="aos_owner_test:0 no_owner_set_test">
    <error type="error">
::in function aos_test_helpers:initialize_aos/0 (/Users/rakis/sandbox/hyper-aos/aos_test_suite/test/helpers/aos_test_helpers.erl, line 163)
in call from aos_owner_test:no_owner_set_test/0 (/Users/rakis/sandbox/hyper-aos/aos_test_suite/test/security/aos_owner_test.erl, line 48)
in call from eunit_test:'-mf_wrapper/2-fun-0-'/2 (eunit_test.erl, line 285)
in call from eunit_test:run_testfun/1 (eunit_test.erl, line 83)
in call from eunit_proc:run_test/1 (eunit_proc.erl, line 554)
in call from eunit_proc:with_timeout/3 (eunit_proc.erl, line 379)
in call from eunit_proc:handle_test/2 (eunit_proc.erl, line 537)
in call from eunit_proc:tests_inorder/3 (eunit_proc.erl, line 479)
**error:{badmatch,{error,enoent}}
    </error>
    <system-out>
    </system-out>
  </testcase>
  <testcase time="0.000" name="aos_owner_test:0 hmac_committer_ignored_test">
    <error type="error">
::in function aos_test_helpers:initialize_aos/0 (/Users/rakis/sandbox/hyper-aos/aos_test_suite/test/helpers/aos_test_helpers.erl, line 163)
in call from aos_owner_test:hmac_committer_ignored_test/0 (/Users/rakis/sandbox/hyper-aos/aos_test_suite/test/security/aos_owner_test.erl, line 68)
in call from eunit_test:'-mf_wrapper/2-fun-0-'/2 (eunit_test.erl, line 285)
in call from eunit_test:run_testfun/1 (eunit_test.erl, line 83)
in call from eunit_proc:run_test/1 (eunit_proc.erl, line 554)
in call from eunit_proc:with_timeout/3 (eunit_proc.erl, line 379)
in call from eunit_proc:handle_test/2 (eunit_proc.erl, line 537)
in call from eunit_proc:tests_inorder/3 (eunit_proc.erl, line 479)
**error:{badmatch,{error,enoent}}
    </error>
    <system-out>
    </system-out>
  </testcase>
  <testcase time="0.000" name="aos_owner_test:0 multiple_commitments_test">
    <error type="error">
::in function aos_test_helpers:initialize_aos/0 (/Users/rakis/sandbox/hyper-aos/aos_test_suite/test/helpers/aos_test_helpers.erl, line 163)
in call from aos_owner_test:multiple_commitments_test/0 (/Users/rakis/sandbox/hyper-aos/aos_test_suite/test/security/aos_owner_test.erl, line 97)
in call from eunit_test:'-mf_wrapper/2-fun-0-'/2 (eunit_test.erl, line 285)
in call from eunit_test:run_testfun/1 (eunit_test.erl, line 83)
in call from eunit_proc:run_test/1 (eunit_proc.erl, line 554)
in call from eunit_proc:with_timeout/3 (eunit_proc.erl, line 379)
in call from eunit_proc:handle_test/2 (eunit_proc.erl, line 537)
in call from eunit_proc:tests_inorder/3 (eunit_proc.erl, line 479)
**error:{badmatch,{error,enoent}}
    </error>
    <system-out>
    </system-out>
  </testcase>
</testsuite>
