<?xml version="1.0" encoding="UTF-8" ?>
<testsuite tests="6" failures="0" errors="6" skipped="0" time="0.018" name="module 'simple_security_test'">
  <testcase time="0.000" name="simple_security_test:0 no_owner_initialized_test">
    <error type="error">
::in function aos_test_helpers:initialize_aos/0 (/Users/rakis/sandbox/hyper-aos/aos_test_suite/test/helpers/aos_test_helpers.erl, line 163)
in call from simple_security_test:no_owner_initialized_test/0 (/Users/rakis/sandbox/hyper-aos/aos_test_suite/test/security/simple_security_test.erl, line 7)
in call from eunit_test:'-mf_wrapper/2-fun-0-'/2 (eunit_test.erl, line 285)
in call from eunit_test:run_testfun/1 (eunit_test.erl, line 83)
in call from eunit_proc:run_test/1 (eunit_proc.erl, line 554)
in call from eunit_proc:with_timeout/3 (eunit_proc.erl, line 379)
in call from eunit_proc:handle_test/2 (eunit_proc.erl, line 537)
in call from eunit_proc:tests_inorder/3 (eunit_proc.erl, line 479)
**error:{badmatch,{error,enoent}}
    </error>
    <system-out>
    </system-out>
  </testcase>
  <testcase time="0.000" name="simple_security_test:0 matching_commitment_test">
    <error type="error">
::in function aos_test_helpers:initialize_aos/0 (/Users/rakis/sandbox/hyper-aos/aos_test_suite/test/helpers/aos_test_helpers.erl, line 163)
in call from simple_security_test:matching_commitment_test/0 (/Users/rakis/sandbox/hyper-aos/aos_test_suite/test/security/simple_security_test.erl, line 27)
in call from eunit_test:'-mf_wrapper/2-fun-0-'/2 (eunit_test.erl, line 285)
in call from eunit_test:run_testfun/1 (eunit_test.erl, line 83)
in call from eunit_proc:run_test/1 (eunit_proc.erl, line 554)
in call from eunit_proc:with_timeout/3 (eunit_proc.erl, line 379)
in call from eunit_proc:handle_test/2 (eunit_proc.erl, line 537)
in call from eunit_proc:tests_inorder/3 (eunit_proc.erl, line 479)
**error:{badmatch,{error,enoent}}
    </error>
    <system-out>
    </system-out>
  </testcase>
  <testcase time="0.000" name="simple_security_test:0 missing_commitment_test">
    <error type="error">
::in function aos_test_helpers:initialize_aos/0 (/Users/rakis/sandbox/hyper-aos/aos_test_suite/test/helpers/aos_test_helpers.erl, line 163)
in call from simple_security_test:missing_commitment_test/0 (/Users/rakis/sandbox/hyper-aos/aos_test_suite/test/security/simple_security_test.erl, line 48)
in call from eunit_test:'-mf_wrapper/2-fun-0-'/2 (eunit_test.erl, line 285)
in call from eunit_test:run_testfun/1 (eunit_test.erl, line 83)
in call from eunit_proc:run_test/1 (eunit_proc.erl, line 554)
in call from eunit_proc:with_timeout/3 (eunit_proc.erl, line 379)
in call from eunit_proc:handle_test/2 (eunit_proc.erl, line 537)
in call from eunit_proc:tests_inorder/3 (eunit_proc.erl, line 479)
**error:{badmatch,{error,enoent}}
    </error>
    <system-out>
    </system-out>
  </testcase>
  <testcase time="0.000" name="simple_security_test:0 different_committer_test">
    <error type="error">
::in function aos_test_helpers:initialize_aos/0 (/Users/rakis/sandbox/hyper-aos/aos_test_suite/test/helpers/aos_test_helpers.erl, line 163)
in call from simple_security_test:different_committer_test/0 (/Users/rakis/sandbox/hyper-aos/aos_test_suite/test/security/simple_security_test.erl, line 67)
in call from eunit_test:'-mf_wrapper/2-fun-0-'/2 (eunit_test.erl, line 285)
in call from eunit_test:run_testfun/1 (eunit_test.erl, line 83)
in call from eunit_proc:run_test/1 (eunit_proc.erl, line 554)
in call from eunit_proc:with_timeout/3 (eunit_proc.erl, line 379)
in call from eunit_proc:handle_test/2 (eunit_proc.erl, line 537)
in call from eunit_proc:tests_inorder/3 (eunit_proc.erl, line 479)
**error:{badmatch,{error,enoent}}
    </error>
    <system-out>
    </system-out>
  </testcase>
  <testcase time="0.000" name="simple_security_test:0 wrong_commitment_type_test">
    <error type="error">
::in function aos_test_helpers:initialize_aos/0 (/Users/rakis/sandbox/hyper-aos/aos_test_suite/test/helpers/aos_test_helpers.erl, line 163)
in call from simple_security_test:wrong_commitment_type_test/0 (/Users/rakis/sandbox/hyper-aos/aos_test_suite/test/security/simple_security_test.erl, line 87)
in call from eunit_test:'-mf_wrapper/2-fun-0-'/2 (eunit_test.erl, line 285)
in call from eunit_test:run_testfun/1 (eunit_test.erl, line 83)
in call from eunit_proc:run_test/1 (eunit_proc.erl, line 554)
in call from eunit_proc:with_timeout/3 (eunit_proc.erl, line 379)
in call from eunit_proc:handle_test/2 (eunit_proc.erl, line 537)
in call from eunit_proc:tests_inorder/3 (eunit_proc.erl, line 479)
**error:{badmatch,{error,enoent}}
    </error>
    <system-out>
    </system-out>
  </testcase>
  <testcase time="0.000" name="simple_security_test:0 hmac_commitment_test">
    <error type="error">
::in function aos_test_helpers:initialize_aos/0 (/Users/rakis/sandbox/hyper-aos/aos_test_suite/test/helpers/aos_test_helpers.erl, line 163)
in call from simple_security_test:hmac_commitment_test/0 (/Users/rakis/sandbox/hyper-aos/aos_test_suite/test/security/simple_security_test.erl, line 116)
in call from eunit_test:'-mf_wrapper/2-fun-0-'/2 (eunit_test.erl, line 285)
in call from eunit_test:run_testfun/1 (eunit_test.erl, line 83)
in call from eunit_proc:run_test/1 (eunit_proc.erl, line 554)
in call from eunit_proc:with_timeout/3 (eunit_proc.erl, line 379)
in call from eunit_proc:handle_test/2 (eunit_proc.erl, line 537)
in call from eunit_proc:tests_inorder/3 (eunit_proc.erl, line 479)
**error:{badmatch,{error,enoent}}
    </error>
    <system-out>
    </system-out>
  </testcase>
</testsuite>
