<?xml version="1.0" encoding="UTF-8" ?>
<testsuite tests="5" failures="0" errors="5" skipped="0" time="0.015" name="module 'aos_process_init_test'">
  <testcase time="0.000" name="aos_process_init_test:0 process_message_sets_owner_test">
    <error type="error">
::in function aos_test_helpers:initialize_aos/0 (/Users/rakis/sandbox/hyper-aos/aos_test_suite/test/helpers/aos_test_helpers.erl, line 163)
in call from aos_process_init_test:process_message_sets_owner_test/0 (/Users/rakis/sandbox/hyper-aos/aos_test_suite/test/security/aos_process_init_test.erl, line 7)
in call from eunit_test:'-mf_wrapper/2-fun-0-'/2 (eunit_test.erl, line 285)
in call from eunit_test:run_testfun/1 (eunit_test.erl, line 83)
in call from eunit_proc:run_test/1 (eunit_proc.erl, line 554)
in call from eunit_proc:with_timeout/3 (eunit_proc.erl, line 379)
in call from eunit_proc:handle_test/2 (eunit_proc.erl, line 537)
in call from eunit_proc:tests_inorder/3 (eunit_proc.erl, line 479)
**error:{badmatch,{error,enoent}}
    </error>
    <system-out>
    </system-out>
  </testcase>
  <testcase time="0.000" name="aos_process_init_test:0 non_process_message_ignored_test">
    <error type="error">
::in function aos_test_helpers:initialize_aos/0 (/Users/rakis/sandbox/hyper-aos/aos_test_suite/test/helpers/aos_test_helpers.erl, line 163)
in call from aos_process_init_test:non_process_message_ignored_test/0 (/Users/rakis/sandbox/hyper-aos/aos_test_suite/test/security/aos_process_init_test.erl, line 26)
in call from eunit_test:'-mf_wrapper/2-fun-0-'/2 (eunit_test.erl, line 285)
in call from eunit_test:run_testfun/1 (eunit_test.erl, line 83)
in call from eunit_proc:run_test/1 (eunit_proc.erl, line 554)
in call from eunit_proc:with_timeout/3 (eunit_proc.erl, line 379)
in call from eunit_proc:handle_test/2 (eunit_proc.erl, line 537)
in call from eunit_proc:tests_inorder/3 (eunit_proc.erl, line 479)
**error:{badmatch,{error,enoent}}
    </error>
    <system-out>
    </system-out>
  </testcase>
  <testcase time="0.000" name="aos_process_init_test:0 hmac_commitment_skipped_test">
    <error type="error">
::in function aos_test_helpers:initialize_aos/0 (/Users/rakis/sandbox/hyper-aos/aos_test_suite/test/helpers/aos_test_helpers.erl, line 163)
in call from aos_process_init_test:hmac_commitment_skipped_test/0 (/Users/rakis/sandbox/hyper-aos/aos_test_suite/test/security/aos_process_init_test.erl, line 57)
in call from eunit_test:'-mf_wrapper/2-fun-0-'/2 (eunit_test.erl, line 285)
in call from eunit_test:run_testfun/1 (eunit_test.erl, line 83)
in call from eunit_proc:run_test/1 (eunit_proc.erl, line 554)
in call from eunit_proc:with_timeout/3 (eunit_proc.erl, line 379)
in call from eunit_proc:handle_test/2 (eunit_proc.erl, line 537)
in call from eunit_proc:tests_inorder/3 (eunit_proc.erl, line 479)
**error:{badmatch,{error,enoent}}
    </error>
    <system-out>
    </system-out>
  </testcase>
  <testcase time="0.000" name="aos_process_init_test:0 initialized_flag_prevents_reset_test">
    <error type="error">
::in function aos_test_helpers:initialize_aos/0 (/Users/rakis/sandbox/hyper-aos/aos_test_suite/test/helpers/aos_test_helpers.erl, line 163)
in call from aos_process_init_test:initialized_flag_prevents_reset_test/0 (/Users/rakis/sandbox/hyper-aos/aos_test_suite/test/security/aos_process_init_test.erl, line 89)
in call from eunit_test:'-mf_wrapper/2-fun-0-'/2 (eunit_test.erl, line 285)
in call from eunit_test:run_testfun/1 (eunit_test.erl, line 83)
in call from eunit_proc:run_test/1 (eunit_proc.erl, line 554)
in call from eunit_proc:with_timeout/3 (eunit_proc.erl, line 379)
in call from eunit_proc:handle_test/2 (eunit_proc.erl, line 537)
in call from eunit_proc:tests_inorder/3 (eunit_proc.erl, line 479)
**error:{badmatch,{error,enoent}}
    </error>
    <system-out>
    </system-out>
  </testcase>
  <testcase time="0.000" name="aos_process_init_test:0 eval_after_process_init_test">
    <error type="error">
::in function aos_test_helpers:initialize_aos/0 (/Users/rakis/sandbox/hyper-aos/aos_test_suite/test/helpers/aos_test_helpers.erl, line 163)
in call from aos_process_init_test:eval_after_process_init_test/0 (/Users/rakis/sandbox/hyper-aos/aos_test_suite/test/security/aos_process_init_test.erl, line 114)
in call from eunit_test:'-mf_wrapper/2-fun-0-'/2 (eunit_test.erl, line 285)
in call from eunit_test:run_testfun/1 (eunit_test.erl, line 83)
in call from eunit_proc:run_test/1 (eunit_proc.erl, line 554)
in call from eunit_proc:with_timeout/3 (eunit_proc.erl, line 379)
in call from eunit_proc:handle_test/2 (eunit_proc.erl, line 537)
in call from eunit_proc:tests_inorder/3 (eunit_proc.erl, line 479)
**error:{badmatch,{error,enoent}}
    </error>
    <system-out>
    </system-out>
  </testcase>
</testsuite>
