<?xml version="1.0" encoding="UTF-8" ?>
<testsuite tests="12" failures="0" errors="6" skipped="0" time="0.042" name="module 'simple_utils_integration_test'">
  <testcase time="0.000" name="simple_utils_integration_test:0 utils_basic_loading_test">
    <system-out>
    </system-out>
  </testcase>
  <testcase time="0.000" name="simple_utils_integration_test:0 utils_basic_functions_test">
    <system-out>
    </system-out>
  </testcase>
  <testcase time="0.000" name="simple_utils_integration_test:0 utils_pattern_matching_test">
    <system-out>
    </system-out>
  </testcase>
  <testcase time="0.000" name="simple_utils_integration_test:0 utils_curry_test">
    <system-out>
    </system-out>
  </testcase>
  <testcase time="0.000" name="simple_utils_integration_test:0 utils_message_spec_test">
    <system-out>
    </system-out>
  </testcase>
  <testcase time="0.000" name="simple_utils_integration_test:0 utils_array_functions_test">
    <system-out>
    </system-out>
  </testcase>
  <testcase time="0.001" name="simple_utils_integration_test:54 -utils_basic_loading_test/0-fun-2- (Utils basic loading)">
    <error type="error">
::in function simple_utils_integration_test:'-utils_basic_loading_test/0-fun-2-'/0 (/Users/rakis/sandbox/hyper-aos/aos_test_suite/test/integration/simple_utils_integration_test.erl, line 57)
in call from eunit_test:run_testfun/1 (eunit_test.erl, line 83)
in call from eunit_proc:run_test/1 (eunit_proc.erl, line 554)
in call from eunit_proc:with_timeout/3 (eunit_proc.erl, line 379)
in call from eunit_proc:handle_test/2 (eunit_proc.erl, line 537)
in call from eunit_proc:tests_inorder/3 (eunit_proc.erl, line 479)
in call from eunit_proc:with_timeout/3 (eunit_proc.erl, line 369)
in call from eunit_proc:run_group/2 (eunit_proc.erl, line 593)
**error:{badmatch,
 {ok,
  [{tref,14}],
  {luerl,
   {tstruct,
    #{0 =&gt;
       {table,
        {array,0,10,nil,10},
        {{{{empty,&lt;&lt;"_G"&gt;&gt;,{tref,0},empty,&lt;&lt;"_VERSION"&gt;&gt;,&lt;&lt;"Lua 5.3"&gt;&gt;,empty},
           &lt;&lt;"assert"&gt;&gt;,
           {erl_mfa,luerl_lib_basic,assert,undefined},
           {empty,&lt;&lt;"bit32"&gt;&gt;,{tref,5},empty},
           &lt;&lt;"collectgarbage"&gt;&gt;,
           {erl_mfa,luerl_lib_basic,collectgarbage,undefined},
           {empty,&lt;&lt;"debug"&gt;&gt;,{tref,13},empty}},
          &lt;&lt;"dofile"&gt;&gt;,
          {erl_mfa,luerl_lib_basic,dofile,undefined},
          {{empty,&lt;&lt;"eprint"&gt;&gt;,
            {erl_mfa,luerl_lib_basic,eprint,undefined},
            empty},
           &lt;&lt;"error"&gt;&gt;,
           {erl_mfa,luerl_lib_basic,error_call,undefined},
           {empty,&lt;&lt;"getmetatable"&gt;&gt;,
            {erl_mfa,luerl_lib_basic,getmetatable,undefined},
            empty,&lt;&lt;"io"&gt;&gt;,
            {tref,6},
            empty}}},
         &lt;&lt;"ipairs"&gt;&gt;,
         {erl_mfa,luerl_lib_basic,ipairs,undefined},
         {{{empty,&lt;&lt;"load"&gt;&gt;,{erl_mfa,luerl_lib_basic,load,undefined},empty},
           &lt;&lt;"loadfile"&gt;&gt;,
           {erl_mfa,luerl_lib_basic,loadfile,undefined},
           {empty,&lt;&lt;"loadstring"&gt;&gt;,
            {erl_mfa,luerl_lib_basic,loadstring,undefined},
            empty,&lt;&lt;"math"&gt;&gt;,
            {tref,7},
            empty}},
          &lt;&lt;"next"&gt;&gt;,
          {erl_mfa,luerl_lib_basic,next,undefined},
          {{empty,&lt;&lt;"os"&gt;&gt;,{tref,8},empty},
           &lt;&lt;"package"&gt;&gt;,
           {tref,4},
           {empty,&lt;&lt;"pairs"&gt;&gt;,{erl_mfa,luerl_lib_basic,pairs,undefined},empty},
           &lt;&lt;"pcall"&gt;&gt;,
           {erl_mfa,luerl_lib_basic,pcall,undefined},
           {empty,&lt;&lt;"print"&gt;&gt;,
            {erl_mfa,luerl_lib_basic,print,undefined},
            empty}}},
         &lt;&lt;"rawequal"&gt;&gt;,
         {erl_mfa,luerl_lib_basic,rawequal,undefined},
         {{{empty,&lt;&lt;"rawget"&gt;&gt;,
            {erl_mfa,luerl_lib_basic,rawget,undefined},
            empty},
           &lt;&lt;"rawlen"&gt;&gt;,
           {erl_mfa,luerl_lib_basic,rawlen,undefined},
           {empty,&lt;&lt;"rawset"&gt;&gt;,
            {erl_mfa,luerl_lib_basic,rawset,undefined},
            empty,&lt;&lt;"require"&gt;&gt;,
            {erl_mfa,luerl_lib_package,require,undefined},
            empty}},
          &lt;&lt;"select"&gt;&gt;,
          {erl_mfa,luerl_lib_basic,select,undefined},
          {{empty,&lt;&lt;"setmetatable"&gt;&gt;,
            {erl_mfa,luerl_lib_basic,setmetatable,undefined},
            empty},
           &lt;&lt;"string"&gt;&gt;,
           {tref,9},
           {empty,&lt;&lt;"table"&gt;&gt;,{tref,12},empty}},
          &lt;&lt;"tonumber"&gt;&gt;,
          {erl_mfa,luerl_lib_basic,tonumber,undefined},
          {{empty,&lt;&lt;"tostring"&gt;&gt;,
            {erl_mfa,luerl_lib_basic,tostring,undefined},
            empty},
           &lt;&lt;"type"&gt;&gt;,
           {erl_mfa,luerl_lib_basic,type,undefined},
           {empty,&lt;&lt;"unpack"&gt;&gt;,
            {erl_mfa,luerl_lib_basic,unpack,undefined},
            empty,&lt;&lt;"utf8"&gt;&gt;,
            {tref,11},
            empty}}}},
        nil},
      1 =&gt;
       {table,
        {array,3,10,nil,
         {nil,
          {erl_mfa,luerl_lib_package,preload_searcher,undefined},
          {erl_mfa,luerl_lib_package,lua_searcher,undefined},
          nil,nil,nil,nil,nil,nil,nil}},
        empty,nil},
      2 =&gt;
       {table,
        {array,0,10,nil,10},
        {{{empty,&lt;&lt;"_G"&gt;&gt;,{tref,0},empty},
          &lt;&lt;"bit32"&gt;&gt;,
          {tref,5},
          {empty,&lt;&lt;"debug"&gt;&gt;,{tref,13},empty},
          &lt;&lt;"io"&gt;&gt;,
          {tref,6},
          {empty,&lt;&lt;"math"&gt;&gt;,{tref,7},empty}},
         &lt;&lt;"os"&gt;&gt;,
         {tref,8},
         {{empty,&lt;&lt;"package"&gt;&gt;,{tref,4},empty},
          &lt;&lt;"string"&gt;&gt;,
          {tref,9},
          {empty,&lt;&lt;"table"&gt;&gt;,{tref,12},empty,&lt;&lt;"utf8"&gt;&gt;,{tref,11},empty}}},
        nil},
      3 =&gt; {table,{array,0,10,nil,10},empty,nil},
      4 =&gt;
       {table,
        {array,0,10,nil,10},
        {{empty,&lt;&lt;"config"&gt;&gt;,&lt;&lt;"/\n;\n?\n!\n-\n"&gt;&gt;,empty},
         &lt;&lt;"loaded"&gt;&gt;,
         {tref,2},
         {empty,&lt;&lt;"path"&gt;&gt;,&lt;&lt;"./?.lua;./?/init.lua"&gt;&gt;,empty},
         &lt;&lt;"preload"&gt;&gt;,
         {tref,3},
         {empty,&lt;&lt;"searchers"&gt;&gt;,
          {tref,1},
          empty,&lt;&lt;"searchpath"&gt;&gt;,
          {erl_mfa,luerl_lib_package,searchpath,undefined},
          empty}},
        nil},
      5 =&gt;
       {table,
        {array,0,10,nil,10},
        {{{empty,&lt;&lt;"arshift"&gt;&gt;,
           {erl_mfa,luerl_lib_bit32,farshift,undefined},
           empty,&lt;&lt;"band"&gt;&gt;,
           {erl_mfa,luerl_lib_bit32,fband,undefined},
           empty},
          &lt;&lt;"bnot"&gt;&gt;,
          {erl_mfa,luerl_lib_bit32,fbnot,undefined},
          {empty,&lt;&lt;"bor"&gt;&gt;,{erl_mfa,luerl_lib_bit32,fbor,undefined},empty}},
         &lt;&lt;"btest"&gt;&gt;,
         {erl_mfa,luerl_lib_bit32,fbtest,undefined},
         {{empty,&lt;&lt;"bxor"&gt;&gt;,{erl_mfa,luerl_lib_bit32,fbxor,undefined},empty},
          &lt;&lt;"extract"&gt;&gt;,
          {erl_mfa,luerl_lib_bit32,fextract,undefined},
          {empty,&lt;&lt;"lrotate"&gt;&gt;,
           {erl_mfa,luerl_lib_bit32,flrotate,undefined},
           empty}},
         &lt;&lt;"lshift"&gt;&gt;,
         {erl_mfa,luerl_lib_bit32,flshift,undefined},
         {{empty,&lt;&lt;"replace"&gt;&gt;,
           {erl_mfa,luerl_lib_bit32,freplace,undefined},
           empty},
          &lt;&lt;"rrotate"&gt;&gt;,
          {erl_mfa,luerl_lib_bit32,frrotate,undefined},
          {empty,&lt;&lt;"rshift"&gt;&gt;,
           {erl_mfa,luerl_lib_bit32,frshift,undefined},
           empty}}},
        nil},
      6 =&gt;
       {table,
        {array,0,10,nil,10},
        {empty,&lt;&lt;"flush"&gt;&gt;,
         {erl_mfa,luerl_lib_io,flush,undefined},
         empty,&lt;&lt;"write"&gt;&gt;,
         {erl_mfa,luerl_lib_io,write,undefined},
         empty},
        nil},
      7 =&gt;
       {table,
        {array,0,10,nil,10},
        {{{{{empty,&lt;&lt;"abs"&gt;&gt;,{erl_mfa,luerl_lib_math,abs,undefined},empty},
            &lt;&lt;"acos"&gt;&gt;,
            {erl_mfa,luerl_lib_math,acos,undefined},
            {empty,&lt;&lt;"asin"&gt;&gt;,{erl_mfa,luerl_lib_math,asin,undefined},empty}},
           &lt;&lt;"atan"&gt;&gt;,
           {erl_mfa,luerl_lib_math,atan,undefined},
           {{empty,&lt;&lt;"atan2"&gt;&gt;,{erl_mfa,luerl_lib_math,atan2,undefined},empty},
            &lt;&lt;"ceil"&gt;&gt;,
            {erl_mfa,luerl_lib_math,ceil,undefined},
            {empty,&lt;&lt;"cos"&gt;&gt;,{erl_mfa,luerl_lib_math,cos,undefined},empty}}},
          &lt;&lt;"cosh"&gt;&gt;,
          {erl_mfa,luerl_lib_math,cosh,undefined},
          {{{empty,&lt;&lt;"deg"&gt;&gt;,{erl_mfa,luerl_lib_math,deg,undefined},empty},
            &lt;&lt;"exp"&gt;&gt;,
            {erl_mfa,luerl_lib_math,exp,undefined},
            {empty,&lt;&lt;"floor"&gt;&gt;,
             {erl_mfa,luerl_lib_math,floor,undefined},
             empty}},
           &lt;&lt;"fmod"&gt;&gt;,
           {erl_mfa,luerl_lib_math,fmod,undefined},
           {{empty,&lt;&lt;"frexp"&gt;&gt;,{erl_mfa,luerl_lib_math,frexp,undefined},empty},
            &lt;&lt;"huge"&gt;&gt;,1.7976931348623157e308,
            {empty,&lt;&lt;"ldexp"&gt;&gt;,
             {erl_mfa,luerl_lib_math,ldexp,undefined},
             empty}}}},
         &lt;&lt;"log"&gt;&gt;,
         {erl_mfa,luerl_lib_math,log,undefined},
         {{{{empty,&lt;&lt;"log10"&gt;&gt;,{erl_mfa,luerl_lib_math,log10,undefined},empty},
            &lt;&lt;"max"&gt;&gt;,
            {erl_mfa,luerl_lib_math,max,undefined},
            {empty,&lt;&lt;"maxinteger"&gt;&gt;,9223372036854775807,empty}},
           &lt;&lt;"min"&gt;&gt;,
           {erl_mfa,luerl_lib_math,min,undefined},
           {{empty,&lt;&lt;"mininteger"&gt;&gt;,-9223372036854775808,empty},
            &lt;&lt;"modf"&gt;&gt;,
            {erl_mfa,luerl_lib_math,modf,undefined},
            {empty,&lt;&lt;"pi"&gt;&gt;,3.141592653589793,empty}}},
          &lt;&lt;"pow"&gt;&gt;,
          {erl_mfa,luerl_lib_math,pow,undefined},
          {{{empty,&lt;&lt;"rad"&gt;&gt;,{erl_mfa,luerl_lib_math,rad,undefined},empty},
            &lt;&lt;"random"&gt;&gt;,
            {erl_mfa,luerl_lib_math,random,undefined},
            {empty,&lt;&lt;"randomseed"&gt;&gt;,
             {erl_mfa,luerl_lib_math,randomseed,undefined},
             empty}},
           &lt;&lt;"sin"&gt;&gt;,
           {erl_mfa,luerl_lib_math,sin,undefined},
           {{empty,&lt;&lt;"sinh"&gt;&gt;,{erl_mfa,luerl_lib_math,sinh,undefined},empty},
            &lt;&lt;"sqrt"&gt;&gt;,
            {erl_mfa,luerl_lib_math,sqrt,undefined},
            {empty,&lt;&lt;"tan"&gt;&gt;,{erl_mfa,luerl_lib_math,tan,undefined},empty},
            &lt;&lt;"tanh"&gt;&gt;,
            {erl_mfa,luerl_lib_math,tanh,undefined},
            {empty,&lt;&lt;"tointeger"&gt;&gt;,
             {erl_mfa,luerl_lib_math,tointeger,undefined},
             empty,&lt;&lt;"type"&gt;&gt;,
             {erl_mfa,luerl_lib_math,type,undefined},
             empty}}}}},
        nil},
      8 =&gt;
       {table,
        {array,0,10,nil,10},
        {{{empty,&lt;&lt;"clock"&gt;&gt;,{erl_mfa,luerl_lib_os,clock,undefined},empty},
          &lt;&lt;"date"&gt;&gt;,
          {erl_mfa,luerl_lib_os,date,undefined},
          {empty,&lt;&lt;"difftime"&gt;&gt;,
           {erl_mfa,luerl_lib_os,difftime,undefined},
           empty}},
         &lt;&lt;"execute"&gt;&gt;,
         {erl_mfa,luerl_lib_os,execute,undefined},
         {{empty,&lt;&lt;"exit"&gt;&gt;,{erl_mfa,luerl_lib_os,lua_exit,undefined},empty},
          &lt;&lt;"getenv"&gt;&gt;,
          {erl_mfa,luerl_lib_os,getenv,undefined},
          {empty,&lt;&lt;"remove"&gt;&gt;,{erl_mfa,luerl_lib_os,remove,undefined},empty},
          &lt;&lt;"rename"&gt;&gt;,
          {erl_mfa,luerl_lib_os,rename,undefined},
          {empty,&lt;&lt;"time"&gt;&gt;,
           {erl_mfa,luerl_lib_os,time,undefined},
           empty,&lt;&lt;"tmpname"&gt;&gt;,
           {erl_mfa,luerl_lib_os,tmpname,undefined},
           empty}}},
        nil},
      9 =&gt;
       {table,
        {array,0,10,nil,10},
        {{{empty,&lt;&lt;"byte"&gt;&gt;,{erl_mfa,luerl_lib_string,byte,undefined},empty},
          &lt;&lt;"char"&gt;&gt;,
          {erl_mfa,luerl_lib_string,char,undefined},
          {empty,&lt;&lt;"dump"&gt;&gt;,{erl_mfa,luerl_lib_string,dump,undefined},empty}},
         &lt;&lt;"find"&gt;&gt;,
         {erl_mfa,luerl_lib_string,find,undefined},
         {{empty,&lt;&lt;"format"&gt;&gt;,
           {erl_mfa,luerl_lib_string,format,undefined},
           empty},
          &lt;&lt;"gmatch"&gt;&gt;,
          {erl_mfa,luerl_lib_string,gmatch,undefined},
          {empty,&lt;&lt;"gsub"&gt;&gt;,{erl_mfa,luerl_lib_string,gsub,undefined},empty}},
         &lt;&lt;"len"&gt;&gt;,
         {erl_mfa,luerl_lib_string,len,undefined},
         {{empty,&lt;&lt;"lower"&gt;&gt;,{erl_mfa,luerl_lib_string,lower,undefined},empty},
          &lt;&lt;"match"&gt;&gt;,
          {erl_mfa,luerl_lib_string,match,undefined},
          {empty,&lt;&lt;"rep"&gt;&gt;,{erl_mfa,luerl_lib_string,rep,undefined},empty},
          &lt;&lt;"reverse"&gt;&gt;,
          {erl_mfa,luerl_lib_string,reverse,undefined},
          {empty,&lt;&lt;"sub"&gt;&gt;,
           {erl_mfa,luerl_lib_string,sub,undefined},
           empty,&lt;&lt;"upper"&gt;&gt;,
           {erl_mfa,luerl_lib_string,upper,undefined},
           empty}}},
        nil},
      10 =&gt;
       {table,{array,0,10,nil,10},{empty,&lt;&lt;"__index"&gt;&gt;,{tref,9},empty},nil},
      11 =&gt;
       {table,
        {array,0,10,nil,10},
        {{empty,&lt;&lt;"char"&gt;&gt;,{erl_mfa,luerl_lib_utf8,utf8_char,undefined},empty},
         &lt;&lt;"charpattern"&gt;&gt;,
         &lt;&lt;91,0,45,127,194,45,244,93,91,128,45,191,93,42&gt;&gt;,
         {empty,&lt;&lt;"codepoint"&gt;&gt;,
          {erl_mfa,luerl_lib_utf8,codepoint,undefined},
          empty},
         &lt;&lt;"codes"&gt;&gt;,
         {erl_mfa,luerl_lib_utf8,codes,undefined},
         {empty,&lt;&lt;"len"&gt;&gt;,
          {erl_mfa,luerl_lib_utf8,utf8_len,undefined},
          empty,&lt;&lt;"offset"&gt;&gt;,
          {erl_mfa,luerl_lib_utf8,offset,undefined},
          empty}},
        nil},
      12 =&gt;
       {table,
        {array,0,10,nil,10},
        {{empty,&lt;&lt;"concat"&gt;&gt;,{erl_mfa,luerl_lib_table,concat,undefined},empty},
         &lt;&lt;"insert"&gt;&gt;,
         {erl_mfa,luerl_lib_table,insert,undefined},
         {empty,&lt;&lt;"pack"&gt;&gt;,{erl_mfa,luerl_lib_table,pack,undefined},empty},
         &lt;&lt;"remove"&gt;&gt;,
         {erl_mfa,luerl_lib_table,remove,undefined},
         {empty,&lt;&lt;"sort"&gt;&gt;,
          {erl_mfa,luerl_lib_table,sort,undefined},
          empty,&lt;&lt;"unpack"&gt;&gt;,
          {erl_mfa,luerl_lib_table,unpack,undefined},
          empty}},
        nil},
      13 =&gt;
       {table,
        {array,0,10,nil,10},
        {{empty,&lt;&lt;"getmetatable"&gt;&gt;,
          {erl_mfa,luerl_lib_debug,getmetatable,undefined},
          empty},
         &lt;&lt;"getuservalue"&gt;&gt;,
         {erl_mfa,luerl_lib_debug,getuservalue,undefined},
         {empty,&lt;&lt;"setmetatable"&gt;&gt;,
          {erl_mfa,luerl_lib_debug,setmetatable,undefined},
          empty,&lt;&lt;"setuservalue"&gt;&gt;,
          {erl_mfa,luerl_lib_debug,setuservalue,undefined},
          empty}},
        nil},
      14 =&gt;
       {table,
        {array,0,10,nil,10},
        {{{empty,&lt;&lt;"Tab"&gt;&gt;,{funref,23,[{eref,0}]},empty},
          &lt;&lt;"_version"&gt;&gt;,&lt;&lt;"0.0.5"&gt;&gt;,
          {empty,&lt;&lt;"compose"&gt;&gt;,{funref,4,[{eref,7},{eref,0}]},empty},
          &lt;&lt;"concat"&gt;&gt;,
          {funref,4,[{eref,1},{eref,0}]},
          {empty,&lt;&lt;"curry"&gt;&gt;,{funref,5,[{eref,0}]},empty}},
         &lt;&lt;"filter"&gt;&gt;,
         {funref,4,[{eref,4},{eref,0}]},
         {{empty,&lt;&lt;"find"&gt;&gt;,{funref,4,[{eref,5},{eref,0}]},empty},
          &lt;&lt;"includes"&gt;&gt;,
          {funref,4,[{eref,9},{eref,0}]},
          {empty,&lt;&lt;"keys"&gt;&gt;,
           {funref,21,[{eref,0}]},
           empty,&lt;&lt;"map"&gt;&gt;,
           {funref,4,[{eref,3},{eref,0}]},
           empty}},
         &lt;&lt;"matchesPattern"&gt;&gt;,
         {funref,0,[{eref,0}]},
         {{empty,&lt;&lt;"matchesSpec"&gt;&gt;,
           {funref,1,[{eref,0}]},
           empty,&lt;&lt;"prop"&gt;&gt;,
           {funref,4,[{eref,8},{eref,0}]},
           empty},
          &lt;&lt;"propEq"&gt;&gt;,
          {funref,4,[{eref,6},{eref,0}]},
          {empty,&lt;&lt;"reduce"&gt;&gt;,{funref,4,[{eref,2},{eref,0}]},empty},
          &lt;&lt;"reverse"&gt;&gt;,
          {funref,15,[{eref,0}]},
          {empty,&lt;&lt;"values"&gt;&gt;,{funref,22,[{eref,0}]},empty}}},
        nil}},
    [],15},
   {tstruct,
    #{0 =&gt; {{tref,14},{funref,2,[{eref,0}]}},
      1 =&gt; {{funref,6,[{eref,0}]},2},
      2 =&gt; {{funref,7,[{eref,0}]},3},
      3 =&gt; {{funref,9,[{eref,0}]},2},
      4 =&gt; {{funref,11,[{eref,0}]},2},
      5 =&gt; {{funref,12,[{eref,0}]},2},
      6 =&gt; {{funref,13,[{eref,0}]},3},
      7 =&gt; {{funref,17,[{eref,0}]},2},
      8 =&gt; {{funref,18,[{eref,0}]},2},
      9 =&gt; {{funref,20,[{eref,0}]},2}},
    [],10},
   {tstruct,#{},[],0},
   {tstruct,
    #{0 =&gt;
       {lua_func,
        [30,{file,&lt;&lt;"-no-file-"&gt;&gt;},{name,&lt;&lt;"utils.matchesPattern"&gt;&gt;}],
        [],3,0,
        [1,2,3],
        [{push_args,[1,2,3]},
         {store_lvar,1,3},
         {store_lvar,1,2},
         {store_lvar,1,1},
         {current_line,32,&lt;&lt;"-no-file-"&gt;&gt;},
         {push_lvar,1,1},
         {op,'not',1},
         {if_true,
          [{block_open,0,0},
           {current_line,33,&lt;&lt;"-no-file-"&gt;&gt;},
           {push_last_lit,false},
           {return,1},
           block_close]},
         {current_line,36,&lt;&lt;"-no-file-"&gt;&gt;},
         {push_lvar,1,1},
         {push_lit,&lt;&lt;"_"&gt;&gt;},
         {op,'==',2},
         {if_true,
          [{block_open,0,0},
           {current_line,37,&lt;&lt;"-no-file-"&gt;&gt;},
           {push_last_lit,true},
           {return,1},
           block_close]},
         {current_line,40,&lt;&lt;"-no-file-"&gt;&gt;},
         {push_gvar,&lt;&lt;"type"&gt;&gt;},
         {push_last_lvar,1,1},
         {pop_args,1},
         fcall,single,
         {push_lit,&lt;&lt;"function"&gt;&gt;},
         {op,'==',2},
         {if_true,
          [{block_open,0,0},
           {current_line,41,&lt;&lt;"-no-file-"&gt;&gt;},
           {push_lvar,2,1},
           {push_lvar,2,2},
           {push_last_lvar,2,3},
           {pop_args,2},
           fcall,single,
           {'if',
            [{block_open,0,0},
             {current_line,42,&lt;&lt;"-no-file-"&gt;&gt;},
             {push_last_lit,true},
             {return,1},
             block_close],
            [{block_open,0,0},
             {current_line,44,&lt;&lt;"-no-file-"&gt;&gt;},
             {push_last_lit,false},
             {return,1},
             block_close]},
           block_close]},
         {current_line,49,&lt;&lt;"-no-file-"&gt;&gt;},
         {push_gvar,&lt;&lt;"type"&gt;&gt;},
         {push_last_lvar,1,1},
         {pop_args,1},
         fcall,single,
         {push_lit,&lt;&lt;"string"&gt;&gt;},
         {op,'==',2},
         {if_true,
          [{block_open,0,0},
           {current_line,50,&lt;&lt;"-no-file-"&gt;&gt;},
           {push_gvar,&lt;&lt;"string"&gt;&gt;},
           {get_lit_key,&lt;&lt;"match"&gt;&gt;},
           {push_lvar,2,1},
           {push_last_lit,&lt;&lt;"[%^%$%(%)%%%.%[%]%*%+%?]"&gt;&gt;},
           {pop_args,2},
           fcall,single,
           {'if',
            [{block_open,0,0},
             {current_line,51,&lt;&lt;"-no-file-"&gt;&gt;},
             {push_gvar,&lt;&lt;"string"&gt;&gt;},
             {get_lit_key,&lt;&lt;"match"&gt;&gt;},
             {push_lvar,3,2},
             {push_last_lvar,3,1},
             {pop_args,2},
             fcall,single,
             {if_true,
              [{block_open,0,0},
               {current_line,52,&lt;&lt;"-no-file-"&gt;&gt;},
               {push_last_lit,true},
               {return,1},
               block_close]},
             block_close],
            [{block_open,0,0},
             {current_line,55,&lt;&lt;"-no-file-"&gt;&gt;},
             {push_lvar,3,2},
             {push_lvar,3,1},
             {op,'==',2},
             {if_true,
              [{block_open,0,0},
               {current_line,56,&lt;&lt;"-no-file-"&gt;&gt;},
               {push_last_lit,true},
               {return,1},
               block_close]},
             block_close]},
           block_close]},
         {current_line,62,&lt;&lt;"-no-file-"&gt;&gt;},
         {push_gvar,&lt;&lt;"type"&gt;&gt;},
         {push_last_lvar,1,1},
         {pop_args,1},
         fcall,single,
         {push_lit,&lt;&lt;"table"&gt;&gt;},
         {op,'==',2},
         {if_true,
          [{block_open,0,0},
           {current_line,63,&lt;&lt;"-no-file-"&gt;&gt;},
           {push_gvar,&lt;&lt;"pairs"&gt;&gt;},
           {push_last_lvar,2,1},
           {pop_args,1},
           fcall,
           {pop_vals,1},
           {gfor,
            [{lvar,63,&lt;&lt;"_"&gt;&gt;,1,1},{lvar,63,&lt;&lt;"subPattern"&gt;&gt;,1,2}],
            [{block_open,2,0},
             {push_vals,2},
             {store_lvar,1,2},
             {store_lvar,1,1},
             {current_line,64,&lt;&lt;"-no-file-"&gt;&gt;},
             {push_evar,4,1},
             {get_lit_key,&lt;&lt;"matchesPattern"&gt;&gt;},
             {push_lvar,1,2},
             {push_lvar,3,2},
             {push_last_lvar,3,3},
             {pop_args,3},
             fcall,single,
             {if_true,
              [{block_open,0,0},
               {current_line,65,&lt;&lt;"-no-file-"&gt;&gt;},
               {push_last_lit,true},
               {return,1},
               block_close]},
             block_close]},
           block_close]},
         {current_line,70,&lt;&lt;"-no-file-"&gt;&gt;},
         {push_last_lit,false},
         {return,1},
         {return,0}]},
      1 =&gt;
       {lua_func,
        [78,{file,&lt;&lt;"-no-file-"&gt;&gt;},{name,&lt;&lt;"utils.matchesSpec"&gt;&gt;}],
        [],2,0,
        [1,2],
        [{push_args,[1,2]},
         {store_lvar,1,2},
         {store_lvar,1,1},
         {current_line,79,&lt;&lt;"-no-file-"&gt;&gt;},
         {push_gvar,&lt;&lt;"type"&gt;&gt;},
         {push_last_lvar,1,2},
         {pop_args,1},
         fcall,single,
         {push_lit,&lt;&lt;"function"&gt;&gt;},
         {op,'==',2},
         {if_true,
          [{block_open,0,0},
           {current_line,80,&lt;&lt;"-no-file-"&gt;&gt;},
           {push_lvar,2,2},
           {push_last_lvar,2,1},
           {pop_args,1},
           fcall,
           {return,1},
           block_close]},
         {current_line,89,&lt;&lt;"-no-file-"&gt;&gt;},
         {push_gvar,&lt;&lt;"type"&gt;&gt;},
         {push_last_lvar,1,2},
         {pop_args,1},
         fcall,single,
         {push_lit,&lt;&lt;"table"&gt;&gt;},
         {op,'==',2},
         {if_true,
          [{block_open,0,0},
           {current_line,90,&lt;&lt;"-no-file-"&gt;&gt;},
           {push_gvar,&lt;&lt;"pairs"&gt;&gt;},
           {push_last_lvar,2,2},
           {pop_args,1},
           fcall,
           {pop_vals,1},
           {gfor,
            [{lvar,90,&lt;&lt;"key"&gt;&gt;,1,1},{lvar,90,&lt;&lt;"pattern"&gt;&gt;,1,2}],
            [{block_open,4,0},
             {push_vals,2},
             {store_lvar,1,2},
             {store_lvar,1,1},
             {current_line,93,&lt;&lt;"-no-file-"&gt;&gt;},
             {push_lvar,3,1},
             {push_lvar,1,1},
             get_key,
             {or_else,
              [{push_lvar,3,1},
               {get_lit_key,&lt;&lt;"body"&gt;&gt;},
               {and_then,
                [{push_lvar,3,1},
                 {get_lit_key,&lt;&lt;"body"&gt;&gt;},
                 {push_lvar,1,1},
                 get_key]}]},
             {store_lvar,1,3},
             {current_line,94,&lt;&lt;"-no-file-"&gt;&gt;},
             {push_lvar,1,3},
             {op,'not',1},
             {if_true,
              [{block_open,0,0},
               {current_line,95,&lt;&lt;"-no-file-"&gt;&gt;},
               {push_last_lit,false},
               {return,1},
               block_close]},
             {current_line,97,&lt;&lt;"-no-file-"&gt;&gt;},
             {push_evar,4,1},
             {get_lit_key,&lt;&lt;"matchesPattern"&gt;&gt;},
             {push_lvar,1,2},
             {push_lvar,1,3},
             {push_last_lvar,3,1},
             {pop_args,3},
             fcall,single,
             {store_lvar,1,4},
             {current_line,98,&lt;&lt;"-no-file-"&gt;&gt;},
             {push_lvar,1,4},
             {op,'not',1},
             {if_true,
              [{block_open,0,0},
               {current_line,99,&lt;&lt;"-no-file-"&gt;&gt;},
               {push_last_lit,false},
               {return,1},
               block_close]},
             block_close]},
           {current_line,103,&lt;&lt;"-no-file-"&gt;&gt;},
           {push_last_lit,true},
           {return,1},
           block_close]},
         {current_line,106,&lt;&lt;"-no-file-"&gt;&gt;},
         {push_gvar,&lt;&lt;"type"&gt;&gt;},
         {push_last_lvar,1,2},
         {pop_args,1},
         fcall,single,
         {push_lit,&lt;&lt;"string"&gt;&gt;},
         {op,'==',2},
         {and_then,[{push_lvar,1,1},{get_lit_key,&lt;&lt;"action"&gt;&gt;}]},
         {and_then,
          [{push_lvar,1,1},
           {get_lit_key,&lt;&lt;"action"&gt;&gt;},
           {push_lvar,1,2},
           {op,'==',2}]},
         {if_true,
          [{block_open,0,0},
           {current_line,107,&lt;&lt;"-no-file-"&gt;&gt;},
           {push_last_lit,true},
           {return,1},
           block_close]},
         {current_line,109,&lt;&lt;"-no-file-"&gt;&gt;},
         {push_gvar,&lt;&lt;"type"&gt;&gt;},
         {push_last_lvar,1,2},
         {pop_args,1},
         fcall,single,
         {push_lit,&lt;&lt;"string"&gt;&gt;},
         {op,'==',2},
         {and_then,[{push_lvar,1,1},{get_lit_key,&lt;&lt;"body"&gt;&gt;}]},
         {and_then,
          [{push_lvar,1,1},
           {get_lit_key,&lt;&lt;"body"&gt;&gt;},
           {get_lit_key,&lt;&lt;"action"&gt;&gt;}]},
         {and_then,
          [{push_lvar,1,1},
           {get_lit_key,&lt;&lt;"body"&gt;&gt;},
           {get_lit_key,&lt;&lt;"action"&gt;&gt;},
           {push_lvar,1,2},
           {op,'==',2}]},
         {if_true,
          [{block_open,0,0},
           {current_line,110,&lt;&lt;"-no-file-"&gt;&gt;},
           {push_last_lit,true},
           {return,1},
           block_close]},
         {current_line,112,&lt;&lt;"-no-file-"&gt;&gt;},
         {push_last_lit,false},
         {return,1},
         {return,0}]},
      2 =&gt;
       {lua_func,
        [121,{file,&lt;&lt;"-no-file-"&gt;&gt;},{name,&lt;&lt;"isArray"&gt;&gt;}],
        [],1,0,
        [1],
        [{push_args,[1]},
         {store_lvar,1,1},
         {current_line,122,&lt;&lt;"-no-file-"&gt;&gt;},
         {push_gvar,&lt;&lt;"type"&gt;&gt;},
         {push_last_lvar,1,1},
         {pop_args,1},
         fcall,single,
         {push_lit,&lt;&lt;"table"&gt;&gt;},
         {op,'==',2},
         {if_true,
          [{block_open,1,0},
           {current_line,123,&lt;&lt;"-no-file-"&gt;&gt;},
           {push_lit,0},
           {store_lvar,1,1},
           {current_line,124,&lt;&lt;"-no-file-"&gt;&gt;},
           {push_gvar,&lt;&lt;"pairs"&gt;&gt;},
           {push_last_lvar,2,1},
           {pop_args,1},
           fcall,
           {pop_vals,1},
           {gfor,
            [{lvar,124,&lt;&lt;"k"&gt;&gt;,1,1},{lvar,124,&lt;&lt;"v"&gt;&gt;,1,2}],
            [{block_open,2,0},
             {push_vals,2},
             {store_lvar,1,2},
             {store_lvar,1,1},
             {current_line,125,&lt;&lt;"-no-file-"&gt;&gt;},
             {push_gvar,&lt;&lt;"type"&gt;&gt;},
             {push_last_lvar,1,1},
             {pop_args,1},
             fcall,single,
             {push_lit,&lt;&lt;"number"&gt;&gt;},
             {op,'~=',2},
             {or_else,[{push_lvar,1,1},{push_lit,1},{op,'&lt;',2}]},
             {or_else,
              [{push_gvar,&lt;&lt;"math"&gt;&gt;},
               {get_lit_key,&lt;&lt;"floor"&gt;&gt;},
               {push_last_lvar,1,1},
               {pop_args,1},
               fcall,single,
               {push_lvar,1,1},
               {op,'~=',2}]},
             {if_true,
              [{block_open,0,0},
               {current_line,126,&lt;&lt;"-no-file-"&gt;&gt;},
               {push_last_lit,false},
               {return,1},
               block_close]},
             {current_line,128,&lt;&lt;"-no-file-"&gt;&gt;},
             {push_gvar,&lt;&lt;"math"&gt;&gt;},
             {get_lit_key,&lt;&lt;"max"&gt;&gt;},
             {push_lvar,2,1},
             {push_last_lvar,1,1},
             {pop_args,2},
             fcall,single,
             {store_lvar,2,1},
             block_close]},
           {current_line,131,&lt;&lt;"-no-file-"&gt;&gt;},
           {push_lvar,1,1},
           {push_lvar,2,1},
           {op,'#',1},
           {op,'==',2},
           multiple,
           {return,1},
           block_close]},
         {current_line,133,&lt;&lt;"-no-file-"&gt;&gt;},
         {push_last_lit,false},
         {return,1},
         {return,0}]},
      3 =&gt;
       {lua_func,
        [159,{file,&lt;&lt;"-no-file-"&gt;&gt;}],
        [],1,0,1,
        [{push_args,1},
         {store_lvar,1,1},
         {current_line,160,&lt;&lt;"-no-file-"&gt;&gt;},
         {push_evar,4,1},
         {push_gvar,&lt;&lt;"table"&gt;&gt;},
         {get_lit_key,&lt;&lt;"unpack"&gt;&gt;},
         {push_last_evar,3,1},
         {pop_args,1},
         fcall,single,
         {push_lvar,1,1},
         {pop_args,2},
         fcall,
         {return,1},
         {return,0}]},
      4 =&gt;
       {lua_func,
        [153,{file,&lt;&lt;"-no-file-"&gt;&gt;}],
        [{funref,3,[]}],
        1,1,1,
        [{push_args,1},
         {store_lvar,1,1},
         {current_line,154,&lt;&lt;"-no-file-"&gt;&gt;},
         {push_lvar,1,1},
         {build_tab,0,1},
         {store_evar,1,1},
         {current_line,156,&lt;&lt;"-no-file-"&gt;&gt;},
         {push_evar,1,1},
         {op,'#',1},
         {push_evar,2,2},
         {op,'&gt;=',2},
         {'if',
          [{block_open,0,0},
           {current_line,157,&lt;&lt;"-no-file-"&gt;&gt;},
           {push_evar,3,1},
           {push_gvar,&lt;&lt;"table"&gt;&gt;},
           {get_lit_key,&lt;&lt;"unpack"&gt;&gt;},
           {push_last_evar,2,1},
           {pop_args,1},
           fcall,
           {pop_args,1},
           fcall,
           {return,1},
           block_close],
          [{block_open,0,0},
           {current_line,159,&lt;&lt;"-no-file-"&gt;&gt;},
           {push_evar,4,1},
           {get_lit_key,&lt;&lt;"curry"&gt;&gt;},
           {push_fdef,{funref,3,[]}},
           {push_evar,3,2},
           {push_evar,2,1},
           {op,'#',1},
           {op,'-',2},
           multiple,
           {pop_args,2},
           fcall,
           {return,1},
           block_close]},
         {return,0}]},
      5 =&gt;
       {lua_func,
        [140,{file,&lt;&lt;"-no-file-"&gt;&gt;}],
        [{funref,4,[]}],
        0,2,
        [-1,-2],
        [{push_args,[-1,-2]},
         {store_evar,1,2},
         {store_evar,1,1},
         {current_line,141,&lt;&lt;"-no-file-"&gt;&gt;},
         {push_gvar,&lt;&lt;"assert"&gt;&gt;},
         {push_gvar,&lt;&lt;"type"&gt;&gt;},
         {push_last_evar,1,1},
         {pop_args,1},
         fcall,single,
         {push_lit,&lt;&lt;"function"&gt;&gt;},
         {op,'==',2},
         {push_last_lit,&lt;&lt;"function is required as first argument"&gt;&gt;},
         {pop_args,2},
         fcall,pop,
         {current_line,143,&lt;&lt;"-no-file-"&gt;&gt;},
         {push_evar,1,2},
         {op,'not',1},
         {if_true,
          [{block_open,0,0},
           {current_line,144,&lt;&lt;"-no-file-"&gt;&gt;},
           {push_gvar,&lt;&lt;"debug"&gt;&gt;},
           {and_then,[{push_gvar,&lt;&lt;"debug"&gt;&gt;},{get_lit_key,&lt;&lt;"getinfo"&gt;&gt;}]},
           {'if',
            [{block_open,1,0},
             {current_line,145,&lt;&lt;"-no-file-"&gt;&gt;},
             {push_gvar,&lt;&lt;"debug"&gt;&gt;},
             {get_lit_key,&lt;&lt;"getinfo"&gt;&gt;},
             {push_evar,3,1},
             {push_last_lit,&lt;&lt;"u"&gt;&gt;},
             {pop_args,2},
             fcall,single,
             {store_lvar,1,1},
             {current_line,146,&lt;&lt;"-no-file-"&gt;&gt;},
             {push_lvar,1,1},
             {and_then,[{push_lvar,1,1},{get_lit_key,&lt;&lt;"nparams"&gt;&gt;}]},
             {or_else,[{push_lit,2}]},
             {store_evar,3,2},
             block_close],
            [{block_open,0,0},
             {current_line,148,&lt;&lt;"-no-file-"&gt;&gt;},
             {push_lit,2},
             {store_evar,3,2},
             block_close]},
           block_close]},
         {current_line,151,&lt;&lt;"-no-file-"&gt;&gt;},
         {push_evar,1,2},
         {push_lit,2},
         {op,'&lt;',2},
         {if_true,
          [{block_open,0,0},{push_last_evar,2,1},{return,1},block_close]},
         {current_line,153,&lt;&lt;"-no-file-"&gt;&gt;},
         {push_fdef,{funref,4,[]}},
         multiple,
         {return,1},
         {return,0}]},
      6 =&gt;
       {lua_func,
        [173,{file,&lt;&lt;"-no-file-"&gt;&gt;}],
        [],3,0,
        [1,2],
        [{push_args,[1,2]},
         {store_lvar,1,2},
         {store_lvar,1,1},
         {current_line,174,&lt;&lt;"-no-file-"&gt;&gt;},
         {push_gvar,&lt;&lt;"assert"&gt;&gt;},
         {push_gvar,&lt;&lt;"type"&gt;&gt;},
         {push_last_lvar,1,1},
         {pop_args,1},
         fcall,single,
         {push_lit,&lt;&lt;"table"&gt;&gt;},
         {op,'==',2},
         {push_last_lit,
          &lt;&lt;"first argument should be a table that is an array"&gt;&gt;},
         {pop_args,2},
         fcall,pop,
         {current_line,175,&lt;&lt;"-no-file-"&gt;&gt;},
         {push_gvar,&lt;&lt;"assert"&gt;&gt;},
         {push_gvar,&lt;&lt;"type"&gt;&gt;},
         {push_last_lvar,1,2},
         {pop_args,1},
         fcall,single,
         {push_lit,&lt;&lt;"table"&gt;&gt;},
         {op,'==',2},
         {push_last_lit,
          &lt;&lt;"second argument should be a table that is an array"&gt;&gt;},
         {pop_args,2},
         fcall,pop,
         {current_line,176,&lt;&lt;"-no-file-"&gt;&gt;},
         {push_gvar,&lt;&lt;"assert"&gt;&gt;},
         {push_evar,2,2},
         {push_last_lvar,1,1},
         {pop_args,1},
         fcall,single,
         {push_last_lit,&lt;&lt;"first argument should be a table"&gt;&gt;},
         {pop_args,2},
         fcall,pop,
         {current_line,177,&lt;&lt;"-no-file-"&gt;&gt;},
         {push_gvar,&lt;&lt;"assert"&gt;&gt;},
         {push_evar,2,2},
         {push_last_lvar,1,2},
         {pop_args,1},
         fcall,single,
         {push_last_lit,&lt;&lt;"second argument should be a table"&gt;&gt;},
         {pop_args,2},
         fcall,pop,
         {current_line,179,&lt;&lt;"-no-file-"&gt;&gt;},
         {push_lit,[]},
         {build_tab,0,1},
         {store_lvar,1,3},
         {current_line,180,&lt;&lt;"-no-file-"&gt;&gt;},
         {push_lit,1},
         {push_lvar,1,1},
         {op,'#',1},
         {push_lit,1},
         {nfor,
          {lvar,180,&lt;&lt;"i"&gt;&gt;,1,1},
          [{block_open,1,0},
           {store_lvar,1,1},
           {current_line,181,&lt;&lt;"-no-file-"&gt;&gt;},
           {push_lvar,2,1},
           {push_lvar,1,1},
           get_key,
           {push_lvar,2,3},
           {push_lvar,2,3},
           {op,'#',1},
           {push_lit,1},
           {op,'+',2},
           set_key,block_close]},
         {current_line,183,&lt;&lt;"-no-file-"&gt;&gt;},
         {push_lit,1},
         {push_lvar,1,2},
         {op,'#',1},
         {push_lit,1},
         {nfor,
          {lvar,183,&lt;&lt;"i"&gt;&gt;,1,1},
          [{block_open,1,0},
           {store_lvar,1,1},
           {current_line,184,&lt;&lt;"-no-file-"&gt;&gt;},
           {push_lvar,2,2},
           {push_lvar,1,1},
           get_key,
           {push_lvar,2,...},
           {push_lvar,...},
           {...}|...]},
         {current_line,186,&lt;&lt;"-no-file-"&gt;&gt;},
         {push_last_lvar,1,3},
         {return,1},
         {return,0}]},
      7 =&gt;
       {lua_func,
        [197,{file,&lt;&lt;"-no-file-"&gt;&gt;}],
        [],4,0,
        [1,2,3],
        [{push_args,[1,2,3]},
         {store_lvar,1,3},
         {store_lvar,1,2},
         {store_lvar,1,1},
         {current_line,198,&lt;&lt;"-no-file-"&gt;&gt;},
         {push_gvar,&lt;&lt;"assert"&gt;&gt;},
         {push_gvar,&lt;&lt;"type"&gt;&gt;},
         {push_last_lvar,1,1},
         {pop_args,1},
         fcall,single,
         {push_lit,&lt;&lt;"function"&gt;&gt;},
         {op,'==',2},
         {push_last_lit,
          &lt;&lt;"first argument should be a function that accepts (result, value, key)"&gt;&gt;},
         {pop_args,2},
         fcall,pop,
         {current_line,199,&lt;&lt;"-no-file-"&gt;&gt;},
         {push_gvar,&lt;&lt;"assert"&gt;&gt;},
         {push_gvar,&lt;&lt;"type"&gt;&gt;},
         {push_last_lvar,1,3},
         {pop_args,1},
         fcall,single,
         {push_lit,&lt;&lt;"table"&gt;&gt;},
         {op,'==',2},
         {and_then,
          [{push_evar,2,2},{push_last_lvar,1,3},{pop_args,1},fcall,single]},
         {push_last_lit,
          &lt;&lt;"third argument should be a table that is an array"&gt;&gt;},
         {pop_args,2},
         fcall,pop,
         {current_line,200,&lt;&lt;"-no-file-"&gt;&gt;},
         {push_lvar,1,2},
         {store_lvar,1,4},
         {current_line,201,&lt;&lt;"-no-file-"&gt;&gt;},
         {push_gvar,&lt;&lt;"pairs"&gt;&gt;},
         {push_last_lvar,1,3},
         {pop_args,1},
         fcall,
         {pop_vals,1},
         {gfor,
          [{lvar,201,&lt;&lt;"k"&gt;&gt;,1,1},{lvar,201,&lt;&lt;"v"&gt;&gt;,1,2}],
          [{block_open,2,0},
           {push_vals,2},
           {store_lvar,1,2},
           {store_lvar,1,1},
           {current_line,202,&lt;&lt;"-no-file-"&gt;&gt;},
           {push_lvar,2,4},
           {push_lit,nil},
           {op,'==',2},
           {'if',
            [{block_open,0,0},
             {current_line,203,&lt;&lt;"-no-file-"&gt;&gt;},
             {push_lvar,2,2},
             {store_lvar,3,4},
             block_close],
            [{block_open,0,0},
             {current_line,205,&lt;&lt;"-no-file-"&gt;&gt;},
             {push_lvar,3,1},
             {push_lvar,3,4},
             {push_lvar,2,2},
             {push_last_lvar,2,1},
             {pop_args,3},
             fcall,single,
             {store_lvar,3,4},
             block_close]},
           block_close]},
         {current_line,208,&lt;&lt;"-no-file-"&gt;&gt;},
         {push_last_lvar,1,4},
         {return,1},
         {return,0}]},
      8 =&gt;
       {lua_func,
        [222,{file,&lt;&lt;"-no-file-"&gt;&gt;},{name,&lt;&lt;"map"&gt;&gt;}],
        [],3,0,
        [1,2,3],
        [{push_args,[1,2,3]},
         {store_lvar,1,3},
         {store_lvar,1,2},
         {store_lvar,1,1},
         {current_line,223,&lt;&lt;"-no-file-"&gt;&gt;},
         {push_evar,2,1},
         {push_lvar,1,2},
         {push_last_lvar,1,3},
         {pop_args,2},
         fcall,single,
         {push_lvar,1,1},
         {push_lvar,1,3},
         set_key,
         {current_line,224,&lt;&lt;"-no-file-"&gt;&gt;},
         {push_last_lvar,1,1},
         {return,1},
         {return,0}]},
      9 =&gt;
       {lua_func,
        [218,{file,&lt;&lt;"-no-file-"&gt;&gt;}],
        [{funref,8,[]}],
        2,1,
        [-1,1],
        [{push_args,[-1,1]},
         {store_lvar,1,1},
         {store_evar,1,1},
         {current_line,219,&lt;&lt;"-no-file-"&gt;&gt;},
         {push_gvar,&lt;&lt;"assert"&gt;&gt;},
         {push_gvar,&lt;&lt;"type"&gt;&gt;},
         {push_last_evar,1,1},
         {pop_args,1},
         fcall,single,
         {push_lit,&lt;&lt;"function"&gt;&gt;},
         {op,'==',2},
         {push_last_lit,&lt;&lt;"first argument should be a unary function"&gt;&gt;},
         {pop_args,2},
         fcall,pop,
         {current_line,220,&lt;&lt;"-no-file-"&gt;&gt;},
         {push_gvar,&lt;&lt;"assert"&gt;&gt;},
         {push_gvar,&lt;&lt;"type"&gt;&gt;},
         {push_last_lvar,1,1},
         {pop_args,1},
         fcall,single,
         {push_lit,&lt;&lt;"table"&gt;&gt;},
         {op,'==',2},
         {and_then,
          [{push_evar,2,2},{push_last_lvar,1,1},{pop_args,1},fcall,single]},
         {push_last_lit,&lt;&lt;"second argument should be an Array"&gt;&gt;},
         {pop_args,2},
         fcall,pop,
         {current_line,222,&lt;&lt;"-no-file-"&gt;&gt;},
         {push_fdef,{funref,8,[]}},
         {store_lvar,1,2},
         {current_line,227,&lt;&lt;"-no-file-"&gt;&gt;},
         {push_evar,2,1},
         {get_lit_key,&lt;&lt;"reduce"&gt;&gt;},
         {push_lvar,1,2},
         {push_lit,[]},
         {build_tab,0,1},
         {push_last_lvar,1,1},
         {pop_args,3},
         fcall,
         {return,1},
         {return,0}]},
      10 =&gt;
       {lua_func,
        [241,{file,&lt;&lt;"-no-file-"&gt;&gt;},{name,&lt;&lt;"filter"&gt;&gt;}],
        [],3,0,
        [1,2,3],
        [{push_args,[1,2,3]},
         {store_lvar,1,3},
         {store_lvar,1,2},
         {store_lvar,1,1},
         {current_line,242,&lt;&lt;"-no-file-"&gt;&gt;},
         {push_evar,2,1},
         {push_last_lvar,1,2},
         {pop_args,1},
         fcall,single,
         {if_true,
          [{block_open,0,0},
           {current_line,243,&lt;&lt;"-no-file-"&gt;&gt;},
           {push_gvar,&lt;&lt;"table"&gt;&gt;},
           {get_lit_key,&lt;&lt;"insert"&gt;&gt;},
           {push_lvar,2,1},
           {push_last_lvar,2,2},
           {pop_args,2},
           fcall,pop,block_close]},
         {current_line,245,&lt;&lt;"-no-file-"&gt;&gt;},
         {push_last_lvar,1,1},
         {return,1},
         {return,0}]},
      11 =&gt;
       {lua_func,
        [237,{file,&lt;&lt;"-no-file-"&gt;&gt;}],
        [{funref,10,[]}],
        2,1,
        [-1,1],
        [{push_args,[-1,1]},
         {store_lvar,1,1},
         {store_evar,1,1},
         {current_line,238,&lt;&lt;"-no-file-"&gt;&gt;},
         {push_gvar,&lt;&lt;"assert"&gt;&gt;},
         {push_gvar,&lt;&lt;"type"&gt;&gt;},
         {push_last_evar,1,1},
         {pop_args,1},
         fcall,single,
         {push_lit,&lt;&lt;"function"&gt;&gt;},
         {op,'==',2},
         {push_last_lit,&lt;&lt;"first argument should be a unary function"&gt;&gt;},
         {pop_args,2},
         fcall,pop,
         {current_line,239,&lt;&lt;"-no-file-"&gt;&gt;},
         {push_gvar,&lt;&lt;"assert"&gt;&gt;},
         {push_gvar,&lt;&lt;"type"&gt;&gt;},
         {push_last_lvar,1,1},
         {pop_args,1},
         fcall,single,
         {push_lit,&lt;&lt;"table"&gt;&gt;},
         {op,'==',2},
         {and_then,
          [{push_evar,2,2},{push_last_lvar,1,1},{pop_args,1},fcall,single]},
         {push_last_lit,&lt;&lt;"second argument should be an Array"&gt;&gt;},
         {pop_args,2},
         fcall,pop,
         {current_line,241,&lt;&lt;"-no-file-"&gt;&gt;},
         {push_fdef,{funref,10,[]}},
         {store_lvar,1,2},
         {current_line,248,&lt;&lt;"-no-file-"&gt;&gt;},
         {push_evar,2,1},
         {get_lit_key,&lt;&lt;"reduce"&gt;&gt;},
         {push_lvar,1,2},
         {push_lit,[]},
         {build_tab,0,1},
         {push_last_lvar,1,1},
         {pop_args,3},
         fcall,
         {return,1},
         {return,0}]},
      12 =&gt;
       {lua_func,
        [258,{file,&lt;&lt;"-no-file-"&gt;&gt;}],
        [],2,0,
        [1,2],
        [{push_args,[1,2]},
         {store_lvar,1,2},
         {store_lvar,1,1},
         {current_line,259,&lt;&lt;"-no-file-"&gt;&gt;},
         {push_gvar,&lt;&lt;"assert"&gt;&gt;},
         {push_gvar,&lt;&lt;"type"&gt;&gt;},
         {push_last_lvar,1,1},
         {pop_args,1},
         fcall,single,
         {push_lit,&lt;&lt;"function"&gt;&gt;},
         {op,'==',2},
         {push_last_lit,&lt;&lt;"first argument should be a unary function"&gt;&gt;},
         {pop_args,2},
         fcall,pop,
         {current_line,260,&lt;&lt;"-no-file-"&gt;&gt;},
         {push_gvar,&lt;&lt;"assert"&gt;&gt;},
         {push_gvar,&lt;&lt;"type"&gt;&gt;},
         {push_last_lvar,1,2},
         {pop_args,1},
         fcall,single,
         {push_lit,&lt;&lt;"table"&gt;&gt;},
         {op,'==',2},
         {push_last_lit,
          &lt;&lt;"second argument should be a table that is an array"&gt;&gt;},
         {pop_args,2},
         fcall,pop,
         {current_line,261,&lt;&lt;"-no-file-"&gt;&gt;},
         {push_gvar,&lt;&lt;"pairs"&gt;&gt;},
         {push_last_lvar,1,2},
         {pop_args,1},
         fcall,
         {pop_vals,1},
         {gfor,
          [{lvar,261,&lt;&lt;"_"&gt;&gt;,1,1},{lvar,261,&lt;&lt;"v"&gt;&gt;,1,2}],
          [{block_open,2,0},
           {push_vals,2},
           {store_lvar,1,2},
           {store_lvar,1,1},
           {current_line,262,&lt;&lt;"-no-file-"&gt;&gt;},
           {push_lvar,2,1},
           {push_last_lvar,1,2},
           {pop_args,1},
           fcall,single,
           {if_true,
            [{block_open,0,0},
             {current_line,263,&lt;&lt;"-no-file-"&gt;&gt;},
             {push_last_lvar,2,2},
             {return,1},
             block_close]},
           block_close]},
         {return,0}]},
      13 =&gt;
       {lua_func,
        [276,{file,&lt;&lt;"-no-file-"&gt;&gt;}],
        [],3,0,
        [1,2,3],
        [{push_args,[1,2,3]},
         {store_lvar,1,3},
         {store_lvar,1,2},
         {store_lvar,1,1},
         {current_line,277,&lt;&lt;"-no-file-"&gt;&gt;},
         {push_gvar,&lt;&lt;"assert"&gt;&gt;},
         {push_gvar,&lt;&lt;"type"&gt;&gt;},
         {push_last_lvar,1,1},
         {pop_args,1},
         fcall,single,
         {push_lit,&lt;&lt;"string"&gt;&gt;},
         {op,'==',2},
         {push_last_lit,&lt;&lt;"first argument should be a string"&gt;&gt;},
         {pop_args,2},
         fcall,pop,
         {current_line,278,&lt;&lt;"-no-file-"&gt;&gt;},
         {push_gvar,&lt;&lt;"assert"&gt;&gt;},
         {push_gvar,&lt;&lt;"type"&gt;&gt;},
         {push_last_lvar,1,2},
         {pop_args,1},
         fcall,single,
         {push_lit,&lt;&lt;"string"&gt;&gt;},
         {op,'==',2},
         {push_last_lit,&lt;&lt;"second argument should be a string"&gt;&gt;},
         {pop_args,2},
         fcall,pop,
         {current_line,279,&lt;&lt;"-no-file-"&gt;&gt;},
         {push_gvar,&lt;&lt;"assert"&gt;&gt;},
         {push_gvar,&lt;&lt;"type"&gt;&gt;},
         {push_last_lvar,1,3},
         {pop_args,1},
         fcall,single,
         {push_lit,&lt;&lt;"table"&gt;&gt;},
         {op,'==',2},
         {push_last_lit,&lt;&lt;"third argument should be a table&lt;object&gt;"&gt;&gt;},
         {pop_args,2},
         fcall,pop,
         {current_line,281,&lt;&lt;"-no-file-"&gt;&gt;},
         {push_lvar,1,3},
         {push_lvar,1,1},
         get_key,
         {push_lvar,1,2},
         {op,'==',2},
         multiple,
         {return,1},
         {return,0}]},
      14 =&gt;
       {lua_func,
        [293,{file,&lt;&lt;"-no-file-"&gt;&gt;}],
        [],3,0,
        [1,2,3],
        [{push_args,[1,2,3]},
         {store_lvar,1,3},
         {store_lvar,1,2},
         {store_lvar,1,1},
         {current_line,294,&lt;&lt;"-no-file-"&gt;&gt;},
         {push_lvar,1,2},
         {push_lvar,1,1},
         {push_evar,2,1},
         {op,'#',1},
         {push_lvar,1,3},
         {op,'-',2},
         {push_lit,1},
         {op,'+',2},
         set_key,
         {current_line,295,&lt;&lt;"-no-file-"&gt;&gt;},
         {push_last_lvar,1,1},
         {return,1},
         {return,0}]},
      15 =&gt;
       {lua_func,
        [290,{file,&lt;&lt;"-no-file-"&gt;&gt;}],
        [{funref,14,[]}],
        0,1,
        [-1],
        [{push_args,[-1]},
         {store_evar,1,1},
         {current_line,291,&lt;&lt;"-no-file-"&gt;&gt;},
         {push_gvar,&lt;&lt;"assert"&gt;&gt;},
         {push_gvar,&lt;&lt;"type"&gt;&gt;},
         {push_last_evar,1,1},
         {pop_args,1},
         fcall,single,
         {push_lit,&lt;&lt;"table"&gt;&gt;},
         {op,'==',2},
         {push_last_lit,&lt;&lt;"argument needs to be a table that is an array"&gt;&gt;},
         {pop_args,2},
         fcall,pop,
         {current_line,292,&lt;&lt;"-no-file-"&gt;&gt;},
         {push_evar,2,1},
         {get_lit_key,&lt;&lt;"reduce"&gt;&gt;},
         {push_fdef,{funref,14,[]}},
         {push_lit,[]},
         {build_tab,0,1},
         {push_last_evar,1,1},
         {pop_args,3},
         fcall,
         {return,1},
         {return,0}]},
      16 =&gt;
       {lua_func,
        [311,{file,&lt;&lt;"-no-file-"&gt;&gt;}],
        [],2,0,
        [1],
        [{push_args,[1]},
         {store_lvar,1,1},
         {current_line,312,&lt;&lt;"-no-file-"&gt;&gt;},
         {push_lvar,1,1},
         {store_lvar,1,2},
         {current_line,313,&lt;&lt;"-no-file-"&gt;&gt;},
         {push_gvar,&lt;&lt;"pairs"&gt;&gt;},
         {push_last_evar,2,1},
         {pop_args,1},
         fcall,
         {pop_vals,1},
         {gfor,
          [{lvar,313,&lt;&lt;"_"&gt;&gt;,1,1},{lvar,313,&lt;&lt;"fn"&gt;&gt;,1,2}],
          [{block_open,2,0},
           {push_vals,2},
           {store_lvar,1,2},
           {store_lvar,1,1},
           {current_line,314,&lt;&lt;"-no-file-"&gt;&gt;},
           {push_gvar,&lt;&lt;"assert"&gt;&gt;},
           {push_gvar,&lt;&lt;"type"&gt;&gt;},
           {push_last_lvar,1,2},
           {pop_args,1},
           fcall,single,
           {push_lit,&lt;&lt;"function"&gt;&gt;},
           {op,'==',2},
           {push_last_lit,&lt;&lt;"each argument needs to be a function"&gt;&gt;},
           {pop_args,2},
           fcall,pop,
           {current_line,315,&lt;&lt;"-no-file-"&gt;&gt;},
           {push_lvar,1,2},
           {push_last_lvar,2,2},
           {pop_args,1},
           fcall,single,
           {store_lvar,2,2},
           block_close]},
         {current_line,317,&lt;&lt;"-no-file-"&gt;&gt;},
         {push_last_lvar,1,2},
         {return,1},
         {return,0}]},
      17 =&gt;
       {lua_func,
        [308,{file,&lt;&lt;"-no-file-"&gt;&gt;}],
        [{funref,16,[]}],
        1,1,1,
        [{push_args,1},
         {store_lvar,1,1},
         {current_line,309,&lt;&lt;"-no-file-"&gt;&gt;},
         {push_evar,2,1},
         {get_lit_key,&lt;&lt;"reverse"&gt;&gt;},
         {push_lvar,1,1},
         {build_tab,0,1},
         multiple,
         {pop_args,1},
         fcall,single,
         {store_evar,1,1},
         {current_line,311,&lt;&lt;"-no-file-"&gt;&gt;},
         {push_fdef,{funref,16,[]}},
         multiple,
         {return,1},
         {return,0}]},
      18 =&gt;
       {lua_func,
        [328,{file,&lt;&lt;"-no-file-"&gt;&gt;}],
        [],2,0,
        [1,2],
        [{push_args,[1,2]},
         {store_lvar,1,2},
         {store_lvar,1,1},
         {current_line,329,&lt;&lt;"-no-file-"&gt;&gt;},
         {push_lvar,1,2},
         {push_lvar,1,1},
         get_key,multiple,
         {return,1},
         {return,0}]},
      19 =&gt;
       {lua_func,
        [342,{file,&lt;&lt;"-no-file-"&gt;&gt;}],
        [],1,0,
        [1],
        [{push_args,[1]},
         {store_lvar,1,1},
         {current_line,342,&lt;&lt;"-no-file-"&gt;&gt;},
         {push_lvar,1,1},
         {push_evar,2,1},
         {op,'==',2},
         multiple,
         {return,1},
         {return,0}]},
      20 =&gt;
       {lua_func,
        [339,{file,&lt;&lt;"-no-file-"&gt;&gt;}],
        [{funref,19,[]}],
        1,1,
        [-1,1],
        [{push_args,[-1,1]},
         {store_lvar,1,1},
         {store_evar,1,1},
         {current_line,340,&lt;&lt;"-no-file-"&gt;&gt;},
         {push_gvar,&lt;&lt;"assert"&gt;&gt;},
         {push_gvar,&lt;&lt;"type"&gt;&gt;},
         {push_last_lvar,1,1},
         {pop_args,1},
         fcall,single,
         {push_lit,&lt;&lt;"table"&gt;&gt;},
         {op,'==',2},
         {push_last_lit,&lt;&lt;"argument needs to be a table"&gt;&gt;},
         {pop_args,2},
         fcall,pop,
         {current_line,341,&lt;&lt;"-no-file-"&gt;&gt;},
         {push_gvar,&lt;&lt;"assert"&gt;&gt;},
         {push_evar,2,2},
         {push_last_lvar,1,1},
         {pop_args,1},
         fcall,single,
         {push_last_lit,&lt;&lt;"argument should be a table that is an array"&gt;&gt;},
         {pop_args,2},
         fcall,pop,
         {current_line,342,&lt;&lt;"-no-file-"&gt;&gt;},
         {push_evar,2,1},
         {get_lit_key,&lt;&lt;"find"&gt;&gt;},
         {push_fdef,{funref,19,[]}},
         {push_last_lvar,1,1},
         {pop_args,2},
         fcall,single,
         {push_lit,nil},
         {op,'~=',2},
         multiple,
         {return,1},
         {return,0}]},
      21 =&gt;
       {lua_func,
        [350,{file,&lt;&lt;"-no-file-"&gt;&gt;}],
        [],2,0,
        [1],
        [{push_args,[1]},
         {store_lvar,1,1},
         {current_line,351,&lt;&lt;"-no-file-"&gt;&gt;},
         {push_gvar,&lt;&lt;"assert"&gt;&gt;},
         {push_gvar,&lt;&lt;"type"&gt;&gt;},
         {push_last_lvar,1,1},
         {pop_args,1},
         fcall,single,
         {push_lit,&lt;&lt;"table"&gt;&gt;},
         {op,'==',2},
         {push_last_lit,&lt;&lt;"argument needs to be a table"&gt;&gt;},
         {pop_args,2},
         fcall,pop,
         {current_line,352,&lt;&lt;"-no-file-"&gt;&gt;},
         {push_lit,[]},
         {build_tab,0,1},
         {store_lvar,1,2},
         {current_line,353,&lt;&lt;"-no-file-"&gt;&gt;},
         {push_gvar,&lt;&lt;"pairs"&gt;&gt;},
         {push_last_lvar,1,1},
         {pop_args,1},
         fcall,
         {pop_vals,1},
         {gfor,
          [{lvar,353,&lt;&lt;"key"&gt;&gt;,1,1}],
          [{block_open,1,0},
           {push_vals,1},
           {store_lvar,1,1},
           {current_line,354,&lt;&lt;"-no-file-"&gt;&gt;},
           {push_gvar,&lt;&lt;"table"&gt;&gt;},
           {get_lit_key,&lt;&lt;"insert"&gt;&gt;},
           {push_lvar,2,2},
           {push_last_lvar,1,1},
           {pop_args,2},
           fcall,pop,block_close]},
         {current_line,356,&lt;&lt;"-no-file-"&gt;&gt;},
         {push_last_lvar,1,2},
         {return,1},
         {return,0}]},
      22 =&gt;
       {lua_func,
        [364,{file,&lt;&lt;"-no-file-"&gt;&gt;}],
        [],2,0,
        [1],
        [{push_args,[1]},
         {store_lvar,1,1},
         {current_line,365,&lt;&lt;"-no-file-"&gt;&gt;},
         {push_gvar,&lt;&lt;"assert"&gt;&gt;},
         {push_gvar,&lt;&lt;"type"&gt;&gt;},
         {push_last_lvar,1,1},
         {pop_args,1},
         fcall,single,
         {push_lit,&lt;&lt;"table"&gt;&gt;},
         {op,'==',2},
         {push_last_lit,&lt;&lt;"argument needs to be a table"&gt;&gt;},
         {pop_args,2},
         fcall,pop,
         {current_line,366,&lt;&lt;"-no-file-"&gt;&gt;},
         {push_lit,[]},
         {build_tab,0,1},
         {store_lvar,1,2},
         {current_line,367,&lt;&lt;"-no-file-"&gt;&gt;},
         {push_gvar,&lt;&lt;"pairs"&gt;&gt;},
         {push_last_lvar,1,1},
         {pop_args,1},
         fcall,
         {pop_vals,1},
         {gfor,
          [{lvar,367,&lt;&lt;"_"&gt;&gt;,1,1},{lvar,367,&lt;&lt;"value"&gt;&gt;,1,2}],
          [{block_open,2,0},
           {push_vals,2},
           {store_lvar,1,2},
           {store_lvar,1,1},
           {current_line,368,&lt;&lt;"-no-file-"&gt;&gt;},
           {push_gvar,&lt;&lt;"table"&gt;&gt;},
           {get_lit_key,&lt;&lt;"insert"&gt;&gt;},
           {push_lvar,2,2},
           {push_last_lvar,1,2},
           {pop_args,2},
           fcall,pop,block_close]},
         {current_line,370,&lt;&lt;"-no-file-"&gt;&gt;},
         {push_last_lvar,1,2},
         {return,1},
         {return,0}]},
      23 =&gt;
       {lua_func,
        [377,{file,&lt;&lt;"-no-file-"&gt;&gt;},{name,&lt;&lt;"utils.Tab"&gt;&gt;}],
        [],2,0,
        [1],
        [{push_args,[1]},
         {store_lvar,1,1},
         {current_line,378,&lt;&lt;"-no-file-"&gt;&gt;},
         {push_lit,[]},
         {build_tab,0,1},
         {store_lvar,1,2},
         {current_line,379,&lt;&lt;"-no-file-"&gt;&gt;},
         {push_gvar,&lt;&lt;"ipairs"&gt;&gt;},
         {push_lvar,1,1},
         {get_lit_key,&lt;&lt;"Tags"&gt;&gt;},
         multiple,
         {pop_args,1},
         fcall,
         {pop_vals,1},
         {gfor,
          [{lvar,379,&lt;&lt;"_"&gt;&gt;,1,1},{lvar,379,&lt;&lt;"o"&gt;&gt;,1,2}],
          [{block_open,2,0},
           {push_vals,2},
           {store_lvar,1,2},
           {store_lvar,1,1},
           {current_line,380,&lt;&lt;"-no-file-"&gt;&gt;},
           {push_lvar,2,2},
           {push_lvar,1,2},
           {get_lit_key,&lt;&lt;"name"&gt;&gt;},
           get_key,
           {op,'not',1},
           {if_true,
            [{block_open,0,0},
             {current_line,381,&lt;&lt;"-no-file-"&gt;&gt;},
             {push_lvar,2,2},
             {get_lit_key,&lt;&lt;"value"&gt;&gt;},
             {push_lvar,3,2},
             {push_lvar,2,2},
             {get_lit_key,&lt;&lt;"name"&gt;&gt;},
             set_key,block_close]},
           block_close]},
         {current_line,384,&lt;&lt;"-no-file-"&gt;&gt;},
         {push_last_lvar,1,2},
         {return,1},
         {return,0}]},
      24 =&gt;
       {lua_func,
        [1,{file,&lt;&lt;"-no-file-"&gt;&gt;}],
        [{funref,0,[]},
         {funref,1,[]},
         {funref,2,[]},
         {funref,5,[]},
         {funref,6,[]},
         {funref,7,[]},
         {funref,9,[]},
         {funref,11,[]},
         {funref,12,[]},
         {funref,13,[]},
         {funref,15,[]},
         {funref,17,[]},
         {funref,18,[]},
         {funref,20,[]},
         {funref,21,[]},
         {funref,22,[]},
         {funref,23,[]}],
        1,2,1,
        [{push_args,1},
         {store_lvar,1,1},
         {current_line,22,&lt;&lt;"-no-file-"&gt;&gt;},
         {push_lit,&lt;&lt;"_version"&gt;&gt;},
         {push_lit,&lt;&lt;"0.0.5"&gt;&gt;},
         {push_lit,[]},
         {build_tab,1,1},
         {store_evar,1,1},
         {current_line,30,&lt;&lt;"-no-file-"&gt;&gt;},
         {push_fdef,{funref,0,[]}},
         {push_evar,1,1},
         {set_lit_key,&lt;&lt;"matchesPattern"&gt;&gt;},
         {current_line,78,&lt;&lt;"-no-file-"&gt;&gt;},
         {push_fdef,{funref,1,[]}},
         {push_evar,1,1},
         {set_lit_key,&lt;&lt;"matchesSpec"&gt;&gt;},
         {current_line,121,&lt;&lt;"-no-file-"&gt;&gt;},
         {push_fdef,{funref,2,[]}},
         {store_evar,1,2},
         {current_line,140,&lt;&lt;"-no-file-"&gt;&gt;},
         {push_fdef,{funref,5,[]}},
         {push_evar,1,1},
         {set_lit_key,&lt;&lt;"curry"&gt;&gt;},
         {current_line,173,&lt;&lt;"-no-file-"&gt;&gt;},
         {push_evar,1,1},
         {get_lit_key,&lt;&lt;"curry"&gt;&gt;},
         {push_fdef,{funref,6,[]}},
         {push_last_lit,2},
         {pop_args,2},
         fcall,single,
         {push_evar,1,1},
         {set_lit_key,&lt;&lt;"concat"&gt;&gt;},
         {current_line,197,&lt;&lt;"-no-file-"&gt;&gt;},
         {push_evar,1,1},
         {get_lit_key,&lt;&lt;"curry"&gt;&gt;},
         {push_fdef,{funref,7,[]}},
         {push_last_lit,3},
         {pop_args,2},
         fcall,single,
         {push_evar,1,1},
         {set_lit_key,&lt;&lt;"reduce"&gt;&gt;},
         {current_line,218,&lt;&lt;"-no-file-"&gt;&gt;},
         {push_evar,1,1},
         {get_lit_key,&lt;&lt;"curry"&gt;&gt;},
         {push_fdef,{funref,9,[]}},
         {push_last_lit,2},
         {pop_args,2},
         fcall,single,
         {push_evar,1,1},
         {set_lit_key,&lt;&lt;"map"&gt;&gt;},
         {current_line,237,&lt;&lt;"-no-file-"&gt;&gt;},
         {push_evar,1,1},
         {get_lit_key,&lt;&lt;"curry"&gt;&gt;},
         {push_fdef,{funref,11,[]}},
         {push_last_lit,2},
         {pop_args,2},
         fcall,single,
         {push_evar,1,1},
         {set_lit_key,&lt;&lt;"filter"&gt;&gt;},
         {current_line,258,&lt;&lt;"-no-file-"&gt;&gt;},
         {push_evar,1,1},
         {get_lit_key,&lt;&lt;"curry"&gt;&gt;},
         {push_fdef,{funref,12,[]}},
         {push_last_lit,2},
         {pop_args,2},
         fcall,single,
         {push_evar,1,1},
         {set_lit_key,&lt;&lt;"find"&gt;&gt;},
         {current_line,276,&lt;&lt;"-no-file"...&gt;&gt;},
         {push_evar,1,1},
         {get_lit_key,&lt;&lt;"curr"...&gt;&gt;},
         {push_fdef,{...}},
         {push_last_lit,...},
         {...}|...]}},
    [],25},
   {tref,0},
   [],[],
   {meta,nil,nil,nil,{tref,10}},
   {#{max =&gt; 18446744073709551615,type =&gt; exs1024,
      next =&gt; #Fun&lt;rand.11.17836546&gt;,jump =&gt; #Fun&lt;rand.12.17836546&gt;},
    {[162716471040834906,11414721992971241221,1275698967205359230,
      606281440541216328,11487629876448113125,12345269948773477764,
      14074049468920878312,6209687888515561967,5174359369064859223,
      11448350885546232798,6112636210068212765,6395170062268253419,
      1562536813195479786,14567591792523148135,12086964863376458424,
      15122970304437602377],
     []}},
   #Ref&lt;0.3950608929.4114874375.129688&gt;,none,undefined,#{}}}}
    </error>
    <system-out>
    </system-out>
  </testcase>
  <testcase time="0.001" name="simple_utils_integration_test:70 -utils_basic_functions_test/0-fun-6- (Utils basic functions)">
    <error type="error">
::in function simple_utils_integration_test:'-utils_basic_functions_test/0-fun-6-'/0 (/Users/rakis/sandbox/hyper-aos/aos_test_suite/test/integration/simple_utils_integration_test.erl, line 73)
in call from eunit_test:run_testfun/1 (eunit_test.erl, line 83)
in call from eunit_proc:run_test/1 (eunit_proc.erl, line 554)
in call from eunit_proc:with_timeout/3 (eunit_proc.erl, line 379)
in call from eunit_proc:handle_test/2 (eunit_proc.erl, line 537)
in call from eunit_proc:tests_inorder/3 (eunit_proc.erl, line 479)
in call from eunit_proc:with_timeout/3 (eunit_proc.erl, line 369)
in call from eunit_proc:run_group/2 (eunit_proc.erl, line 593)
**error:{badmatch,
 {ok,
  [{tref,14}],
  {luerl,
   {tstruct,
    #{0 =&gt;
       {table,
        {array,0,10,nil,10},
        {{{{empty,&lt;&lt;"_G"&gt;&gt;,{tref,0},empty,&lt;&lt;"_VERSION"&gt;&gt;,&lt;&lt;"Lua 5.3"&gt;&gt;,empty},
           &lt;&lt;"assert"&gt;&gt;,
           {erl_mfa,luerl_lib_basic,assert,undefined},
           {empty,&lt;&lt;"bit32"&gt;&gt;,{tref,5},empty},
           &lt;&lt;"collectgarbage"&gt;&gt;,
           {erl_mfa,luerl_lib_basic,collectgarbage,undefined},
           {empty,&lt;&lt;"debug"&gt;&gt;,{tref,13},empty}},
          &lt;&lt;"dofile"&gt;&gt;,
          {erl_mfa,luerl_lib_basic,dofile,undefined},
          {{empty,&lt;&lt;"eprint"&gt;&gt;,
            {erl_mfa,luerl_lib_basic,eprint,undefined},
            empty},
           &lt;&lt;"error"&gt;&gt;,
           {erl_mfa,luerl_lib_basic,error_call,undefined},
           {empty,&lt;&lt;"getmetatable"&gt;&gt;,
            {erl_mfa,luerl_lib_basic,getmetatable,undefined},
            empty,&lt;&lt;"io"&gt;&gt;,
            {tref,6},
            empty}}},
         &lt;&lt;"ipairs"&gt;&gt;,
         {erl_mfa,luerl_lib_basic,ipairs,undefined},
         {{{empty,&lt;&lt;"load"&gt;&gt;,{erl_mfa,luerl_lib_basic,load,undefined},empty},
           &lt;&lt;"loadfile"&gt;&gt;,
           {erl_mfa,luerl_lib_basic,loadfile,undefined},
           {empty,&lt;&lt;"loadstring"&gt;&gt;,
            {erl_mfa,luerl_lib_basic,loadstring,undefined},
            empty,&lt;&lt;"math"&gt;&gt;,
            {tref,7},
            empty}},
          &lt;&lt;"next"&gt;&gt;,
          {erl_mfa,luerl_lib_basic,next,undefined},
          {{empty,&lt;&lt;"os"&gt;&gt;,{tref,8},empty},
           &lt;&lt;"package"&gt;&gt;,
           {tref,4},
           {empty,&lt;&lt;"pairs"&gt;&gt;,{erl_mfa,luerl_lib_basic,pairs,undefined},empty},
           &lt;&lt;"pcall"&gt;&gt;,
           {erl_mfa,luerl_lib_basic,pcall,undefined},
           {empty,&lt;&lt;"print"&gt;&gt;,
            {erl_mfa,luerl_lib_basic,print,undefined},
            empty}}},
         &lt;&lt;"rawequal"&gt;&gt;,
         {erl_mfa,luerl_lib_basic,rawequal,undefined},
         {{{empty,&lt;&lt;"rawget"&gt;&gt;,
            {erl_mfa,luerl_lib_basic,rawget,undefined},
            empty},
           &lt;&lt;"rawlen"&gt;&gt;,
           {erl_mfa,luerl_lib_basic,rawlen,undefined},
           {empty,&lt;&lt;"rawset"&gt;&gt;,
            {erl_mfa,luerl_lib_basic,rawset,undefined},
            empty,&lt;&lt;"require"&gt;&gt;,
            {erl_mfa,luerl_lib_package,require,undefined},
            empty}},
          &lt;&lt;"select"&gt;&gt;,
          {erl_mfa,luerl_lib_basic,select,undefined},
          {{empty,&lt;&lt;"setmetatable"&gt;&gt;,
            {erl_mfa,luerl_lib_basic,setmetatable,undefined},
            empty},
           &lt;&lt;"string"&gt;&gt;,
           {tref,9},
           {empty,&lt;&lt;"table"&gt;&gt;,{tref,12},empty}},
          &lt;&lt;"tonumber"&gt;&gt;,
          {erl_mfa,luerl_lib_basic,tonumber,undefined},
          {{empty,&lt;&lt;"tostring"&gt;&gt;,
            {erl_mfa,luerl_lib_basic,tostring,undefined},
            empty},
           &lt;&lt;"type"&gt;&gt;,
           {erl_mfa,luerl_lib_basic,type,undefined},
           {empty,&lt;&lt;"unpack"&gt;&gt;,
            {erl_mfa,luerl_lib_basic,unpack,undefined},
            empty,&lt;&lt;"utf8"&gt;&gt;,
            {tref,11},
            empty}}}},
        nil},
      1 =&gt;
       {table,
        {array,3,10,nil,
         {nil,
          {erl_mfa,luerl_lib_package,preload_searcher,undefined},
          {erl_mfa,luerl_lib_package,lua_searcher,undefined},
          nil,nil,nil,nil,nil,nil,nil}},
        empty,nil},
      2 =&gt;
       {table,
        {array,0,10,nil,10},
        {{{empty,&lt;&lt;"_G"&gt;&gt;,{tref,0},empty},
          &lt;&lt;"bit32"&gt;&gt;,
          {tref,5},
          {empty,&lt;&lt;"debug"&gt;&gt;,{tref,13},empty},
          &lt;&lt;"io"&gt;&gt;,
          {tref,6},
          {empty,&lt;&lt;"math"&gt;&gt;,{tref,7},empty}},
         &lt;&lt;"os"&gt;&gt;,
         {tref,8},
         {{empty,&lt;&lt;"package"&gt;&gt;,{tref,4},empty},
          &lt;&lt;"string"&gt;&gt;,
          {tref,9},
          {empty,&lt;&lt;"table"&gt;&gt;,{tref,12},empty,&lt;&lt;"utf8"&gt;&gt;,{tref,11},empty}}},
        nil},
      3 =&gt; {table,{array,0,10,nil,10},empty,nil},
      4 =&gt;
       {table,
        {array,0,10,nil,10},
        {{empty,&lt;&lt;"config"&gt;&gt;,&lt;&lt;"/\n;\n?\n!\n-\n"&gt;&gt;,empty},
         &lt;&lt;"loaded"&gt;&gt;,
         {tref,2},
         {empty,&lt;&lt;"path"&gt;&gt;,&lt;&lt;"./?.lua;./?/init.lua"&gt;&gt;,empty},
         &lt;&lt;"preload"&gt;&gt;,
         {tref,3},
         {empty,&lt;&lt;"searchers"&gt;&gt;,
          {tref,1},
          empty,&lt;&lt;"searchpath"&gt;&gt;,
          {erl_mfa,luerl_lib_package,searchpath,undefined},
          empty}},
        nil},
      5 =&gt;
       {table,
        {array,0,10,nil,10},
        {{{empty,&lt;&lt;"arshift"&gt;&gt;,
           {erl_mfa,luerl_lib_bit32,farshift,undefined},
           empty,&lt;&lt;"band"&gt;&gt;,
           {erl_mfa,luerl_lib_bit32,fband,undefined},
           empty},
          &lt;&lt;"bnot"&gt;&gt;,
          {erl_mfa,luerl_lib_bit32,fbnot,undefined},
          {empty,&lt;&lt;"bor"&gt;&gt;,{erl_mfa,luerl_lib_bit32,fbor,undefined},empty}},
         &lt;&lt;"btest"&gt;&gt;,
         {erl_mfa,luerl_lib_bit32,fbtest,undefined},
         {{empty,&lt;&lt;"bxor"&gt;&gt;,{erl_mfa,luerl_lib_bit32,fbxor,undefined},empty},
          &lt;&lt;"extract"&gt;&gt;,
          {erl_mfa,luerl_lib_bit32,fextract,undefined},
          {empty,&lt;&lt;"lrotate"&gt;&gt;,
           {erl_mfa,luerl_lib_bit32,flrotate,undefined},
           empty}},
         &lt;&lt;"lshift"&gt;&gt;,
         {erl_mfa,luerl_lib_bit32,flshift,undefined},
         {{empty,&lt;&lt;"replace"&gt;&gt;,
           {erl_mfa,luerl_lib_bit32,freplace,undefined},
           empty},
          &lt;&lt;"rrotate"&gt;&gt;,
          {erl_mfa,luerl_lib_bit32,frrotate,undefined},
          {empty,&lt;&lt;"rshift"&gt;&gt;,
           {erl_mfa,luerl_lib_bit32,frshift,undefined},
           empty}}},
        nil},
      6 =&gt;
       {table,
        {array,0,10,nil,10},
        {empty,&lt;&lt;"flush"&gt;&gt;,
         {erl_mfa,luerl_lib_io,flush,undefined},
         empty,&lt;&lt;"write"&gt;&gt;,
         {erl_mfa,luerl_lib_io,write,undefined},
         empty},
        nil},
      7 =&gt;
       {table,
        {array,0,10,nil,10},
        {{{{{empty,&lt;&lt;"abs"&gt;&gt;,{erl_mfa,luerl_lib_math,abs,undefined},empty},
            &lt;&lt;"acos"&gt;&gt;,
            {erl_mfa,luerl_lib_math,acos,undefined},
            {empty,&lt;&lt;"asin"&gt;&gt;,{erl_mfa,luerl_lib_math,asin,undefined},empty}},
           &lt;&lt;"atan"&gt;&gt;,
           {erl_mfa,luerl_lib_math,atan,undefined},
           {{empty,&lt;&lt;"atan2"&gt;&gt;,{erl_mfa,luerl_lib_math,atan2,undefined},empty},
            &lt;&lt;"ceil"&gt;&gt;,
            {erl_mfa,luerl_lib_math,ceil,undefined},
            {empty,&lt;&lt;"cos"&gt;&gt;,{erl_mfa,luerl_lib_math,cos,undefined},empty}}},
          &lt;&lt;"cosh"&gt;&gt;,
          {erl_mfa,luerl_lib_math,cosh,undefined},
          {{{empty,&lt;&lt;"deg"&gt;&gt;,{erl_mfa,luerl_lib_math,deg,undefined},empty},
            &lt;&lt;"exp"&gt;&gt;,
            {erl_mfa,luerl_lib_math,exp,undefined},
            {empty,&lt;&lt;"floor"&gt;&gt;,
             {erl_mfa,luerl_lib_math,floor,undefined},
             empty}},
           &lt;&lt;"fmod"&gt;&gt;,
           {erl_mfa,luerl_lib_math,fmod,undefined},
           {{empty,&lt;&lt;"frexp"&gt;&gt;,{erl_mfa,luerl_lib_math,frexp,undefined},empty},
            &lt;&lt;"huge"&gt;&gt;,1.7976931348623157e308,
            {empty,&lt;&lt;"ldexp"&gt;&gt;,
             {erl_mfa,luerl_lib_math,ldexp,undefined},
             empty}}}},
         &lt;&lt;"log"&gt;&gt;,
         {erl_mfa,luerl_lib_math,log,undefined},
         {{{{empty,&lt;&lt;"log10"&gt;&gt;,{erl_mfa,luerl_lib_math,log10,undefined},empty},
            &lt;&lt;"max"&gt;&gt;,
            {erl_mfa,luerl_lib_math,max,undefined},
            {empty,&lt;&lt;"maxinteger"&gt;&gt;,9223372036854775807,empty}},
           &lt;&lt;"min"&gt;&gt;,
           {erl_mfa,luerl_lib_math,min,undefined},
           {{empty,&lt;&lt;"mininteger"&gt;&gt;,-9223372036854775808,empty},
            &lt;&lt;"modf"&gt;&gt;,
            {erl_mfa,luerl_lib_math,modf,undefined},
            {empty,&lt;&lt;"pi"&gt;&gt;,3.141592653589793,empty}}},
          &lt;&lt;"pow"&gt;&gt;,
          {erl_mfa,luerl_lib_math,pow,undefined},
          {{{empty,&lt;&lt;"rad"&gt;&gt;,{erl_mfa,luerl_lib_math,rad,undefined},empty},
            &lt;&lt;"random"&gt;&gt;,
            {erl_mfa,luerl_lib_math,random,undefined},
            {empty,&lt;&lt;"randomseed"&gt;&gt;,
             {erl_mfa,luerl_lib_math,randomseed,undefined},
             empty}},
           &lt;&lt;"sin"&gt;&gt;,
           {erl_mfa,luerl_lib_math,sin,undefined},
           {{empty,&lt;&lt;"sinh"&gt;&gt;,{erl_mfa,luerl_lib_math,sinh,undefined},empty},
            &lt;&lt;"sqrt"&gt;&gt;,
            {erl_mfa,luerl_lib_math,sqrt,undefined},
            {empty,&lt;&lt;"tan"&gt;&gt;,{erl_mfa,luerl_lib_math,tan,undefined},empty},
            &lt;&lt;"tanh"&gt;&gt;,
            {erl_mfa,luerl_lib_math,tanh,undefined},
            {empty,&lt;&lt;"tointeger"&gt;&gt;,
             {erl_mfa,luerl_lib_math,tointeger,undefined},
             empty,&lt;&lt;"type"&gt;&gt;,
             {erl_mfa,luerl_lib_math,type,undefined},
             empty}}}}},
        nil},
      8 =&gt;
       {table,
        {array,0,10,nil,10},
        {{{empty,&lt;&lt;"clock"&gt;&gt;,{erl_mfa,luerl_lib_os,clock,undefined},empty},
          &lt;&lt;"date"&gt;&gt;,
          {erl_mfa,luerl_lib_os,date,undefined},
          {empty,&lt;&lt;"difftime"&gt;&gt;,
           {erl_mfa,luerl_lib_os,difftime,undefined},
           empty}},
         &lt;&lt;"execute"&gt;&gt;,
         {erl_mfa,luerl_lib_os,execute,undefined},
         {{empty,&lt;&lt;"exit"&gt;&gt;,{erl_mfa,luerl_lib_os,lua_exit,undefined},empty},
          &lt;&lt;"getenv"&gt;&gt;,
          {erl_mfa,luerl_lib_os,getenv,undefined},
          {empty,&lt;&lt;"remove"&gt;&gt;,{erl_mfa,luerl_lib_os,remove,undefined},empty},
          &lt;&lt;"rename"&gt;&gt;,
          {erl_mfa,luerl_lib_os,rename,undefined},
          {empty,&lt;&lt;"time"&gt;&gt;,
           {erl_mfa,luerl_lib_os,time,undefined},
           empty,&lt;&lt;"tmpname"&gt;&gt;,
           {erl_mfa,luerl_lib_os,tmpname,undefined},
           empty}}},
        nil},
      9 =&gt;
       {table,
        {array,0,10,nil,10},
        {{{empty,&lt;&lt;"byte"&gt;&gt;,{erl_mfa,luerl_lib_string,byte,undefined},empty},
          &lt;&lt;"char"&gt;&gt;,
          {erl_mfa,luerl_lib_string,char,undefined},
          {empty,&lt;&lt;"dump"&gt;&gt;,{erl_mfa,luerl_lib_string,dump,undefined},empty}},
         &lt;&lt;"find"&gt;&gt;,
         {erl_mfa,luerl_lib_string,find,undefined},
         {{empty,&lt;&lt;"format"&gt;&gt;,
           {erl_mfa,luerl_lib_string,format,undefined},
           empty},
          &lt;&lt;"gmatch"&gt;&gt;,
          {erl_mfa,luerl_lib_string,gmatch,undefined},
          {empty,&lt;&lt;"gsub"&gt;&gt;,{erl_mfa,luerl_lib_string,gsub,undefined},empty}},
         &lt;&lt;"len"&gt;&gt;,
         {erl_mfa,luerl_lib_string,len,undefined},
         {{empty,&lt;&lt;"lower"&gt;&gt;,{erl_mfa,luerl_lib_string,lower,undefined},empty},
          &lt;&lt;"match"&gt;&gt;,
          {erl_mfa,luerl_lib_string,match,undefined},
          {empty,&lt;&lt;"rep"&gt;&gt;,{erl_mfa,luerl_lib_string,rep,undefined},empty},
          &lt;&lt;"reverse"&gt;&gt;,
          {erl_mfa,luerl_lib_string,reverse,undefined},
          {empty,&lt;&lt;"sub"&gt;&gt;,
           {erl_mfa,luerl_lib_string,sub,undefined},
           empty,&lt;&lt;"upper"&gt;&gt;,
           {erl_mfa,luerl_lib_string,upper,undefined},
           empty}}},
        nil},
      10 =&gt;
       {table,{array,0,10,nil,10},{empty,&lt;&lt;"__index"&gt;&gt;,{tref,9},empty},nil},
      11 =&gt;
       {table,
        {array,0,10,nil,10},
        {{empty,&lt;&lt;"char"&gt;&gt;,{erl_mfa,luerl_lib_utf8,utf8_char,undefined},empty},
         &lt;&lt;"charpattern"&gt;&gt;,
         &lt;&lt;91,0,45,127,194,45,244,93,91,128,45,191,93,42&gt;&gt;,
         {empty,&lt;&lt;"codepoint"&gt;&gt;,
          {erl_mfa,luerl_lib_utf8,codepoint,undefined},
          empty},
         &lt;&lt;"codes"&gt;&gt;,
         {erl_mfa,luerl_lib_utf8,codes,undefined},
         {empty,&lt;&lt;"len"&gt;&gt;,
          {erl_mfa,luerl_lib_utf8,utf8_len,undefined},
          empty,&lt;&lt;"offset"&gt;&gt;,
          {erl_mfa,luerl_lib_utf8,offset,undefined},
          empty}},
        nil},
      12 =&gt;
       {table,
        {array,0,10,nil,10},
        {{empty,&lt;&lt;"concat"&gt;&gt;,{erl_mfa,luerl_lib_table,concat,undefined},empty},
         &lt;&lt;"insert"&gt;&gt;,
         {erl_mfa,luerl_lib_table,insert,undefined},
         {empty,&lt;&lt;"pack"&gt;&gt;,{erl_mfa,luerl_lib_table,pack,undefined},empty},
         &lt;&lt;"remove"&gt;&gt;,
         {erl_mfa,luerl_lib_table,remove,undefined},
         {empty,&lt;&lt;"sort"&gt;&gt;,
          {erl_mfa,luerl_lib_table,sort,undefined},
          empty,&lt;&lt;"unpack"&gt;&gt;,
          {erl_mfa,luerl_lib_table,unpack,undefined},
          empty}},
        nil},
      13 =&gt;
       {table,
        {array,0,10,nil,10},
        {{empty,&lt;&lt;"getmetatable"&gt;&gt;,
          {erl_mfa,luerl_lib_debug,getmetatable,undefined},
          empty},
         &lt;&lt;"getuservalue"&gt;&gt;,
         {erl_mfa,luerl_lib_debug,getuservalue,undefined},
         {empty,&lt;&lt;"setmetatable"&gt;&gt;,
          {erl_mfa,luerl_lib_debug,setmetatable,undefined},
          empty,&lt;&lt;"setuservalue"&gt;&gt;,
          {erl_mfa,luerl_lib_debug,setuservalue,undefined},
          empty}},
        nil},
      14 =&gt;
       {table,
        {array,0,10,nil,10},
        {{{empty,&lt;&lt;"Tab"&gt;&gt;,{funref,23,[{eref,0}]},empty},
          &lt;&lt;"_version"&gt;&gt;,&lt;&lt;"0.0.5"&gt;&gt;,
          {empty,&lt;&lt;"compose"&gt;&gt;,{funref,4,[{eref,7},{eref,0}]},empty},
          &lt;&lt;"concat"&gt;&gt;,
          {funref,4,[{eref,1},{eref,0}]},
          {empty,&lt;&lt;"curry"&gt;&gt;,{funref,5,[{eref,0}]},empty}},
         &lt;&lt;"filter"&gt;&gt;,
         {funref,4,[{eref,4},{eref,0}]},
         {{empty,&lt;&lt;"find"&gt;&gt;,{funref,4,[{eref,5},{eref,0}]},empty},
          &lt;&lt;"includes"&gt;&gt;,
          {funref,4,[{eref,9},{eref,0}]},
          {empty,&lt;&lt;"keys"&gt;&gt;,
           {funref,21,[{eref,0}]},
           empty,&lt;&lt;"map"&gt;&gt;,
           {funref,4,[{eref,3},{eref,0}]},
           empty}},
         &lt;&lt;"matchesPattern"&gt;&gt;,
         {funref,0,[{eref,0}]},
         {{empty,&lt;&lt;"matchesSpec"&gt;&gt;,
           {funref,1,[{eref,0}]},
           empty,&lt;&lt;"prop"&gt;&gt;,
           {funref,4,[{eref,8},{eref,0}]},
           empty},
          &lt;&lt;"propEq"&gt;&gt;,
          {funref,4,[{eref,6},{eref,0}]},
          {empty,&lt;&lt;"reduce"&gt;&gt;,{funref,4,[{eref,2},{eref,0}]},empty},
          &lt;&lt;"reverse"&gt;&gt;,
          {funref,15,[{eref,0}]},
          {empty,&lt;&lt;"values"&gt;&gt;,{funref,22,[{eref,0}]},empty}}},
        nil}},
    [],15},
   {tstruct,
    #{0 =&gt; {{tref,14},{funref,2,[{eref,0}]}},
      1 =&gt; {{funref,6,[{eref,0}]},2},
      2 =&gt; {{funref,7,[{eref,0}]},3},
      3 =&gt; {{funref,9,[{eref,0}]},2},
      4 =&gt; {{funref,11,[{eref,0}]},2},
      5 =&gt; {{funref,12,[{eref,0}]},2},
      6 =&gt; {{funref,13,[{eref,0}]},3},
      7 =&gt; {{funref,17,[{eref,0}]},2},
      8 =&gt; {{funref,18,[{eref,0}]},2},
      9 =&gt; {{funref,20,[{eref,0}]},2}},
    [],10},
   {tstruct,#{},[],0},
   {tstruct,
    #{0 =&gt;
       {lua_func,
        [30,{file,&lt;&lt;"-no-file-"&gt;&gt;},{name,&lt;&lt;"utils.matchesPattern"&gt;&gt;}],
        [],3,0,
        [1,2,3],
        [{push_args,[1,2,3]},
         {store_lvar,1,3},
         {store_lvar,1,2},
         {store_lvar,1,1},
         {current_line,32,&lt;&lt;"-no-file-"&gt;&gt;},
         {push_lvar,1,1},
         {op,'not',1},
         {if_true,
          [{block_open,0,0},
           {current_line,33,&lt;&lt;"-no-file-"&gt;&gt;},
           {push_last_lit,false},
           {return,1},
           block_close]},
         {current_line,36,&lt;&lt;"-no-file-"&gt;&gt;},
         {push_lvar,1,1},
         {push_lit,&lt;&lt;"_"&gt;&gt;},
         {op,'==',2},
         {if_true,
          [{block_open,0,0},
           {current_line,37,&lt;&lt;"-no-file-"&gt;&gt;},
           {push_last_lit,true},
           {return,1},
           block_close]},
         {current_line,40,&lt;&lt;"-no-file-"&gt;&gt;},
         {push_gvar,&lt;&lt;"type"&gt;&gt;},
         {push_last_lvar,1,1},
         {pop_args,1},
         fcall,single,
         {push_lit,&lt;&lt;"function"&gt;&gt;},
         {op,'==',2},
         {if_true,
          [{block_open,0,0},
           {current_line,41,&lt;&lt;"-no-file-"&gt;&gt;},
           {push_lvar,2,1},
           {push_lvar,2,2},
           {push_last_lvar,2,3},
[...]
         {push_evar,2,1},
         {push_last_lvar,1,2},
         {pop_args,1},
         fcall,single,
         {if_true,
          [{block_open,0,0},
           {current_line,243,&lt;&lt;"-no-file-"&gt;&gt;},
           {push_gvar,&lt;&lt;"table"&gt;&gt;},
           {get_lit_key,&lt;&lt;"insert"&gt;&gt;},
           {push_lvar,2,1},
           {push_last_lvar,2,2},
           {pop_args,2},
           fcall,pop,block_close]},
         {current_line,245,&lt;&lt;"-no-file-"&gt;&gt;},
         {push_last_lvar,1,1},
         {return,1},
         {return,0}]},
      11 =&gt;
       {lua_func,
        [237,{file,&lt;&lt;"-no-file-"&gt;&gt;}],
        [{funref,10,[]}],
        2,1,
        [-1,1],
        [{push_args,[-1,1]},
         {store_lvar,1,1},
         {store_evar,1,1},
         {current_line,238,&lt;&lt;"-no-file-"&gt;&gt;},
         {push_gvar,&lt;&lt;"assert"&gt;&gt;},
         {push_gvar,&lt;&lt;"type"&gt;&gt;},
         {push_last_evar,1,1},
         {pop_args,1},
         fcall,single,
         {push_lit,&lt;&lt;"function"&gt;&gt;},
         {op,'==',2},
         {push_last_lit,&lt;&lt;"first argument should be a unary function"&gt;&gt;},
         {pop_args,2},
         fcall,pop,
         {current_line,239,&lt;&lt;"-no-file-"&gt;&gt;},
         {push_gvar,&lt;&lt;"assert"&gt;&gt;},
         {push_gvar,&lt;&lt;"type"&gt;&gt;},
         {push_last_lvar,1,1},
         {pop_args,1},
         fcall,single,
         {push_lit,&lt;&lt;"table"&gt;&gt;},
         {op,'==',2},
         {and_then,
          [{push_evar,2,2},{push_last_lvar,1,1},{pop_args,1},fcall,single]},
         {push_last_lit,&lt;&lt;"second argument should be an Array"&gt;&gt;},
         {pop_args,2},
         fcall,pop,
         {current_line,241,&lt;&lt;"-no-file-"&gt;&gt;},
         {push_fdef,{funref,10,[]}},
         {store_lvar,1,2},
         {current_line,248,&lt;&lt;"-no-file-"&gt;&gt;},
         {push_evar,2,1},
         {get_lit_key,&lt;&lt;"reduce"&gt;&gt;},
         {push_lvar,1,2},
         {push_lit,[]},
         {build_tab,0,1},
         {push_last_lvar,1,1},
         {pop_args,3},
         fcall,
         {return,1},
         {return,0}]},
      12 =&gt;
       {lua_func,
        [258,{file,&lt;&lt;"-no-file-"&gt;&gt;}],
        [],2,0,
        [1,2],
        [{push_args,[1,2]},
         {store_lvar,1,2},
         {store_lvar,1,1},
         {current_line,259,&lt;&lt;"-no-file-"&gt;&gt;},
         {push_gvar,&lt;&lt;"assert"&gt;&gt;},
         {push_gvar,&lt;&lt;"type"&gt;&gt;},
         {push_last_lvar,1,1},
         {pop_args,1},
         fcall,single,
         {push_lit,&lt;&lt;"function"&gt;&gt;},
         {op,'==',2},
         {push_last_lit,&lt;&lt;"first argument should be a unary function"&gt;&gt;},
         {pop_args,2},
         fcall,pop,
         {current_line,260,&lt;&lt;"-no-file-"&gt;&gt;},
         {push_gvar,&lt;&lt;"assert"&gt;&gt;},
         {push_gvar,&lt;&lt;"type"&gt;&gt;},
         {push_last_lvar,1,2},
         {pop_args,1},
         fcall,single,
         {push_lit,&lt;&lt;"table"&gt;&gt;},
         {op,'==',2},
         {push_last_lit,
          &lt;&lt;"second argument should be a table that is an array"&gt;&gt;},
         {pop_args,2},
         fcall,pop,
         {current_line,261,&lt;&lt;"-no-file-"&gt;&gt;},
         {push_gvar,&lt;&lt;"pairs"&gt;&gt;},
         {push_last_lvar,1,2},
         {pop_args,1},
         fcall,
         {pop_vals,1},
         {gfor,
          [{lvar,261,&lt;&lt;"_"&gt;&gt;,1,1},{lvar,261,&lt;&lt;"v"&gt;&gt;,1,2}],
          [{block_open,2,0},
           {push_vals,2},
           {store_lvar,1,2},
           {store_lvar,1,1},
           {current_line,262,&lt;&lt;"-no-file-"&gt;&gt;},
           {push_lvar,2,1},
           {push_last_lvar,1,2},
           {pop_args,1},
           fcall,single,
           {if_true,
            [{block_open,0,0},
             {current_line,263,&lt;&lt;"-no-file-"&gt;&gt;},
             {push_last_lvar,2,2},
             {return,1},
             block_close]},
           block_close]},
         {return,0}]},
      13 =&gt;
       {lua_func,
        [276,{file,&lt;&lt;"-no-file-"&gt;&gt;}],
        [],3,0,
        [1,2,3],
        [{push_args,[1,2,3]},
         {store_lvar,1,3},
         {store_lvar,1,2},
         {store_lvar,1,1},
         {current_line,277,&lt;&lt;"-no-file-"&gt;&gt;},
         {push_gvar,&lt;&lt;"assert"&gt;&gt;},
         {push_gvar,&lt;&lt;"type"&gt;&gt;},
         {push_last_lvar,1,1},
         {pop_args,1},
         fcall,single,
         {push_lit,&lt;&lt;"string"&gt;&gt;},
         {op,'==',2},
         {push_last_lit,&lt;&lt;"first argument should be a string"&gt;&gt;},
         {pop_args,2},
         fcall,pop,
         {current_line,278,&lt;&lt;"-no-file-"&gt;&gt;},
         {push_gvar,&lt;&lt;"assert"&gt;&gt;},
         {push_gvar,&lt;&lt;"type"&gt;&gt;},
         {push_last_lvar,1,2},
         {pop_args,1},
         fcall,single,
         {push_lit,&lt;&lt;"string"&gt;&gt;},
         {op,'==',2},
         {push_last_lit,&lt;&lt;"second argument should be a string"&gt;&gt;},
         {pop_args,2},
         fcall,pop,
         {current_line,279,&lt;&lt;"-no-file-"&gt;&gt;},
         {push_gvar,&lt;&lt;"assert"&gt;&gt;},
         {push_gvar,&lt;&lt;"type"&gt;&gt;},
         {push_last_lvar,1,3},
         {pop_args,1},
         fcall,single,
         {push_lit,&lt;&lt;"table"&gt;&gt;},
         {op,'==',2},
         {push_last_lit,&lt;&lt;"third argument should be a table&lt;object&gt;"&gt;&gt;},
         {pop_args,2},
         fcall,pop,
         {current_line,281,&lt;&lt;"-no-file-"&gt;&gt;},
         {push_lvar,1,3},
         {push_lvar,1,1},
         get_key,
         {push_lvar,1,2},
         {op,'==',2},
         multiple,
         {return,1},
         {return,0}]},
      14 =&gt;
       {lua_func,
        [293,{file,&lt;&lt;"-no-file-"&gt;&gt;}],
        [],3,0,
        [1,2,3],
        [{push_args,[1,2,3]},
         {store_lvar,1,3},
         {store_lvar,1,2},
         {store_lvar,1,1},
         {current_line,294,&lt;&lt;"-no-file-"&gt;&gt;},
         {push_lvar,1,2},
         {push_lvar,1,1},
         {push_evar,2,1},
         {op,'#',1},
         {push_lvar,1,3},
         {op,'-',2},
         {push_lit,1},
         {op,'+',2},
         set_key,
         {current_line,295,&lt;&lt;"-no-file-"&gt;&gt;},
         {push_last_lvar,1,1},
         {return,1},
         {return,0}]},
      15 =&gt;
       {lua_func,
        [290,{file,&lt;&lt;"-no-file-"&gt;&gt;}],
        [{funref,14,[]}],
        0,1,
        [-1],
        [{push_args,[-1]},
         {store_evar,1,1},
         {current_line,291,&lt;&lt;"-no-file-"&gt;&gt;},
         {push_gvar,&lt;&lt;"assert"&gt;&gt;},
         {push_gvar,&lt;&lt;"type"&gt;&gt;},
         {push_last_evar,1,1},
         {pop_args,1},
         fcall,single,
         {push_lit,&lt;&lt;"table"&gt;&gt;},
         {op,'==',2},
         {push_last_lit,&lt;&lt;"argument needs to be a table that is an array"&gt;&gt;},
         {pop_args,2},
         fcall,pop,
         {current_line,292,&lt;&lt;"-no-file-"&gt;&gt;},
         {push_evar,2,1},
         {get_lit_key,&lt;&lt;"reduce"&gt;&gt;},
         {push_fdef,{funref,14,[]}},
         {push_lit,[]},
         {build_tab,0,1},
         {push_last_evar,1,1},
         {pop_args,3},
         fcall,
         {return,1},
         {return,0}]},
      16 =&gt;
       {lua_func,
        [311,{file,&lt;&lt;"-no-file-"&gt;&gt;}],
        [],2,0,
        [1],
        [{push_args,[1]},
         {store_lvar,1,1},
         {current_line,312,&lt;&lt;"-no-file-"&gt;&gt;},
         {push_lvar,1,1},
         {store_lvar,1,2},
         {current_line,313,&lt;&lt;"-no-file-"&gt;&gt;},
         {push_gvar,&lt;&lt;"pairs"&gt;&gt;},
         {push_last_evar,2,1},
         {pop_args,1},
         fcall,
         {pop_vals,1},
         {gfor,
          [{lvar,313,&lt;&lt;"_"&gt;&gt;,1,1},{lvar,313,&lt;&lt;"fn"&gt;&gt;,1,2}],
          [{block_open,2,0},
           {push_vals,2},
           {store_lvar,1,2},
           {store_lvar,1,1},
           {current_line,314,&lt;&lt;"-no-file-"&gt;&gt;},
           {push_gvar,&lt;&lt;"assert"&gt;&gt;},
           {push_gvar,&lt;&lt;"type"&gt;&gt;},
           {push_last_lvar,1,2},
           {pop_args,1},
           fcall,single,
           {push_lit,&lt;&lt;"function"&gt;&gt;},
           {op,'==',2},
           {push_last_lit,&lt;&lt;"each argument needs to be a function"&gt;&gt;},
           {pop_args,2},
           fcall,pop,
           {current_line,315,&lt;&lt;"-no-file-"&gt;&gt;},
           {push_lvar,1,2},
           {push_last_lvar,2,2},
           {pop_args,1},
           fcall,single,
           {store_lvar,2,2},
           block_close]},
         {current_line,317,&lt;&lt;"-no-file-"&gt;&gt;},
         {push_last_lvar,1,2},
         {return,1},
         {return,0}]},
      17 =&gt;
       {lua_func,
        [308,{file,&lt;&lt;"-no-file-"&gt;&gt;}],
        [{funref,16,[]}],
        1,1,1,
        [{push_args,1},
         {store_lvar,1,1},
         {current_line,309,&lt;&lt;"-no-file-"&gt;&gt;},
         {push_evar,2,1},
         {get_lit_key,&lt;&lt;"reverse"&gt;&gt;},
         {push_lvar,1,1},
         {build_tab,0,1},
         multiple,
         {pop_args,1},
         fcall,single,
         {store_evar,1,1},
         {current_line,311,&lt;&lt;"-no-file-"&gt;&gt;},
         {push_fdef,{funref,16,[]}},
         multiple,
         {return,1},
         {return,0}]},
      18 =&gt;
       {lua_func,
        [328,{file,&lt;&lt;"-no-file-"&gt;&gt;}],
        [],2,0,
        [1,2],
        [{push_args,[1,2]},
         {store_lvar,1,2},
         {store_lvar,1,1},
         {current_line,329,&lt;&lt;"-no-file-"&gt;&gt;},
         {push_lvar,1,2},
         {push_lvar,1,1},
         get_key,multiple,
         {return,1},
         {return,0}]},
      19 =&gt;
       {lua_func,
        [342,{file,&lt;&lt;"-no-file-"&gt;&gt;}],
        [],1,0,
        [1],
        [{push_args,[1]},
         {store_lvar,1,1},
         {current_line,342,&lt;&lt;"-no-file-"&gt;&gt;},
         {push_lvar,1,1},
         {push_evar,2,1},
         {op,'==',2},
         multiple,
         {return,1},
         {return,0}]},
      20 =&gt;
       {lua_func,
        [339,{file,&lt;&lt;"-no-file-"&gt;&gt;}],
        [{funref,19,[]}],
        1,1,
        [-1,1],
        [{push_args,[-1,1]},
         {store_lvar,1,1},
         {store_evar,1,1},
         {current_line,340,&lt;&lt;"-no-file-"&gt;&gt;},
         {push_gvar,&lt;&lt;"assert"&gt;&gt;},
         {push_gvar,&lt;&lt;"type"&gt;&gt;},
         {push_last_lvar,1,1},
         {pop_args,1},
         fcall,single,
         {push_lit,&lt;&lt;"table"&gt;&gt;},
         {op,'==',2},
         {push_last_lit,&lt;&lt;"argument needs to be a table"&gt;&gt;},
         {pop_args,2},
         fcall,pop,
         {current_line,341,&lt;&lt;"-no-file-"&gt;&gt;},
         {push_gvar,&lt;&lt;"assert"&gt;&gt;},
         {push_evar,2,2},
         {push_last_lvar,1,1},
         {pop_args,1},
         fcall,single,
         {push_last_lit,&lt;&lt;"argument should be a table that is an array"&gt;&gt;},
         {pop_args,2},
         fcall,pop,
         {current_line,342,&lt;&lt;"-no-file-"&gt;&gt;},
         {push_evar,2,1},
         {get_lit_key,&lt;&lt;"find"&gt;&gt;},
         {push_fdef,{funref,19,[]}},
         {push_last_lvar,1,1},
         {pop_args,2},
         fcall,single,
         {push_lit,nil},
         {op,'~=',2},
         multiple,
         {return,1},
         {return,0}]},
      21 =&gt;
       {lua_func,
        [350,{file,&lt;&lt;"-no-file-"&gt;&gt;}],
        [],2,0,
        [1],
        [{push_args,[1]},
         {store_lvar,1,1},
         {current_line,351,&lt;&lt;"-no-file-"&gt;&gt;},
         {push_gvar,&lt;&lt;"assert"&gt;&gt;},
         {push_gvar,&lt;&lt;"type"&gt;&gt;},
         {push_last_lvar,1,1},
         {pop_args,1},
         fcall,single,
         {push_lit,&lt;&lt;"table"&gt;&gt;},
         {op,'==',2},
         {push_last_lit,&lt;&lt;"argument needs to be a table"&gt;&gt;},
         {pop_args,2},
         fcall,pop,
         {current_line,352,&lt;&lt;"-no-file-"&gt;&gt;},
         {push_lit,[]},
         {build_tab,0,1},
         {store_lvar,1,2},
         {current_line,353,&lt;&lt;"-no-file-"&gt;&gt;},
         {push_gvar,&lt;&lt;"pairs"&gt;&gt;},
         {push_last_lvar,1,1},
         {pop_args,1},
         fcall,
         {pop_vals,1},
         {gfor,
          [{lvar,353,&lt;&lt;"key"&gt;&gt;,1,1}],
          [{block_open,1,0},
           {push_vals,1},
           {store_lvar,1,1},
           {current_line,354,&lt;&lt;"-no-file-"&gt;&gt;},
           {push_gvar,&lt;&lt;"table"&gt;&gt;},
           {get_lit_key,&lt;&lt;"insert"&gt;&gt;},
           {push_lvar,2,2},
           {push_last_lvar,1,1},
           {pop_args,2},
           fcall,pop,block_close]},
         {current_line,356,&lt;&lt;"-no-file-"&gt;&gt;},
         {push_last_lvar,1,2},
         {return,1},
         {return,0}]},
      22 =&gt;
       {lua_func,
        [364,{file,&lt;&lt;"-no-file-"&gt;&gt;}],
        [],2,0,
        [1],
        [{push_args,[1]},
         {store_lvar,1,1},
         {current_line,365,&lt;&lt;"-no-file-"&gt;&gt;},
         {push_gvar,&lt;&lt;"assert"&gt;&gt;},
         {push_gvar,&lt;&lt;"type"&gt;&gt;},
         {push_last_lvar,1,1},
         {pop_args,1},
         fcall,single,
         {push_lit,&lt;&lt;"table"&gt;&gt;},
         {op,'==',2},
         {push_last_lit,&lt;&lt;"argument needs to be a table"&gt;&gt;},
         {pop_args,2},
         fcall,pop,
         {current_line,366,&lt;&lt;"-no-file-"&gt;&gt;},
         {push_lit,[]},
         {build_tab,0,1},
         {store_lvar,1,2},
         {current_line,367,&lt;&lt;"-no-file-"&gt;&gt;},
         {push_gvar,&lt;&lt;"pairs"&gt;&gt;},
         {push_last_lvar,1,1},
         {pop_args,1},
         fcall,
         {pop_vals,1},
         {gfor,
          [{lvar,367,&lt;&lt;"_"&gt;&gt;,1,1},{lvar,367,&lt;&lt;"value"&gt;&gt;,1,2}],
          [{block_open,2,0},
           {push_vals,2},
           {store_lvar,1,2},
           {store_lvar,1,1},
           {current_line,368,&lt;&lt;"-no-file-"&gt;&gt;},
           {push_gvar,&lt;&lt;"table"&gt;&gt;},
           {get_lit_key,&lt;&lt;"insert"&gt;&gt;},
           {push_lvar,2,2},
           {push_last_lvar,1,2},
           {pop_args,2},
           fcall,pop,block_close]},
         {current_line,370,&lt;&lt;"-no-file-"&gt;&gt;},
         {push_last_lvar,1,2},
         {return,1},
         {return,0}]},
      23 =&gt;
       {lua_func,
        [377,{file,&lt;&lt;"-no-file-"&gt;&gt;},{name,&lt;&lt;"utils.Tab"&gt;&gt;}],
        [],2,0,
        [1],
        [{push_args,[1]},
         {store_lvar,1,1},
         {current_line,378,&lt;&lt;"-no-file-"&gt;&gt;},
         {push_lit,[]},
         {build_tab,0,1},
         {store_lvar,1,2},
         {current_line,379,&lt;&lt;"-no-file-"&gt;&gt;},
         {push_gvar,&lt;&lt;"ipairs"&gt;&gt;},
         {push_lvar,1,1},
         {get_lit_key,&lt;&lt;"Tags"&gt;&gt;},
         multiple,
         {pop_args,1},
         fcall,
         {pop_vals,1},
         {gfor,
          [{lvar,379,&lt;&lt;"_"&gt;&gt;,1,1},{lvar,379,&lt;&lt;"o"&gt;&gt;,1,2}],
          [{block_open,2,0},
           {push_vals,2},
           {store_lvar,1,2},
           {store_lvar,1,1},
           {current_line,380,&lt;&lt;"-no-file-"&gt;&gt;},
           {push_lvar,2,2},
           {push_lvar,1,2},
           {get_lit_key,&lt;&lt;"name"&gt;&gt;},
           get_key,
           {op,'not',1},
           {if_true,
            [{block_open,0,0},
             {current_line,381,&lt;&lt;"-no-file-"&gt;&gt;},
             {push_lvar,2,2},
             {get_lit_key,&lt;&lt;"value"&gt;&gt;},
             {push_lvar,3,2},
             {push_lvar,2,2},
             {get_lit_key,&lt;&lt;"name"&gt;&gt;},
             set_key,block_close]},
           block_close]},
         {current_line,384,&lt;&lt;"-no-file-"&gt;&gt;},
         {push_last_lvar,1,2},
         {return,1},
         {return,0}]},
      24 =&gt;
       {lua_func,
        [1,{file,&lt;&lt;"-no-file-"&gt;&gt;}],
        [{funref,0,[]},
         {funref,1,[]},
         {funref,2,[]},
         {funref,5,[]},
         {funref,6,[]},
         {funref,7,[]},
         {funref,9,[]},
         {funref,11,[]},
         {funref,12,[]},
         {funref,13,[]},
         {funref,15,[]},
         {funref,17,[]},
         {funref,18,[]},
         {funref,20,[]},
         {funref,21,[]},
         {funref,22,[]},
         {funref,23,[]}],
        1,2,1,
        [{push_args,1},
         {store_lvar,1,1},
         {current_line,22,&lt;&lt;"-no-file-"&gt;&gt;},
         {push_lit,&lt;&lt;"_version"&gt;&gt;},
         {push_lit,&lt;&lt;"0.0.5"&gt;&gt;},
         {push_lit,[]},
         {build_tab,1,1},
         {store_evar,1,1},
         {current_line,30,&lt;&lt;"-no-file-"&gt;&gt;},
         {push_fdef,{funref,0,[]}},
         {push_evar,1,1},
         {set_lit_key,&lt;&lt;"matchesPattern"&gt;&gt;},
         {current_line,78,&lt;&lt;"-no-file-"&gt;&gt;},
         {push_fdef,{funref,1,[]}},
         {push_evar,1,1},
         {set_lit_key,&lt;&lt;"matchesSpec"&gt;&gt;},
         {current_line,121,&lt;&lt;"-no-file-"&gt;&gt;},
         {push_fdef,{funref,2,[]}},
         {store_evar,1,2},
         {current_line,140,&lt;&lt;"-no-file-"&gt;&gt;},
         {push_fdef,{funref,5,[]}},
         {push_evar,1,1},
         {set_lit_key,&lt;&lt;"curry"&gt;&gt;},
         {current_line,173,&lt;&lt;"-no-file-"&gt;&gt;},
         {push_evar,1,1},
         {get_lit_key,&lt;&lt;"curry"&gt;&gt;},
         {push_fdef,{funref,6,[]}},
         {push_last_lit,2},
         {pop_args,2},
         fcall,single,
         {push_evar,1,1},
         {set_lit_key,&lt;&lt;"concat"&gt;&gt;},
         {current_line,197,&lt;&lt;"-no-file-"&gt;&gt;},
         {push_evar,1,1},
         {get_lit_key,&lt;&lt;"curry"&gt;&gt;},
         {push_fdef,{funref,7,[]}},
         {push_last_lit,3},
         {pop_args,2},
         fcall,single,
         {push_evar,1,1},
         {set_lit_key,&lt;&lt;"reduce"&gt;&gt;},
         {current_line,218,&lt;&lt;"-no-file-"&gt;&gt;},
         {push_evar,1,1},
         {get_lit_key,&lt;&lt;"curry"&gt;&gt;},
         {push_fdef,{funref,9,[]}},
         {push_last_lit,2},
         {pop_args,2},
         fcall,single,
         {push_evar,1,1},
         {set_lit_key,&lt;&lt;"map"&gt;&gt;},
         {current_line,237,&lt;&lt;"-no-file-"&gt;&gt;},
         {push_evar,1,1},
         {get_lit_key,&lt;&lt;"curry"&gt;&gt;},
         {push_fdef,{funref,11,[]}},
         {push_last_lit,2},
         {pop_args,2},
         fcall,single,
         {push_evar,1,1},
         {set_lit_key,&lt;&lt;"filter"&gt;&gt;},
         {current_line,258,&lt;&lt;"-no-file-"&gt;&gt;},
         {push_evar,1,1},
         {get_lit_key,&lt;&lt;"curry"&gt;&gt;},
         {push_fdef,{funref,12,[]}},
         {push_last_lit,2},
         {pop_args,2},
         fcall,single,
         {push_evar,1,1},
         {set_lit_key,&lt;&lt;"find"&gt;&gt;},
         {current_line,276,&lt;&lt;"-no-file"...&gt;&gt;},
         {push_evar,1,1},
         {get_lit_key,&lt;&lt;"curr"...&gt;&gt;},
         {push_fdef,{...}},
         {push_last_lit,...},
         {...}|...]}},
    [],25},
   {tref,0},
   [],[],
   {meta,nil,nil,nil,{tref,10}},
   {#{max =&gt; 18446744073709551615,type =&gt; exs1024,
      next =&gt; #Fun&lt;rand.11.17836546&gt;,jump =&gt; #Fun&lt;rand.12.17836546&gt;},
    {[16898173417633969983,7133013278068982492,2916770558118167574,
      8109095642014031518,9991104284982204719,17490664144057014704,
      15178120581038706566,10983977748977734361,18360273041226573642,
      6616697934637562650,7928039742119220833,13506261665688120445,
      2092161493218838067,8002727513457843169,9571272435413307389,
      15440418458436381377],
     []}},
   #Ref&lt;0.3950608929.4114874375.129724&gt;,none,undefined,#{}}}}
    </error>
    <system-out>
    </system-out>
  </testcase>
</testsuite>
