<?xml version="1.0" encoding="UTF-8" ?>
<testsuite tests="7" failures="0" errors="7" skipped="0" time="0.078" name="module 'aos_authorities_test'">
  <testcase time="0.045" name="aos_authorities_test:0 authorities_parsing_test">
    <error type="error">
::in function aos_authorities_test:authorities_parsing_test/0 (/Users/rakis/demos/hyper-aos-demo/aos_test_suite/test/security/aos_authorities_test.erl, line 37)
in call from eunit_test:'-mf_wrapper/2-fun-0-'/2 (eunit_test.erl, line 274)
in call from eunit_test:run_testfun/1 (eunit_test.erl, line 72)
in call from eunit_proc:run_test/1 (eunit_proc.erl, line 544)
in call from eunit_proc:with_timeout/3 (eunit_proc.erl, line 369)
in call from eunit_proc:handle_test/2 (eunit_proc.erl, line 527)
in call from eunit_proc:tests_inorder/3 (eunit_proc.erl, line 469)
in call from eunit_proc:with_timeout/3 (eunit_proc.erl, line 359)
**error:{badmatch,
 {nil,
  {luerl,
   {tstruct,
    #{18 =&gt;
       {table,
        {array,49,100,nil,
         {{nil,&lt;&lt;"assert"&gt;&gt;,&lt;&lt;"collectgarbage"&gt;&gt;,&lt;&lt;"dofile"&gt;&gt;,&lt;&lt;"error"&gt;&gt;,
           &lt;&lt;"getmetatable"&gt;&gt;,&lt;&lt;"ipairs"&gt;&gt;,&lt;&lt;"load"&gt;&gt;,&lt;&lt;"loadfile"&gt;&gt;,
           &lt;&lt;"loadstring"&gt;&gt;},
          {&lt;&lt;"next"&gt;&gt;,&lt;&lt;"pairs"&gt;&gt;,&lt;&lt;"pcall"&gt;&gt;,&lt;&lt;"print"&gt;&gt;,&lt;&lt;"rawequal"&gt;&gt;,
           &lt;&lt;"rawget"&gt;&gt;,&lt;&lt;"rawlen"&gt;&gt;,&lt;&lt;"rawset"&gt;&gt;,&lt;&lt;"require"&gt;&gt;,&lt;&lt;"select"&gt;&gt;},
          {&lt;&lt;"setmetatable"&gt;&gt;,&lt;&lt;"tonumber"&gt;&gt;,&lt;&lt;"tostring"&gt;&gt;,&lt;&lt;"type"&gt;&gt;,
           &lt;&lt;"xpcall"&gt;&gt;,&lt;&lt;"_VERSION"&gt;&gt;,&lt;&lt;"coroutine"&gt;&gt;,&lt;&lt;"debug"&gt;&gt;,&lt;&lt;"io"&gt;&gt;,
           &lt;&lt;"math"&gt;&gt;},
          {&lt;&lt;"os"&gt;&gt;,&lt;&lt;"package"&gt;&gt;,&lt;&lt;"string"&gt;&gt;,&lt;&lt;"table"&gt;&gt;,&lt;&lt;"utf8"&gt;&gt;,
           &lt;&lt;"compute"&gt;&gt;,&lt;&lt;"eval"&gt;&gt;,&lt;&lt;"send"&gt;&gt;,&lt;&lt;"prompt"&gt;&gt;,&lt;&lt;"removeCR"&gt;&gt;},
          {&lt;&lt;"isSimpleArray"&gt;&gt;,&lt;&lt;"stringify"&gt;&gt;,&lt;&lt;"_OUTPUT"&gt;&gt;,
           &lt;&lt;"MAX_INBOX_SIZE"&gt;&gt;,&lt;&lt;"SYSTEM_KEYS"&gt;&gt;,&lt;&lt;"meta"&gt;&gt;,&lt;&lt;"utils"&gt;&gt;,
           &lt;&lt;"State"&gt;&gt;,&lt;&lt;"_G"&gt;&gt;,nil},
          10,10,10,10,10,10}},
        empty,nil},
      4 =&gt;
       {table,
        {array,0,10,nil,10},
        {{empty,&lt;&lt;"config"&gt;&gt;,&lt;&lt;"/\n;\n?\n!\n-\n"&gt;&gt;,empty},
         &lt;&lt;"loaded"&gt;&gt;,
         {tref,2},
         {empty,&lt;&lt;"path"&gt;&gt;,&lt;&lt;"./?.lua;./?/init.lua"&gt;&gt;,empty},
         &lt;&lt;"preload"&gt;&gt;,
         {tref,3},
         {empty,&lt;&lt;"searchers"&gt;&gt;,
          {tref,1},
          empty,&lt;&lt;"searchpath"&gt;&gt;,
          {erl_mfa,luerl_lib_package,searchpath,undefined},
          empty}},
        nil},
      34 =&gt; {table,{array,0,10,nil,10},empty,nil},
      46 =&gt; {table,{array,0,10,nil,10},empty,nil},
      12 =&gt;
       {table,
        {array,0,10,nil,10},
        {{empty,&lt;&lt;"concat"&gt;&gt;,{erl_mfa,luerl_lib_table,concat,undefined},empty},
         &lt;&lt;"insert"&gt;&gt;,
         {erl_mfa,luerl_lib_table,insert,undefined},
         {empty,&lt;&lt;"pack"&gt;&gt;,{erl_mfa,luerl_lib_table,pack,undefined},empty},
         &lt;&lt;"remove"&gt;&gt;,
         {erl_mfa,luerl_lib_table,remove,undefined},
         {empty,&lt;&lt;"sort"&gt;&gt;,
          {erl_mfa,luerl_lib_table,sort,undefined},
          empty,&lt;&lt;"unpack"&gt;&gt;,
          {erl_mfa,luerl_lib_table,unpack,undefined},
          empty}},
        nil},
      19 =&gt;
       {table,
        {array,0,10,nil,10},
        {empty,&lt;&lt;"data"&gt;&gt;,&lt;&lt;&gt;&gt;,empty,&lt;&lt;"prompt"&gt;&gt;,&lt;&lt;&gt;&gt;,empty},
        nil},
      41 =&gt; {table,{array,0,10,nil,10},empty,nil},
      29 =&gt;
       {table,
        {array,0,10,nil,10},
        {{empty,&lt;&lt;"data"&gt;&gt;,&lt;&lt;"New Message"&gt;&gt;,empty},
         &lt;&lt;"print"&gt;&gt;,true,
         {empty,&lt;&lt;"prompt"&gt;&gt;,&lt;&lt;"hyper~aos@dev[0]&gt; "&gt;&gt;,empty}},
        nil},
      13 =&gt;
       {table,
        {array,0,10,nil,10},
        {{empty,&lt;&lt;"getmetatable"&gt;&gt;,
          {erl_mfa,luerl_lib_debug,getmetatable,undefined},
          empty},
         &lt;&lt;"getuservalue"&gt;&gt;,
         {erl_mfa,luerl_lib_debug,getuservalue,undefined},
         {empty,&lt;&lt;"setmetatable"&gt;&gt;,
          {erl_mfa,luerl_lib_debug,setmetatable,undefined},
          empty,&lt;&lt;"setuservalue"&gt;&gt;,
          {erl_mfa,luerl_lib_debug,setuservalue,undefined},
          empty}},
        nil},
      42 =&gt;
       {table,
        {array,4,10,nil,
         {nil,&lt;&lt;"Auth123456789012345678901234567890123456789"&gt;&gt;,
          &lt;&lt;"Auth223456789012345678901234567890123456789"&gt;&gt;,
          &lt;&lt;"Auth323456789012345678901234567890123456789"&gt;&gt;,nil,nil,nil,nil,
          nil,nil}},
        empty,nil},
      2 =&gt;
       {table,
        {array,0,10,nil,10},
        {{{empty,&lt;&lt;".process"&gt;&gt;,{tref,14},empty,&lt;&lt;"_G"&gt;&gt;,{tref,0},empty},
          &lt;&lt;"bit32"&gt;&gt;,
          {tref,5},
          {empty,&lt;&lt;"debug"&gt;&gt;,{tref,13},empty},
          &lt;&lt;"io"&gt;&gt;,
          {tref,6},
          {empty,&lt;&lt;"math"&gt;&gt;,{tref,7},empty}},
         &lt;&lt;"os"&gt;&gt;,
         {tref,8},
         {{empty,&lt;&lt;"package"&gt;&gt;,{tref,4},empty},
          &lt;&lt;"string"&gt;&gt;,
          {tref,9},
          {empty,&lt;&lt;"table"&gt;&gt;,{tref,12},empty,&lt;&lt;"utf8"&gt;&gt;,{tref,11},empty}}},
        nil},
      7 =&gt;
       {table,
        {array,0,10,nil,10},
        {{{{{empty,&lt;&lt;"abs"&gt;&gt;,{erl_mfa,luerl_lib_math,abs,undefined},empty},
            &lt;&lt;"acos"&gt;&gt;,
            {erl_mfa,luerl_lib_math,acos,undefined},
            {empty,&lt;&lt;"asin"&gt;&gt;,{erl_mfa,luerl_lib_math,asin,undefined},empty}},
           &lt;&lt;"atan"&gt;&gt;,
           {erl_mfa,luerl_lib_math,atan,undefined},
           {{empty,&lt;&lt;"atan2"&gt;&gt;,{erl_mfa,luerl_lib_math,atan2,undefined},empty},
            &lt;&lt;"ceil"&gt;&gt;,
            {erl_mfa,luerl_lib_math,ceil,undefined},
            {empty,&lt;&lt;"cos"&gt;&gt;,{erl_mfa,luerl_lib_math,cos,undefined},empty}}},
          &lt;&lt;"cosh"&gt;&gt;,
          {erl_mfa,luerl_lib_math,cosh,undefined},
          {{{empty,&lt;&lt;"deg"&gt;&gt;,{erl_mfa,luerl_lib_math,deg,undefined},empty},
            &lt;&lt;"exp"&gt;&gt;,
            {erl_mfa,luerl_lib_math,exp,undefined},
            {empty,&lt;&lt;"floor"&gt;&gt;,
             {erl_mfa,luerl_lib_math,floor,undefined},
             empty}},
           &lt;&lt;"fmod"&gt;&gt;,
           {erl_mfa,luerl_lib_math,fmod,undefined},
           {{empty,&lt;&lt;"frexp"&gt;&gt;,{erl_mfa,luerl_lib_math,frexp,undefined},empty},
            &lt;&lt;"huge"&gt;&gt;,1.7976931348623157e308,
            {empty,&lt;&lt;"ldexp"&gt;&gt;,
             {erl_mfa,luerl_lib_math,ldexp,undefined},
             empty}}}},
         &lt;&lt;"log"&gt;&gt;,
         {erl_mfa,luerl_lib_math,log,undefined},
         {{{{empty,&lt;&lt;"log10"&gt;&gt;,{erl_mfa,luerl_lib_math,log10,undefined},empty},
            &lt;&lt;"max"&gt;&gt;,
            {erl_mfa,luerl_lib_math,max,undefined},
            {empty,&lt;&lt;"maxinteger"&gt;&gt;,9223372036854775807,empty}},
           &lt;&lt;"min"&gt;&gt;,
           {erl_mfa,luerl_lib_math,min,undefined},
           {{empty,&lt;&lt;"mininteger"&gt;&gt;,-9223372036854775808,empty},
            &lt;&lt;"modf"&gt;&gt;,
            {erl_mfa,luerl_lib_math,modf,undefined},
            {empty,&lt;&lt;"pi"&gt;&gt;,3.141592653589793,empty}}},
          &lt;&lt;"pow"&gt;&gt;,
          {erl_mfa,luerl_lib_math,pow,undefined},
          {{{empty,&lt;&lt;"rad"&gt;&gt;,{erl_mfa,luerl_lib_math,rad,undefined},empty},
            &lt;&lt;"random"&gt;&gt;,
            {erl_mfa,luerl_lib_math,random,undefined},
            {empty,&lt;&lt;"randomseed"&gt;&gt;,
             {erl_mfa,luerl_lib_math,randomseed,undefined},
             empty}},
           &lt;&lt;"sin"&gt;&gt;,
           {erl_mfa,luerl_lib_math,sin,undefined},
           {{empty,&lt;&lt;"sinh"&gt;&gt;,{erl_mfa,luerl_lib_math,sinh,undefined},empty},
            &lt;&lt;"sqrt"&gt;&gt;,
            {erl_mfa,luerl_lib_math,sqrt,undefined},
            {empty,&lt;&lt;"tan"&gt;&gt;,{erl_mfa,luerl_lib_math,tan,undefined},empty},
            &lt;&lt;"tanh"&gt;&gt;,
            {erl_mfa,luerl_lib_math,tanh,undefined},
            {empty,&lt;&lt;"tointeger"&gt;&gt;,
             {erl_mfa,luerl_lib_math,tointeger,undefined},
             empty,&lt;&lt;"type"&gt;&gt;,
             {erl_mfa,luerl_lib_math,type,undefined},
             empty}}}}},
        nil},
      38 =&gt;
       {table,
        {array,0,10,nil,10},
        {{empty,&lt;&lt;"authority"&gt;&gt;,
          &lt;&lt;"Auth123456789012345678901234567890123456789,Auth223456789012345678901234567890123456789,Auth323456789012345678901234567890123456789"&gt;&gt;,
          empty},
         &lt;&lt;"commitments"&gt;&gt;,
         {tref,39},
         {empty,&lt;&lt;"from"&gt;&gt;,&lt;&lt;"AR8wJBpKbBS7kZbHtUmB9V7VfQYxKCh7kyTkrLGS4N0"&gt;&gt;,
          empty},
         &lt;&lt;"id"&gt;&gt;,&lt;&lt;"test-process"&gt;&gt;,
         {empty,&lt;&lt;"trusted"&gt;&gt;,false,empty,&lt;&lt;"type"&gt;&gt;,&lt;&lt;"process"&gt;&gt;,empty}},
        nil},
      31 =&gt;
       {table,
        {array,0,10,nil,10},
        {{{{empty,&lt;&lt;"bg_black"&gt;&gt;,&lt;&lt;"\e[40m"&gt;&gt;,empty},
           &lt;&lt;"bg_blue"&gt;&gt;,&lt;&lt;"\e[44m"&gt;&gt;,
           {empty,&lt;&lt;"bg_cyan"&gt;&gt;,&lt;&lt;"\e[46m"&gt;&gt;,empty},
           &lt;&lt;"bg_green"&gt;&gt;,&lt;&lt;"\e[42m"&gt;&gt;,
           {empty,&lt;&lt;"bg_magenta"&gt;&gt;,&lt;&lt;"\e[45m"&gt;&gt;,empty}},
          &lt;&lt;"bg_red"&gt;&gt;,&lt;&lt;"\e[41m"&gt;&gt;,
          {{empty,&lt;&lt;"bg_white"&gt;&gt;,&lt;&lt;"\e[47m"&gt;&gt;,empty},
           &lt;&lt;"bg_yellow"&gt;&gt;,&lt;&lt;"\e[43m"&gt;&gt;,
           {empty,&lt;&lt;"black"&gt;&gt;,&lt;&lt;"\e[30m"&gt;&gt;,empty,&lt;&lt;"blink"&gt;&gt;,&lt;&lt;"\e[5m"&gt;&gt;,
            empty},
           &lt;&lt;"blue"&gt;&gt;,&lt;&lt;"\e[34m"&gt;&gt;,
           {empty,&lt;&lt;"bold"&gt;&gt;,&lt;&lt;"\e[1m"&gt;&gt;,empty,&lt;&lt;"bright_black"&gt;&gt;,
            &lt;&lt;"\e[90m"&gt;&gt;,empty}},
          &lt;&lt;"bright_blue"&gt;&gt;,&lt;&lt;"\e[94m"&gt;&gt;,
          {{empty,&lt;&lt;"bright_cyan"&gt;&gt;,&lt;&lt;"\e[96m"&gt;&gt;,empty},
           &lt;&lt;"bright_green"&gt;&gt;,&lt;&lt;"\e[92m"&gt;&gt;,
           {empty,&lt;&lt;"bright_magenta"&gt;&gt;,&lt;&lt;"\e[95m"&gt;&gt;,empty}}},
         &lt;&lt;"bright_red"&gt;&gt;,&lt;&lt;"\e[91m"&gt;&gt;,
         {{{empty,&lt;&lt;"bright_white"&gt;&gt;,&lt;&lt;"\e[97m"&gt;&gt;,empty},
           &lt;&lt;"bright_yellow"&gt;&gt;,&lt;&lt;"\e[93m"&gt;&gt;,
           {empty,&lt;&lt;"cyan"&gt;&gt;,&lt;&lt;"\e[36m"&gt;&gt;,empty,&lt;&lt;"dim"&gt;&gt;,&lt;&lt;"\e[2m"&gt;&gt;,empty}},
          &lt;&lt;"green"&gt;&gt;,&lt;&lt;"\e[32m"&gt;&gt;,
          {{empty,&lt;&lt;"hidden"&gt;&gt;,&lt;&lt;"\e[8m"&gt;&gt;,empty},
           &lt;&lt;"italic"&gt;&gt;,&lt;&lt;"\e[3m"&gt;&gt;,
           {empty,&lt;&lt;"magenta"&gt;&gt;,&lt;&lt;"\e[35m"&gt;&gt;,empty},
           &lt;&lt;"red"&gt;&gt;,&lt;&lt;"\e[31m"&gt;&gt;,
           {empty,&lt;&lt;"reset"&gt;&gt;,&lt;&lt;"\e[0m"&gt;&gt;,empty}},
          &lt;&lt;"reverse"&gt;&gt;,&lt;&lt;"\e[7m"&gt;&gt;,
          {{empty,&lt;&lt;"strikethrough"&gt;&gt;,&lt;&lt;"\e[9m"&gt;&gt;,empty,&lt;&lt;"underline"&gt;&gt;,
            &lt;&lt;"\e[4m"&gt;&gt;,empty},
           &lt;&lt;"white"&gt;&gt;,&lt;&lt;"\e[37m"&gt;&gt;,
           {empty,&lt;&lt;"yellow"&gt;&gt;,&lt;&lt;"\e[33m"&gt;&gt;,empty}}}},
        nil},
      8 =&gt;
       {table,
        {array,0,10,nil,10},
        {{{empty,&lt;&lt;"clock"&gt;&gt;,{erl_mfa,luerl_lib_os,clock,undefined},empty},
          &lt;&lt;"date"&gt;&gt;,
          {erl_mfa,luerl_lib_os,date,undefined},
          {empty,&lt;&lt;"difftime"&gt;&gt;,
           {erl_mfa,luerl_lib_os,difftime,undefined},
           empty}},
         &lt;&lt;"execute"&gt;&gt;,
         {erl_mfa,luerl_lib_os,execute,undefined},
         {{empty,&lt;&lt;"exit"&gt;&gt;,{erl_mfa,luerl_lib_os,lua_exit,undefined},empty},
          &lt;&lt;"getenv"&gt;&gt;,
          {erl_mfa,luerl_lib_os,getenv,undefined},
          {empty,&lt;&lt;"remove"&gt;&gt;,{erl_mfa,luerl_lib_os,remove,undefined},empty},
          &lt;&lt;"rename"&gt;&gt;,
          {erl_mfa,luerl_lib_os,rename,undefined},
          {empty,&lt;&lt;"time"&gt;&gt;,
           {erl_mfa,luerl_lib_os,time,undefined},
           empty,&lt;&lt;"tmpname"&gt;&gt;,
           {erl_mfa,luerl_lib_os,tmpname,undefined},
           empty}}},
        nil},
      44 =&gt;
       {table,
        {array,0,10,nil,10},
        {{{{{empty,&lt;&lt;"bg_black"&gt;&gt;,&lt;&lt;"\e[40m"&gt;&gt;,empty},
            &lt;&lt;"bg_blue"&gt;&gt;,&lt;&lt;"\e[44m"&gt;&gt;,
            {empty,&lt;&lt;"bg_cyan"&gt;&gt;,&lt;&lt;"\e[46m"&gt;&gt;,empty}},
           &lt;&lt;"bg_green"&gt;&gt;,&lt;&lt;"\e[42m"&gt;&gt;,
           {{empty,&lt;&lt;"bg_magenta"&gt;&gt;,&lt;&lt;"\e[45m"&gt;&gt;,empty},
            &lt;&lt;"bg_red"&gt;&gt;,&lt;&lt;"\e[41m"&gt;&gt;,
            {empty,&lt;&lt;"bg_white"&gt;&gt;,&lt;&lt;"\e[47m"&gt;&gt;,empty}}},
          &lt;&lt;"bg_yellow"&gt;&gt;,&lt;&lt;"\e[43m"&gt;&gt;,
          {{{empty,&lt;&lt;"black"&gt;&gt;,&lt;&lt;"\e[30m"&gt;&gt;,empty},
            &lt;&lt;"blink"&gt;&gt;,&lt;&lt;"\e[5m"&gt;&gt;,
            {empty,&lt;&lt;"blue"&gt;&gt;,&lt;&lt;"\e[34m"&gt;&gt;,empty}},
           &lt;&lt;"bold"&gt;&gt;,&lt;&lt;"\e[1m"&gt;&gt;,
           {{empty,&lt;&lt;"bright_black"&gt;&gt;,&lt;&lt;"\e[90m"&gt;&gt;,empty},
            &lt;&lt;"bright_blue"&gt;&gt;,&lt;&lt;"\e[94m"&gt;&gt;,
            {empty,&lt;&lt;"bright_cyan"&gt;&gt;,&lt;&lt;"\e[96m"&gt;&gt;,empty}}}},
         &lt;&lt;"bright_green"&gt;&gt;,&lt;&lt;"\e[92m"&gt;&gt;,
         {{{{empty,&lt;&lt;"bright_magenta"&gt;&gt;,&lt;&lt;"\e[95m"&gt;&gt;,empty},
            &lt;&lt;"bright_red"&gt;&gt;,&lt;&lt;"\e[91m"&gt;&gt;,
            {empty,&lt;&lt;"bright_white"&gt;&gt;,&lt;&lt;"\e[97m"&gt;&gt;,empty}},
           &lt;&lt;"bright_yellow"&gt;&gt;,&lt;&lt;"\e[93m"&gt;&gt;,
           {{empty,&lt;&lt;"cyan"&gt;&gt;,&lt;&lt;"\e[36m"&gt;&gt;,empty},
            &lt;&lt;"dim"&gt;&gt;,&lt;&lt;"\e[2m"&gt;&gt;,
            {empty,&lt;&lt;"green"&gt;&gt;,&lt;&lt;"\e[32m"&gt;&gt;,empty}}},
          &lt;&lt;"hidden"&gt;&gt;,&lt;&lt;"\e[8m"&gt;&gt;,
          {{{empty,&lt;&lt;"italic"&gt;&gt;,&lt;&lt;"\e[3m"&gt;&gt;,empty},
            &lt;&lt;"magenta"&gt;&gt;,&lt;&lt;"\e[35m"&gt;&gt;,
            {empty,&lt;&lt;"red"&gt;&gt;,&lt;&lt;"\e[31m"&gt;&gt;,empty}},
           &lt;&lt;"reset"&gt;&gt;,&lt;&lt;"\e[0m"&gt;&gt;,
           {{empty,&lt;&lt;"reverse"&gt;&gt;,&lt;&lt;"\e[7m"&gt;&gt;,empty},
            &lt;&lt;"strikethrough"&gt;&gt;,&lt;&lt;"\e[9m"&gt;&gt;,
            {empty,&lt;&lt;"underline"&gt;&gt;,&lt;&lt;"\e[4m"&gt;&gt;,empty},
            &lt;&lt;"white"&gt;&gt;,&lt;&lt;"\e[37m"&gt;&gt;,
            {empty,&lt;&lt;"yellow"&gt;&gt;,&lt;&lt;"\e[33m"&gt;&gt;,empty}}}}},
        nil},
      10 =&gt;
       {table,{array,0,10,nil,10},{empty,&lt;&lt;"__index"&gt;&gt;,{tref,9},empty},nil},
      23 =&gt;
       {table,
        {array,0,10,nil,10},
        {empty,&lt;&lt;"committer"&gt;&gt;,
         &lt;&lt;"AR8wJBpKbBS7kZbHtUmB9V7VfQYxKCh7kyTkrLGS4N0"&gt;&gt;,empty,&lt;&lt;"type"&gt;&gt;,
         &lt;&lt;"RSA-PSS-512"&gt;&gt;,empty},
        nil},
      9 =&gt;
       {table,
        {array,0,10,nil,10},
        {{{empty,&lt;&lt;"byte"&gt;&gt;,{erl_mfa,luerl_lib_string,byte,undefined},empty},
          &lt;&lt;"char"&gt;&gt;,
          {erl_mfa,luerl_lib_string,char,undefined},
          {empty,&lt;&lt;"dump"&gt;&gt;,{erl_mfa,luerl_lib_string,dump,undefined},empty}},
         &lt;&lt;"find"&gt;&gt;,
         {erl_mfa,luerl_lib_string,find,undefined},
         {{empty,&lt;&lt;"format"&gt;&gt;,
           {erl_mfa,luerl_lib_string,format,undefined},
           empty},
          &lt;&lt;"gmatch"&gt;&gt;,
          {erl_mfa,luerl_lib_string,gmatch,undefined},
          {empty,&lt;&lt;"gsub"&gt;&gt;,{erl_mfa,luerl_lib_string,gsub,undefined},empty}},
         &lt;&lt;"len"&gt;&gt;,
         {erl_mfa,luerl_lib_string,len,undefined},
         {{empty,&lt;&lt;"lower"&gt;&gt;,{erl_mfa,luerl_lib_string,lower,undefined},empty},
          &lt;&lt;"match"&gt;&gt;,
          {erl_mfa,luerl_lib_string,match,undefined},
          {empty,&lt;&lt;"rep"&gt;&gt;,{erl_mfa,luerl_lib_string,rep,undefined},empty},
          &lt;&lt;"reverse"&gt;&gt;,
          {erl_mfa,luerl_lib_string,reverse,undefined},
          {empty,&lt;&lt;"sub"&gt;&gt;,
           {erl_mfa,luerl_lib_string,sub,undefined},
           empty,&lt;&lt;"upper"&gt;&gt;,
           {erl_mfa,luerl_lib_string,upper,undefined},
           empty}}},
        nil},
      15 =&gt; {table,{array,0,10,nil,10},empty,nil},
      35 =&gt;
       {table,
        {array,0,10,nil,10},
        {{{empty,&lt;&lt;"Inbox"&gt;&gt;,{tref,37},empty},
          &lt;&lt;"Utils"&gt;&gt;,
          {tref,41},
          {empty,&lt;&lt;"authorities"&gt;&gt;,{tref,42},empty}},
         &lt;&lt;"bit32"&gt;&gt;,
         {tref,43},
         {{empty,&lt;&lt;"colors"&gt;&gt;,{tref,44},empty},
          &lt;&lt;"id"&gt;&gt;,&lt;&lt;"key1"&gt;&gt;,
          {empty,&lt;&lt;"owner"&gt;&gt;,
           &lt;&lt;"AR8wJBpKbBS7kZbHtUmB9V7VfQYxKCh7kyTkrLGS4N0"&gt;&gt;,empty,
           &lt;&lt;"results"&gt;&gt;,
           {tref,45},
           empty}}},
        nil},
      36 =&gt;
       {table,
        {array,0,10,nil,10},
        {{{{{empty,&lt;&lt;"MAX_INBOX_SIZE"&gt;&gt;,true,empty},
            &lt;&lt;"SYSTEM_KEYS"&gt;&gt;,true,
            {empty,&lt;&lt;"State"&gt;&gt;,true,empty}},
           &lt;&lt;"_G"&gt;&gt;,true,
           {{empty,&lt;&lt;"_OUTPUT"&gt;&gt;,true,empty},
            &lt;&lt;"_VERSION"&gt;&gt;,true,
            {empty,&lt;&lt;"assert"&gt;&gt;,true,empty}}},
          &lt;&lt;"collectgarbage"&gt;&gt;,true,
          {{{empty,&lt;&lt;"compute"&gt;&gt;,true,empty,&lt;&lt;"coroutine"&gt;&gt;,true,empty},
            &lt;&lt;"debug"&gt;&gt;,true,
            {empty,&lt;&lt;"dofile"&gt;&gt;,true,empty}},
           &lt;&lt;"error"&gt;&gt;,true,
           {{empty,&lt;&lt;"eval"&gt;&gt;,true,empty},
            &lt;&lt;"getmetatable"&gt;&gt;,true,
            {empty,&lt;&lt;"io"&gt;&gt;,true,empty},
            &lt;&lt;"ipairs"&gt;&gt;,true,
            {empty,&lt;&lt;"isSimpleArray"&gt;&gt;,true,empty,&lt;&lt;"load"&gt;&gt;,true,empty}}}},
         &lt;&lt;"loadfile"&gt;&gt;,true,
         {{{{empty,&lt;&lt;"loadstring"&gt;&gt;,true,empty},
            &lt;&lt;"math"&gt;&gt;,true,
            {empty,&lt;&lt;"meta"&gt;&gt;,true,empty}},
           &lt;&lt;"next"&gt;&gt;,true,
           {{empty,&lt;&lt;"os"&gt;&gt;,true,empty},
            &lt;&lt;"package"&gt;&gt;,true,
            {empty,&lt;&lt;"pairs"&gt;&gt;,true,empty}},
           &lt;&lt;"pcall"&gt;&gt;,true,
           {{empty,&lt;&lt;"print"&gt;&gt;,true,empty,&lt;&lt;"prompt"&gt;&gt;,true,empty},
            &lt;&lt;"rawequal"&gt;&gt;,true,
            {empty,&lt;&lt;"rawget"&gt;&gt;,true,empty}}},
          &lt;&lt;"rawlen"&gt;&gt;,true,
          {{{empty,&lt;&lt;"rawset"&gt;&gt;,true,empty,&lt;&lt;"removeCR"&gt;&gt;,true,empty},
            &lt;&lt;"require"&gt;&gt;,true,
            {empty,&lt;&lt;"select"&gt;&gt;,true,empty,&lt;&lt;"send"&gt;&gt;,true,empty}},
           &lt;&lt;"setmetatable"&gt;&gt;,true,
           {{empty,&lt;&lt;"string"&gt;&gt;,true,empty,&lt;&lt;"stringify"&gt;&gt;,true,empty},
            &lt;&lt;"table"&gt;&gt;,true,
            {empty,&lt;&lt;"tonumber"&gt;&gt;,true,empty}},
           &lt;&lt;"tostring"&gt;&gt;,true,
           {{empty,&lt;&lt;"type"&gt;&gt;,true,empty},
            &lt;&lt;"utf8"&gt;&gt;,true,
            {empty,&lt;&lt;"utils"&gt;&gt;,true,empty,&lt;&lt;"xpcall"&gt;&gt;,true,empty}}}}},
        nil},
      32 =&gt;
       {table,
        {array,2,10,nil,
         {nil,&lt;&lt;"New Message"&gt;&gt;,nil,nil,nil,nil,nil,nil,nil,nil}},
        empty,nil},
      1 =&gt;
       {table,
        {array,3,10,nil,
         {nil,
          {erl_mfa,luerl_lib_package,preload_searcher,undefined},
          {erl_mfa,luerl_lib_package,lua_searcher,undefined},
          nil,nil,nil,nil,nil,nil,nil}},
        empty,nil},
      25 =&gt;
       {table,
        {array,0,10,nil,10},
        {{empty,&lt;&lt;"authority"&gt;&gt;,
          &lt;&lt;"Auth123456789012345678901234567890123456789,Auth223456789012345678901234567890123456789,Auth323456789012345678901234567890123456789"&gt;&gt;,
          empty},
         &lt;&lt;"commitments"&gt;&gt;,
         {tref,24},
         {empty,&lt;&lt;"from"&gt;&gt;,&lt;&lt;"AR8wJBpKbBS7kZbHtUmB9V7VfQYxKCh7kyTkrLGS4N0"&gt;&gt;,
          empty},
         &lt;&lt;"id"&gt;&gt;,&lt;&lt;"test-process"&gt;&gt;,
         {empty,&lt;&lt;"trusted"&gt;&gt;,false,empty,&lt;&lt;"type"&gt;&gt;,&lt;&lt;"process"&gt;&gt;,empty}},
        nil},
      28 =&gt; {table,{array,0,10,nil,10},empty,nil},
      20 =&gt; {table,{array,0,10,nil,10},empty,nil},
      6 =&gt;
       {table,
        {array,0,10,nil,10},
        {empty,&lt;&lt;"flush"&gt;&gt;,
         {erl_mfa,luerl_lib_io,flush,undefined},
         empty,&lt;&lt;"write"&gt;&gt;,
         {erl_mfa,luerl_lib_io,write,undefined},
         empty},
        nil},
      43 =&gt; {table,{array,0,10,nil,10},empty,nil},
      11 =&gt;
       {table,
        {array,0,10,nil,10},
        {{empty,&lt;&lt;"char"&gt;&gt;,{erl_mfa,luerl_lib_utf8,utf8_char,undefined},empty},
         &lt;&lt;"charpattern"&gt;&gt;,
         &lt;&lt;91,0,45,127,194,45,244,93,91,128,45,191,93,42&gt;&gt;,
         {empty,&lt;&lt;"codepoint"&gt;&gt;,
          {erl_mfa,luerl_lib_utf8,codepoint,undefined},
          empty},
         &lt;&lt;"codes"&gt;&gt;,
         {erl_mfa,luerl_lib_utf8,codes,undefined},
         {empty,&lt;&lt;"len"&gt;&gt;,
          {erl_mfa,luerl_lib_utf8,utf8_len,undefined},
          empty,&lt;&lt;"offset"&gt;&gt;,
          {erl_mfa,luerl_lib_utf8,offset,undefined},
          empty}},
        nil},
      17 =&gt;
       {table,
        {array,0,10,nil,10},
        {{empty,&lt;&lt;"ensure_message"&gt;&gt;,
          {funref,2,[{eref,0}]},
          empty,&lt;&lt;"init"&gt;&gt;,
          {funref,0,[{eref,0}]},
          empty},
         &lt;&lt;"initialized"&gt;&gt;,true,
         {empty,&lt;&lt;"is_owner"&gt;&gt;,
          {funref,3,[{eref,0}]},
          empty,&lt;&lt;"is_trusted"&gt;&gt;,
          {funref,1,[{eref,0}]},
          empty}},
        nil},
      24 =&gt; {table,{array,0,10,nil,10},{empty,&lt;&lt;"key1"&gt;&gt;,{tref,23},empty},nil},
      37 =&gt;
       {table,
        {array,2,10,nil,{nil,{tref,38},nil,nil,nil,nil,nil,nil,nil,nil}},
        empty,nil},
      40 =&gt;
       {table,
        {array,0,10,nil,10},
        {empty,&lt;&lt;"committer"&gt;&gt;,
         &lt;&lt;"AR8wJBpKbBS7kZbHtUmB9V7VfQYxKCh7kyTkrLGS4N0"&gt;&gt;,empty,&lt;&lt;"type"&gt;&gt;,
         &lt;&lt;"RSA-PSS-512"&gt;&gt;,empty},
        nil},
      14 =&gt;
       {table,{array,0,10,nil,10},{empty,&lt;&lt;"_version"&gt;&gt;,&lt;&lt;"dev"&gt;&gt;,empty},nil},
      33 =&gt;
       {table,
        {array,2,10,nil,
         {nil,&lt;&lt;"New Message"&gt;&gt;,nil,nil,nil,nil,nil,nil,nil,nil}},
        empty,nil},
      3 =&gt; {table,{array,0,10,nil,10},empty,nil},
      16 =&gt;
       {table,
        {array,2,10,nil,{nil,{tref,25},nil,nil,nil,nil,nil,nil,nil,nil}},
        empty,nil},
      30 =&gt;
       {table,
        {array,4,10,nil,
         {nil,&lt;&lt;"Auth123456789012345678901234567890123456789"&gt;&gt;,
          &lt;&lt;"Auth223456789012345678901234567890123456789"&gt;&gt;,
          &lt;&lt;"Auth323456789012345678901234567890123456789"&gt;&gt;,nil,nil,nil,nil,
          nil,nil}},
        empty,nil},
      21 =&gt;
       {table,
        {array,0,10,nil,10},
        {{empty,&lt;&lt;"info"&gt;&gt;,&lt;&lt;"hyper-aos"&gt;&gt;,empty},
         &lt;&lt;"outbox"&gt;&gt;,
         {tref,28},
         {empty,&lt;&lt;"output"&gt;&gt;,{tref,29},empty,&lt;&lt;"status"&gt;&gt;,&lt;&lt;"error"&gt;&gt;,empty}},
        nil},
      5 =&gt;
       {table,
        {array,0,10,nil,10},
        {{{empty,&lt;&lt;"arshift"&gt;&gt;,
           {erl_mfa,luerl_lib_bit32,farshift,undefined},
           empty,&lt;&lt;"band"&gt;&gt;,
           {erl_mfa,luerl_lib_bit32,fband,undefined},
           empty},
          &lt;&lt;"bnot"&gt;&gt;,
          {erl_mfa,luerl_lib_bit32,fbnot,undefined},
          {empty,&lt;&lt;"bor"&gt;&gt;,{erl_mfa,luerl_lib_bit32,fbor,undefined},empty}},
         &lt;&lt;"btest"&gt;&gt;,
         {erl_mfa,luerl_lib_bit32,fbtest,undefined},
         {{empty,&lt;&lt;"bxor"&gt;&gt;,{erl_mfa,luerl_lib_bit32,fbxor,undefined},empty},
          &lt;&lt;"extract"&gt;&gt;,
          {erl_mfa,luerl_lib_bit32,fextract,undefined},
          {empty,&lt;&lt;"lrotate"&gt;&gt;,
           {erl_mfa,luerl_lib_bit32,flrotate,undefined},
           empty}},
         &lt;&lt;"lshift"&gt;&gt;,
         {erl_mfa,luerl_lib_bit32,flshift,undefined},
         {{empty,&lt;&lt;"replace"&gt;&gt;,
           {erl_mfa,luerl_lib_bit32,freplace,undefined},
           empty},
          &lt;&lt;"rrotate"&gt;&gt;,
          {erl_mfa,luerl_lib_bit32,frrotate,undefined},
          {empty,&lt;&lt;"rshift"&gt;&gt;,
           {erl_mfa,luerl_lib_bit32,frshift,undefined},
           empty}}},
        nil},
      0 =&gt;
       {table,
        {array,0,10,nil,10},
        {{{{empty,&lt;&lt;"Inbox"&gt;&gt;,{tref,16},empty},
           &lt;&lt;"MAX_INBOX_SIZE"&gt;&gt;,10000,
           {empty,&lt;&lt;"Utils"&gt;&gt;,{tref,15},empty},
           &lt;&lt;"_G"&gt;&gt;,
           {tref,0},
           {empty,&lt;&lt;"_OUTPUT"&gt;&gt;,&lt;&lt;"New Message\n"&gt;&gt;,empty,&lt;&lt;"_VERSION"&gt;&gt;,
            &lt;&lt;"Lua 5.3"&gt;&gt;,empty}},
          &lt;&lt;"assert"&gt;&gt;,
          {erl_mfa,luerl_lib_basic,assert,undefined},
          {{empty,&lt;&lt;"authorities"&gt;&gt;,
            {tref,30},
            empty,&lt;&lt;"bit32"&gt;&gt;,
            {tref,5},
            empty},
           &lt;&lt;"collectgarbage"&gt;&gt;,
           {erl_mfa,luerl_lib_basic,collectgarbage,undefined},
           {empty,&lt;&lt;"colors"&gt;&gt;,{tref,31},empty},
           &lt;&lt;"compute"&gt;&gt;,
           {funref,13,[{eref,0}]},
           {empty,&lt;&lt;"debug"&gt;&gt;,{tref,13},empty}},
          &lt;&lt;"dofile"&gt;&gt;,
          {erl_mfa,luerl_lib_basic,dofile,undefined},
          {{empty,&lt;&lt;"eprint"&gt;&gt;,
            {erl_mfa,luerl_lib_basic,eprint,undefined},
            empty},
           &lt;&lt;"error"&gt;&gt;,
           {erl_mfa,luerl_lib_basic,error_call,undefined},
           {empty,&lt;&lt;"eval"&gt;&gt;,{funref,10,[{eref,0}]},empty},
           &lt;&lt;"getmetatable"&gt;&gt;,
           {erl_mfa,luerl_lib_basic,getmetatable,undefined},
           {empty,&lt;&lt;"id"&gt;&gt;,&lt;&lt;"key1"&gt;&gt;,empty,&lt;&lt;"io"&gt;&gt;,{tref,6},empty}}},
         &lt;&lt;"ipairs"&gt;&gt;,
         {erl_mfa,luerl_lib_basic,ipairs,undefined},
         {{{empty,&lt;&lt;"isSimpleArray"&gt;&gt;,
            {funref,6,[{eref,0}]},
            empty,&lt;&lt;"load"&gt;&gt;,
            {erl_mfa,luerl_lib_basic,load,undefined},
            empty},
           &lt;&lt;"loadfile"&gt;&gt;,
           {erl_mfa,luerl_lib_basic,loadfile,undefined},
           {empty,&lt;&lt;"loadstring"&gt;&gt;,
            {erl_mfa,luerl_lib_basic,loadstring,undefined},
            empty,&lt;&lt;"math"&gt;&gt;,
            {tref,7},
            empty}},
          &lt;&lt;"next"&gt;&gt;,
          {erl_mfa,luerl_lib_basic,next,undefined},
          {{empty,&lt;&lt;"os"&gt;&gt;,
            {tref,8},
            empty,&lt;&lt;"owner"&gt;&gt;,
            &lt;&lt;"AR8wJBpKbBS7kZbHtUmB9V7VfQYxKCh7kyTkrLGS4N0"&gt;&gt;,empty},
           &lt;&lt;"package"&gt;&gt;,
           {tref,4},
           {empty,&lt;&lt;"pairs"&gt;&gt;,{erl_mfa,luerl_lib_basic,pairs,undefined},empty},
           &lt;&lt;"pcall"&gt;&gt;,
           {erl_mfa,luerl_lib_basic,pcall,undefined},
           {empty,&lt;&lt;"print"&gt;&gt;,
            {funref,4,[{eref,0}]},
            empty,&lt;&lt;"prompt"&gt;&gt;,
            {funref,8,[{eref,0}]},
            empty}}},
         &lt;&lt;"rawequal"&gt;&gt;,
         {erl_mfa,luerl_lib_basic,rawequal,undefined},
         {{{empty,&lt;&lt;"rawget"&gt;&gt;,
            {erl_mfa,luerl_lib_basic,rawget,undefined},
            empty},
           &lt;&lt;"rawlen"&gt;&gt;,
           {erl_mfa,luerl_lib_basic,rawlen,undefined},
           {empty,&lt;&lt;"rawset"&gt;&gt;,
            {erl_mfa,luerl_lib_basic,rawset,undefined},
            empty},
           &lt;&lt;"removeCR"&gt;&gt;,
           {funref,5,[{eref,0}]},
           {empty,&lt;&lt;"require"&gt;&gt;,
            {erl_mfa,luerl_lib_package,require,undefined},
            empty,&lt;&lt;"results"&gt;&gt;,
            {tref,21},
            empty}},
          &lt;&lt;"select"&gt;&gt;,
          {erl_mfa,luerl_lib_basic,select,undefined},
          {{empty,&lt;&lt;"send"&gt;&gt;,
            {funref,9,[{eref,0}]},
            empty,&lt;&lt;"setmetatable"&gt;&gt;,
            {erl_mfa,luerl_lib_basic,setmetatable,undefined},
            empty},
           &lt;&lt;"string"&gt;&gt;,
           {tref,9},
           {empty,&lt;&lt;"stringify"&gt;&gt;,
            {funref,7,[{eref,0}]},
            empty,&lt;&lt;"table"&gt;&gt;,
            {tref,12},
            empty}},
          &lt;&lt;"tonumber"&gt;&gt;,
          {erl_mfa,luerl_lib_basic,tonumber,undefined},
          {{empty,&lt;&lt;"tostring"&gt;&gt;,
            {erl_mfa,luerl_lib_basic,tostring,undefined},
            empty},
           &lt;&lt;"type"&gt;&gt;,
           {erl_mfa,luerl_lib_basic,type,undefined},
           {empty,&lt;&lt;"unpack"&gt;&gt;,
            {erl_mfa,luerl_lib_basic,unpack,undefined},
            empty},
           &lt;&lt;"utf8"&gt;&gt;,
           {tref,11},
           {empty,&lt;&lt;"utils"&gt;&gt;,{tref,15},empty}}}},
        nil},
      27 =&gt;
       {table,
        {array,0,10,nil,10},
        {{{{{empty,&lt;&lt;"MAX_INBOX_SIZE"&gt;&gt;,true,empty},
            &lt;&lt;"SYSTEM_KEYS"&gt;&gt;,true,
            {empty,&lt;&lt;"State"&gt;&gt;,true,empty}},
           &lt;&lt;"_G"&gt;&gt;,true,
           {{empty,&lt;&lt;"_OUTPUT"&gt;&gt;,true,empty},
            &lt;&lt;"_VERSION"&gt;&gt;,true,
            {empty,&lt;&lt;"assert"&gt;&gt;,true,empty}}},
          &lt;&lt;"collectgarbage"&gt;&gt;,true,
          {{{empty,&lt;&lt;"compute"&gt;&gt;,true,empty,&lt;&lt;"coroutine"&gt;&gt;,true,empty},
            &lt;&lt;"debug"&gt;&gt;,true,
            {empty,&lt;&lt;"dofile"&gt;&gt;,true,empty}},
           &lt;&lt;"error"&gt;&gt;,true,
           {{empty,&lt;&lt;"eval"&gt;&gt;,true,empty},
            &lt;&lt;"getmetatable"&gt;&gt;,true,
            {empty,&lt;&lt;"io"&gt;&gt;,true,empty},
            &lt;&lt;"ipairs"&gt;&gt;,true,
            {empty,&lt;&lt;"isSimpleArray"&gt;&gt;,true,empty,&lt;&lt;"load"&gt;&gt;,true,empty}}}},
         &lt;&lt;"loadfile"&gt;&gt;,true,
         {{{{empty,&lt;&lt;"loadstring"&gt;&gt;,true,empty},
            &lt;&lt;"math"&gt;&gt;,true,
            {empty,&lt;&lt;"meta"&gt;&gt;,true,empty}},
           &lt;&lt;"next"&gt;&gt;,true,
           {{empty,&lt;&lt;"os"&gt;&gt;,true,empty},
            &lt;&lt;"package"&gt;&gt;,true,
            {empty,&lt;&lt;"pairs"&gt;&gt;,true,empty}},
           &lt;&lt;"pcall"&gt;&gt;,true,
           {{empty,&lt;&lt;"print"&gt;&gt;,true,empty,&lt;&lt;"prompt"&gt;&gt;,true,empty},
            &lt;&lt;"rawequal"&gt;&gt;,true,
            {empty,&lt;&lt;"rawget"&gt;&gt;,true,empty}}},
          &lt;&lt;"rawlen"&gt;&gt;,true,
          {{{empty,&lt;&lt;"rawset"&gt;&gt;,true,empty,&lt;&lt;"removeCR"&gt;&gt;,true,empty},
            &lt;&lt;"require"&gt;&gt;,true,
            {empty,&lt;&lt;"select"&gt;&gt;,true,empty,&lt;&lt;"send"&gt;&gt;,true,empty}},
           &lt;&lt;"setmetatable"&gt;&gt;,true,
           {{empty,&lt;&lt;"string"&gt;&gt;,true,empty,&lt;&lt;"stringify"&gt;&gt;,true,empty},
            &lt;&lt;"table"&gt;&gt;,true,
            {empty,&lt;&lt;"tonumber"&gt;&gt;,true,empty}},
           &lt;&lt;"tostring"&gt;&gt;,true,
           {{empty,&lt;&lt;"type"&gt;&gt;,true,empty},
            &lt;&lt;"utf8"&gt;&gt;,true,
            {empty,&lt;&lt;"utils"&gt;&gt;,true,empty,&lt;&lt;"xpcall"&gt;&gt;,true,empty}}}}},
        nil},
      47 =&gt;
       {table,
        {array,0,10,nil,10},
        {{empty,&lt;&lt;"data"&gt;&gt;,&lt;&lt;"New Message"&gt;&gt;,empty},
         &lt;&lt;"print"&gt;&gt;,true,
         {empty,&lt;&lt;"prompt"&gt;&gt;,&lt;&lt;"hyper~aos@dev[0]&gt; "&gt;&gt;,empty}},
        nil},
      26 =&gt;
       {table,
        {array,0,10,nil,10},
        {{empty,&lt;&lt;"block-height"&gt;&gt;,1000,empty},
         &lt;&lt;"body"&gt;&gt;,
         {tref,25},
         {empty,&lt;&lt;"owner"&gt;&gt;,&lt;&lt;"test-owner"&gt;&gt;,empty},
         &lt;&lt;"process-id"&gt;&gt;,&lt;&lt;"test-process"&gt;&gt;,
         {empty,&lt;&lt;"timestamp"&gt;&gt;,1234567890,empty}},
        nil},
      22 =&gt;
       {table,{array,0,10,nil,10},{empty,&lt;&lt;"results"&gt;&gt;,{tref,21},empty},nil},
      45 =&gt;
       {table,
        {array,0,10,nil,10},
        {{empty,&lt;&lt;"info"&gt;&gt;,&lt;&lt;"hyper-aos"&gt;&gt;,empty},
         &lt;&lt;"outbox"&gt;&gt;,
         {tref,46},
         {empty,&lt;&lt;"output"&gt;&gt;,{tref,47},empty,&lt;&lt;"status"&gt;&gt;,&lt;&lt;"error"&gt;&gt;,empty}},
        nil},
      39 =&gt;
       {table,{array,0,10,nil,10},{empty,&lt;&lt;"key1"&gt;&gt;,{tref,40},empty},nil}},
    [],48},
   {tstruct,
    #{0 =&gt;
       {{tref,17},{tref,18},{funref,11,[{eref,0}]},{funref,12,[{eref,0}]}}},
    [],1},
   {tstruct,#{},[],0},
   {tstruct,
    #{0 =&gt;
       {lua_func,
        [53,{file,&lt;&lt;"-no-file-"&gt;&gt;},{name,&lt;&lt;"meta.init"&gt;&gt;}],
        [],1,0,
        [1],
        [{push_args,[1]},
         {store_lvar,1,1},
         {current_line,55,&lt;&lt;"-no-file-"&gt;&gt;},
         {push_evar,2,1},
         {get_lit_key,&lt;&lt;"initialized"&gt;&gt;},
         {op,'not',1},
         {and_then,[{push_lvar,1,1},{get_lit_key,&lt;&lt;"type"&gt;&gt;}]},
         {and_then,
          [{push_gvar,&lt;&lt;"string"&gt;&gt;},
           {get_lit_key,&lt;&lt;"lower"&gt;&gt;},
           {push_lvar,1,1},
           {get_lit_key,&lt;&lt;"type"&gt;&gt;},
           multiple,
           {pop_args,1},
           fcall,single,
           {push_lit,&lt;&lt;"process"&gt;&gt;},
           {op,'==',2}]},
         {and_then,[{push_lvar,1,1},{get_lit_key,&lt;&lt;"commitments"&gt;&gt;}]},
         {if_true,
          [{block_open,0,0},
           {current_line,57,&lt;&lt;"-no-file-"&gt;&gt;},
           {push_gvar,&lt;&lt;"pairs"&gt;&gt;},
           {push_lvar,2,1},
           {get_lit_key,&lt;&lt;"commitments"&gt;&gt;},
           multiple,
           {pop_args,1},
           fcall,
           {pop_vals,1},
           {gfor,
            [{lvar,57,&lt;&lt;"key"&gt;&gt;,1,1},{lvar,57,&lt;&lt;"commitment"&gt;&gt;,1,2}],
            [{block_open,2,0},
             {push_vals,2},
             {store_lvar,1,2},
             {store_lvar,1,1},
             {current_line,58,&lt;&lt;"-no-file-"&gt;&gt;},
             {push_lvar,1,2},
             {get_lit_key,&lt;&lt;"type"&gt;&gt;},
             {and_then,
              [{push_gvar,&lt;&lt;"string"&gt;&gt;},
               {get_lit_key,&lt;&lt;"lower"&gt;&gt;},
               {push_lvar,1,2},
               {get_lit_key,&lt;&lt;"type"&gt;&gt;},
               multiple,
               {pop_args,1},
               fcall,single,
               {push_lit,&lt;&lt;"hmac-sha256"&gt;&gt;},
               {op,'~=',2}]},
             {and_then,[{push_lvar,1,2},{get_lit_key,&lt;&lt;"committer"&gt;&gt;}]},
             {if_true,
              [{block_open,0,0},
               {current_line,60,&lt;&lt;"-no-file-"&gt;&gt;},
               {push_lvar,2,1},
               {push_gvar,&lt;&lt;"_G"&gt;&gt;},
               {set_lit_key,&lt;&lt;"id"&gt;&gt;},
               {current_line,61,&lt;&lt;"-no-file-"&gt;&gt;},
               {push_lvar,2,2},
               {get_lit_key,&lt;&lt;"committer"&gt;&gt;},
               {push_gvar,&lt;&lt;"_G"&gt;&gt;},
               {set_lit_key,&lt;&lt;"owner"&gt;&gt;},
               {current_line,62,&lt;&lt;"-no-file-"&gt;&gt;},
               {push_lit,true},
               {push_evar,5,1},
               {set_lit_key,&lt;&lt;"initialized"&gt;&gt;},
               {current_line,65,&lt;&lt;"-no-file-"&gt;&gt;},
               {push_gvar,&lt;&lt;"_G"&gt;&gt;},
               {get_lit_key,&lt;&lt;"authorities"&gt;&gt;},
               {or_else,[{push_lit,[]},{build_tab,0,1}]},
               {push_gvar,&lt;&lt;"_G"&gt;&gt;},
               {set_lit_key,&lt;&lt;"authorities"&gt;&gt;},
               {current_line,68,&lt;&lt;"-no-file-"&gt;&gt;},
               {push_lvar,4,1},
               {get_lit_key,&lt;&lt;"authority"&gt;&gt;},
               {if_true,
                [{block_open,2,0},
                 {current_line,70,&lt;&lt;"-no-file-"&gt;&gt;},
                 {push_lvar,5,1},
                 {get_lit_key,&lt;&lt;"authority"&gt;&gt;},
                 {store_lvar,1,1},
                 {current_line,71,&lt;&lt;"-no-file-"&gt;&gt;},
                 {push_lit,1},
                 {store_lvar,1,2},
                 {current_line,72,&lt;&lt;"-no-file-"&gt;&gt;},
                 {while,
                  [{push_lit,true}],
                  [{block_open,2,0},
                   {current_line,73,...},
                   {push_gvar,...},
                   {...}|...]},
                 block_close]},
               {current_line,96,&lt;&lt;"-no-file-"&gt;&gt;},
               break,block_close]},
             block_close]},
           block_close]},
         {current_line,102,&lt;&lt;"-no-file-"&gt;&gt;},
         {push_gvar,&lt;&lt;"_G"&gt;&gt;},
         {get_lit_key,&lt;&lt;"colors"&gt;&gt;},
         {op,'not',1},
         {if_true,
          [{block_open,0,0},
           {current_line,103,&lt;&lt;"-no-file-"&gt;&gt;},
           {push_lit,&lt;&lt;"reset"&gt;&gt;},
           {push_lit,&lt;&lt;"\e[0m"&gt;&gt;},
           {push_lit,&lt;&lt;"black"&gt;&gt;},
           {push_lit,&lt;&lt;"\e[30m"&gt;&gt;},
           {push_lit,&lt;&lt;"red"&gt;&gt;},
           {push_lit,&lt;&lt;"\e[31m"&gt;&gt;},
           {push_lit,&lt;&lt;"green"&gt;&gt;},
           {push_lit,&lt;&lt;"\e[32m"&gt;&gt;},
           {push_lit,&lt;&lt;"yellow"&gt;&gt;},
           {push_lit,&lt;&lt;"\e[33m"&gt;&gt;},
           {push_lit,&lt;&lt;"blue"&gt;&gt;},
           {push_lit,&lt;&lt;"\e[34m"&gt;&gt;},
           {push_lit,&lt;&lt;"magenta"&gt;&gt;},
           {push_lit,&lt;&lt;"\e[35m"&gt;&gt;},
           {push_lit,&lt;&lt;"cyan"&gt;&gt;},
           {push_lit,&lt;&lt;"\e[36m"&gt;&gt;},
           {push_lit,&lt;&lt;"white"&gt;&gt;},
           {push_lit,&lt;&lt;"\e[37m"&gt;&gt;},
           {push_lit,&lt;&lt;"bright_black"&gt;&gt;},
           {push_lit,&lt;&lt;"\e[90m"&gt;&gt;},
           {push_lit,&lt;&lt;"bright_red"&gt;&gt;},
           {push_lit,&lt;&lt;"\e[91m"&gt;&gt;},
           {push_lit,&lt;&lt;"bright_green"&gt;&gt;},
           {push_lit,&lt;&lt;"\e[92m"&gt;&gt;},
           {push_lit,&lt;&lt;"bright_yellow"&gt;&gt;},
           {push_lit,&lt;&lt;"\e[93m"&gt;&gt;},
           {push_lit,&lt;&lt;"bright_blue"&gt;&gt;},
           {push_lit,&lt;&lt;"\e[94m"&gt;&gt;},
           {push_lit,&lt;&lt;"bright_magenta"&gt;&gt;},
           {push_lit,&lt;&lt;"\e[95m"&gt;&gt;},
           {push_lit,&lt;&lt;"bright_cyan"&gt;&gt;},
           {push_lit,&lt;&lt;"\e[96m"&gt;&gt;},
           {push_lit,&lt;&lt;"bright_white"&gt;&gt;},
           {push_lit,&lt;&lt;"\e[97m"&gt;&gt;},
           {push_lit,&lt;&lt;"bg_black"&gt;&gt;},
           {push_lit,&lt;&lt;"\e[40m"&gt;&gt;},
           {push_lit,&lt;&lt;"bg_red"&gt;&gt;},
           {push_lit,&lt;&lt;"\e[41m"&gt;&gt;},
           {push_lit,&lt;&lt;"bg_green"&gt;&gt;},
           {push_lit,&lt;&lt;"\e[42m"&gt;&gt;},
           {push_lit,&lt;&lt;"bg_yellow"&gt;&gt;},
           {push_lit,&lt;&lt;"\e[43m"&gt;&gt;},
           {push_lit,&lt;&lt;"bg_blue"&gt;&gt;},
           {push_lit,&lt;&lt;"\e[44m"&gt;&gt;},
           {push_lit,&lt;&lt;"bg_magenta"&gt;&gt;},
           {push_lit,&lt;&lt;"\e[45m"&gt;&gt;},
           {push_lit,&lt;&lt;"bg_cyan"&gt;&gt;},
           {push_lit,&lt;&lt;"\e[46m"&gt;&gt;},
           {push_lit,&lt;&lt;"bg_white"&gt;&gt;},
           {push_lit,&lt;&lt;"\e[47m"&gt;&gt;},
           {push_lit,&lt;&lt;"bold"&gt;&gt;},
           {push_lit,&lt;&lt;"\e[1m"&gt;&gt;},
           {push_lit,&lt;&lt;"dim"&gt;&gt;},
           {push_lit,&lt;&lt;"\e[2m"&gt;&gt;},
           {push_lit,&lt;&lt;"italic"&gt;&gt;},
           {push_lit,&lt;&lt;"\e[3m"&gt;&gt;},
           {push_lit,&lt;&lt;"underlin"...&gt;&gt;},
           {push_lit,&lt;&lt;"\e[4m"&gt;&gt;},
           {push_lit,&lt;&lt;...&gt;&gt;},
           {push_lit,...},
           {...}|...]},
         {return,0}]},
      1 =&gt;
       {lua_func,
        [156,{file,&lt;&lt;"-no-file-"&gt;&gt;},{name,&lt;&lt;"meta.is_trusted"&gt;&gt;}],
        [],1,0,
        [1],
        [{push_args,[1]},
         {store_lvar,1,1},
         {current_line,158,&lt;&lt;"-no-file-"&gt;&gt;},
         {push_lvar,1,1},
         {get_lit_key,&lt;&lt;"from"&gt;&gt;},
         {op,'not',1},
         {or_else,
          [{push_lvar,1,1},{get_lit_key,&lt;&lt;"from-process"&gt;&gt;},{op,'not',1}]},
         {if_true,
          [{block_open,0,0},
           {current_line,159,&lt;&lt;"-no-file-"&gt;&gt;},
           {push_last_lit,false},
           {return,1},
           block_close]},
         {current_line,163,&lt;&lt;"-no-file-"&gt;&gt;},
         {push_lvar,1,1},
         {get_lit_key,&lt;&lt;"from"&gt;&gt;},
         {push_lvar,1,1},
         {get_lit_key,&lt;&lt;"from-process"&gt;&gt;},
         {op,'~=',2},
         {if_true,
          [{block_open,0,0},
           {current_line,164,&lt;&lt;"-no-file-"&gt;&gt;},
           {push_last_lit,false},
           {return,1},
           block_close]},
         {current_line,168,&lt;&lt;"-no-file-"&gt;&gt;},
         {push_lvar,1,1},
         {get_lit_key,&lt;&lt;"commitments"&gt;&gt;},
         {and_then,[{push_gvar,&lt;&lt;"_G"&gt;&gt;},{get_lit_key,&lt;&lt;"authorities"&gt;&gt;}]},
         {if_true,
          [{block_open,0,0},
           {current_line,169,&lt;&lt;"-no-file-"&gt;&gt;},
           {push_gvar,&lt;&lt;"pairs"&gt;&gt;},
           {push_lvar,2,1},
           {get_lit_key,&lt;&lt;"commitments"&gt;&gt;},
           multiple,
           {pop_args,1},
           fcall,
           {pop_vals,1},
           {gfor,
            [{lvar,169,&lt;&lt;"_"&gt;&gt;,1,1},{lvar,169,&lt;&lt;"commitment"&gt;&gt;,1,2}],
            [{block_open,2,0},
             {push_vals,2},
             {store_lvar,1,2},
             {store_lvar,1,1},
             {current_line,170,&lt;&lt;"-no-file-"&gt;&gt;},
             {push_lvar,1,2},
             {get_lit_key,&lt;&lt;"committer"&gt;&gt;},
             {if_true,
              [{block_open,0,0},
               {current_line,172,&lt;&lt;"-no-file-"&gt;&gt;},
               {push_gvar,&lt;&lt;"ipairs"&gt;&gt;},
               {push_gvar,&lt;&lt;"_G"&gt;&gt;},
               {get_lit_key,&lt;&lt;"authorities"&gt;&gt;},
               multiple,
               {pop_args,1},
               fcall,
               {pop_vals,1},
               {gfor,
                [{lvar,172,&lt;&lt;"_"&gt;&gt;,1,1},{lvar,172,&lt;&lt;"authority"&gt;&gt;,1,2}],
                [{block_open,2,0},
                 {push_vals,2},
                 {store_lvar,1,2},
                 {store_lvar,1,1},
                 {current_line,173,&lt;&lt;"-no-file-"&gt;&gt;},
                 {push_lvar,3,2},
                 {get_lit_key,&lt;&lt;"committer"&gt;&gt;},
                 {push_lvar,1,2},
                 {op,'==',2},
                 {if_true,
                  [{block_open,0,0},
                   {current_line,174,&lt;&lt;"-no-file-"&gt;&gt;},
                   {push_last_lit,true},
                   {return,1},
                   block_close]},
                 block_close]},
               block_close]},
             block_close]},
           block_close]},
         {current_line,181,&lt;&lt;"-no-file-"&gt;&gt;},
         {push_last_lit,false},
         {return,1},
         {return,0}]},
      2 =&gt;
       {lua_func,
        [187,{file,&lt;&lt;"-no-file-"&gt;&gt;},{name,&lt;&lt;"meta.ensure_message"&gt;&gt;}],
        [],1,0,
        [1],
        [{push_args,[1]},
         {store_lvar,1,1},
         {current_line,189,&lt;&lt;"-no-file-"&gt;&gt;},
         {push_lvar,1,1},
         {get_lit_key,&lt;&lt;"from"&gt;&gt;},
         {if_true,
          [{block_open,0,0},
           {current_line,191,&lt;&lt;"-no-file-"&gt;&gt;},
           {push_evar,3,1},
           {get_lit_key,&lt;&lt;"is_trusted"&gt;&gt;},
           {push_last_lvar,2,1},
           {pop_args,1},
           fcall,single,
           {push_lvar,2,1},
           {set_lit_key,&lt;&lt;"trusted"&gt;&gt;},
           {current_line,192,&lt;&lt;"-no-file-"&gt;&gt;},
           {push_last_lvar,2,1},
           {return,1},
           block_close]},
         {current_line,195,&lt;&lt;"-no-file-"&gt;&gt;},
         {push_lvar,1,1},
         {get_lit_key,&lt;&lt;"from-process"&gt;&gt;},
         {if_true,
          [{block_open,0,0},
           {current_line,196,&lt;&lt;"-no-file-"&gt;&gt;},
           {push_lvar,2,1},
           {get_lit_key,&lt;&lt;"from-process"&gt;&gt;},
           {push_lvar,2,1},
           {set_lit_key,&lt;&lt;"from"&gt;&gt;},
           {current_line,198,&lt;&lt;"-no-file-"&gt;&gt;},
           {push_evar,3,1},
           {get_lit_key,&lt;&lt;"is_trusted"&gt;&gt;},
           {push_last_lvar,2,1},
           {pop_args,1},
           fcall,single,
           {push_lvar,2,1},
           {set_lit_key,&lt;&lt;"trusted"&gt;&gt;},
           {current_line,199,&lt;&lt;"-no-file-"&gt;&gt;},
           {push_last_lvar,2,1},
           {return,1},
           block_close]},
         {current_line,202,&lt;&lt;"-no-file-"&gt;&gt;},
         {push_lvar,1,1},
         {get_lit_key,&lt;&lt;"commitments"&gt;&gt;},
         {if_true,
          [{block_open,0,0},
           {current_line,203,&lt;&lt;"-no-file-"&gt;&gt;},
           {push_gvar,&lt;&lt;"pairs"&gt;&gt;},
           {push_lvar,2,1},
           {get_lit_key,&lt;&lt;"commitments"&gt;&gt;},
           multiple,
           {pop_args,1},
           fcall,
           {pop_vals,1},
           {gfor,
            [{lvar,203,&lt;&lt;"key"&gt;&gt;,1,1},{lvar,203,&lt;&lt;"commitment"&gt;&gt;,1,2}],
            [{block_open,2,0},
             {push_vals,2},
             {store_lvar,1,2},
             {store_lvar,1,1},
             {current_line,204,&lt;&lt;"-no-file-"&gt;&gt;},
             {push_lvar,1,2},
             {get_lit_key,&lt;&lt;"type"&gt;&gt;},
             {and_then,[{push_lvar,1,2},{get_lit_key,&lt;&lt;"committer"&gt;&gt;}]},
             {if_true,
              [{block_open,0,0},
               {current_line,206,&lt;&lt;"-no-file-"&gt;&gt;},
               {push_gvar,&lt;&lt;"string"&gt;&gt;},
               {get_lit_key,&lt;&lt;"lower"&gt;&gt;},
               {push_lvar,2,2},
               {get_lit_key,&lt;&lt;"type"&gt;&gt;},
               multiple,
               {pop_args,1},
               fcall,single,
               {push_lit,&lt;&lt;"hmac-sha256"&gt;&gt;},
               {op,'~=',2},
               {if_true,
                [{block_open,0,0},
                 {current_line,207,&lt;&lt;"-no-file-"&gt;&gt;},
                 {push_lvar,3,2},
                 {get_lit_key,&lt;&lt;"committer"&gt;&gt;},
                 {push_lvar,5,1},
                 {set_lit_key,&lt;&lt;"from"&gt;&gt;},
                 block_close]},
               block_close]},
             block_close]},
           block_close]},
         {current_line,214,&lt;&lt;"-no-file-"&gt;&gt;},
         {push_evar,2,1},
         {get_lit_key,&lt;&lt;"is_trusted"&gt;&gt;},
         {push_last_lvar,1,1},
         {pop_args,1},
         fcall,single,
         {push_lvar,1,1},
         {set_lit_key,&lt;&lt;"trusted"&gt;&gt;},
         {current_line,215,&lt;&lt;"-no-file-"&gt;&gt;},
         {push_last_lvar,1,1},
         {return,1},
         {return,0}]},
      3 =&gt;
       {lua_func,
        [222,{file,&lt;&lt;"-no-file-"&gt;&gt;},{name,&lt;&lt;"meta.is_owner"&gt;&gt;}],
        [],1,0,
        [1],
        [{push_args,[1]},
         {store_lvar,1,1},
         {current_line,224,&lt;&lt;"-no-file-"&gt;&gt;},
         {push_evar,2,1},
         {get_lit_key,&lt;&lt;"ensure_message"&gt;&gt;},
         {push_last_lvar,1,1},
         {pop_args,1},
         fcall,pop,
         {current_line,227,&lt;&lt;"-no-file-"&gt;&gt;},
         {push_lvar,1,1},
         {get_lit_key,&lt;&lt;"from"&gt;&gt;},
         {and_then,[{push_gvar,&lt;&lt;"_G"&gt;&gt;},{get_lit_key,&lt;&lt;"owner"&gt;&gt;}]},
         {and_then,
          [{push_lvar,1,1},
           {get_lit_key,&lt;&lt;"from"&gt;&gt;},
           {push_gvar,&lt;&lt;"_G"&gt;&gt;},
           {get_lit_key,&lt;&lt;"owner"&gt;&gt;},
           {op,'==',2}]},
         {if_true,
          [{block_open,0,0},
           {current_line,228,&lt;&lt;"-no-file-"&gt;&gt;},
           {push_last_lit,true},
           {return,1},
           block_close]},
         {current_line,231,&lt;&lt;"-no-file-"&gt;&gt;},
         {push_last_lit,false},
         {return,1},
         {return,0}]},
      4 =&gt;
       {lua_func,
        [236,{file,&lt;&lt;"-no-file-"&gt;&gt;},{name,&lt;&lt;"print"&gt;&gt;}],
        [],3,0,1,
        [{push_args,1},
         {store_lvar,1,1},
         {current_line,237,&lt;&lt;"-no-file-"&gt;&gt;},
         {push_lvar,1,1},
         {build_tab,0,1},
         {store_lvar,1,2},
         {current_line,238,&lt;&lt;"-no-file-"&gt;&gt;},
         {push_lit,[]},
         {build_tab,0,1},
         {store_lvar,1,3},
         {current_line,240,&lt;&lt;"-no-file-"&gt;&gt;},
         {push_gvar,&lt;&lt;"ipairs"&gt;&gt;},
         {push_last_lvar,1,2},
         {pop_args,1},
         fcall,
         {pop_vals,1},
         {gfor,
          [{lvar,240,&lt;&lt;"i"&gt;&gt;,1,1},{lvar,240,&lt;&lt;"v"&gt;&gt;,1,2}],
          [{block_open,2,0},
           {push_vals,2},
           {store_lvar,1,2},
           {store_lvar,1,1},
           {current_line,241,&lt;&lt;"-no-file-"&gt;&gt;},
           {push_gvar,&lt;&lt;"type"&gt;&gt;},
           {push_last_lvar,1,2},
           {pop_args,1},
           fcall,single,
           {push_lit,&lt;&lt;"table"&gt;&gt;},
           {op,'==',2},
           {'if',
            [{block_open,0,0},
             {current_line,242,&lt;&lt;"-no-file-"&gt;&gt;},
             {push_gvar,&lt;&lt;"table"&gt;&gt;},
             {get_lit_key,&lt;&lt;"insert"&gt;&gt;},
             {push_lvar,3,3},
             {push_gvar,&lt;&lt;"stringify"&gt;&gt;},
             {push_last_lvar,2,2},
             {pop_args,1},
             fcall,
             {pop_args,2},
             fcall,pop,block_close],
            [{block_open,0,0},
             {current_line,244,&lt;&lt;"-no-file-"&gt;&gt;},
             {push_gvar,&lt;&lt;"table"&gt;&gt;},
             {get_lit_key,&lt;&lt;"insert"&gt;&gt;},
             {push_lvar,3,3},
             {push_gvar,&lt;&lt;"tostring"&gt;&gt;},
             {push_last_lvar,2,2},
             {pop_args,1},
             fcall,
             {pop_args,2},
             fcall,pop,block_close]},
           block_close]},
         {current_line,248,&lt;&lt;"-no-file-"&gt;&gt;},
         {push_gvar,&lt;&lt;"_OUTPUT"&gt;&gt;},
         {push_gvar,&lt;&lt;"table"&gt;&gt;},
         {get_lit_key,&lt;&lt;"concat"&gt;&gt;},
         {push_lvar,1,3},
         {push_last_lit,&lt;&lt;"\t"&gt;&gt;},
         {pop_args,2},
         fcall,single,
         {push_lit,&lt;&lt;"\n"&gt;&gt;},
         {op,'..',2},
         {op,'..',2},
         {store_gvar,&lt;&lt;"_OUTPUT"&gt;&gt;},
         {return,0}]},
      5 =&gt;
       {lua_func,
        [253,{file,&lt;&lt;"-no-file-"&gt;&gt;},{name,&lt;&lt;"removeCR"&gt;&gt;}],
        [],1,0,
        [1],
        [{push_args,[1]},
         {store_lvar,1,1},
         {current_line,254,&lt;&lt;"-no-file-"&gt;&gt;},
         {push_lvar,1,1},
         {push_lit,1},
         {op,'-',1},
         multiple,
         {pop_args,1},
         {mcall,&lt;&lt;"sub"&gt;&gt;},
         single,
         {push_lit,&lt;&lt;"\r"&gt;&gt;},
         {op,'==',2},
         {or_else,
          [{push_lvar,1,1},
           {push_lit,1},
           {op,'-',1},
           multiple,
           {pop_args,1},
           {mcall,&lt;&lt;"sub"&gt;&gt;},
           single,
           {push_lit,&lt;&lt;"\n"&gt;&gt;},
           {op,'==',2}]},
         {if_true,
          [{block_open,0,0},
           {current_line,255,&lt;&lt;"-no-file-"&gt;&gt;},
           {push_lvar,2,1},
           {push_lit,1},
           {push_lit,2},
           {op,'-',1},
           multiple,
           {pop_args,2},
           {mcall,&lt;&lt;"sub"&gt;&gt;},
           {return,1},
           block_close]},
         {current_line,257,&lt;&lt;"-no-file-"&gt;&gt;},
         {push_last_lvar,1,1},
         {return,1},
         {return,0}]},
      6 =&gt;
       {lua_func,
        [262,{file,&lt;&lt;"-no-file-"&gt;&gt;},{name,&lt;&lt;"isSimpleArray"&gt;&gt;}],
        [],2,0,
        [1],
        [{push_args,[1]},
         {store_lvar,1,1},
         {current_line,263,&lt;&lt;"-no-file-"&gt;&gt;},
         {push_lit,1},
         {store_lvar,1,2},
         {current_line,264,&lt;&lt;"-no-file-"&gt;&gt;},
         {push_gvar,&lt;&lt;"pairs"&gt;&gt;},
         {push_last_lvar,1,1},
         {pop_args,1},
         fcall,
         {pop_vals,1},
         {gfor,
          [{lvar,264,&lt;&lt;"k"&gt;&gt;,1,1},{lvar,264,&lt;&lt;"v"&gt;&gt;,1,2}],
          [{block_open,2,0},
           {push_vals,2},
           {store_lvar,1,2},
           {store_lvar,1,1},
           {current_line,265,&lt;&lt;"-no-file-"&gt;&gt;},
           {push_lvar,1,1},
           {push_lvar,2,2},
           {op,'~=',2},
           {or_else,
            [{push_gvar,&lt;&lt;"type"&gt;&gt;},
             {push_last_lvar,1,2},
             {pop_args,1},
             fcall,single,
             {push_lit,&lt;&lt;"number"&gt;&gt;},
             {op,'~=',2},
             {and_then,
              [{push_gvar,&lt;&lt;"type"&gt;&gt;},
               {push_last_lvar,1,2},
               {pop_args,1},
               fcall,single,
               {push_lit,&lt;&lt;"string"&gt;&gt;},
               {op,'~=',2}]}]},
           {if_true,
            [{block_open,0,0},
             {current_line,266,&lt;&lt;"-no-file-"&gt;&gt;},
             {push_last_lit,false},
             {return,1},
             block_close]},
           {current_line,268,&lt;&lt;"-no-file-"&gt;&gt;},
           {push_lvar,2,2},
           {push_lit,1},
           {op,'+',2},
           {store_lvar,2,2},
           block_close]},
         {current_line,270,&lt;&lt;"-no-file-"&gt;&gt;},
         {push_last_lit,true},
         {return,1},
         {return,0}]},
      7 =&gt;
       {lua_func,
        [274,{file,&lt;&lt;"-no-file-"&gt;&gt;},{name,&lt;&lt;"stringify"&gt;&gt;}],
        [],11,0,
        [1,2,3],
        [{push_args,[1,2,3]},
         {store_lvar,1,3},
         {store_lvar,1,2},
         {store_lvar,1,1},
         {current_line,276,&lt;&lt;"-no-file-"&gt;&gt;},
         {push_gvar,&lt;&lt;"type"&gt;&gt;},
         {push_last_lvar,1,1},
         {pop_args,1},
         fcall,single,
         {push_lit,&lt;&lt;"table"&gt;&gt;},
         {op,'~=',2},
         {if_true,
          [{block_open,0,0},
           {current_line,277,&lt;&lt;"-no-file-"&gt;&gt;},
           {push_gvar,&lt;&lt;"type"&gt;&gt;},
           {push_last_lvar,2,1},
           {pop_args,1},
           fcall,single,
           {push_lit,&lt;&lt;"string"&gt;&gt;},
           {op,'==',2},
           {'if',
            [{block_open,0,0},
             {current_line,278,&lt;&lt;"-no-file-"&gt;&gt;},
             {push_gvar,&lt;&lt;"_G"&gt;&gt;},
             {get_lit_key,&lt;&lt;"colors"&gt;&gt;},
             {get_lit_key,&lt;&lt;"green"&gt;&gt;},
             {push_lit,&lt;&lt;"\""&gt;&gt;},
             {push_lvar,3,1},
             {push_lit,&lt;&lt;"\""&gt;&gt;},
             {push_gvar,&lt;&lt;"_G"&gt;&gt;},
             {get_lit_key,&lt;&lt;"colors"&gt;&gt;},
             {get_lit_key,&lt;&lt;"reset"&gt;&gt;},
             {op,'..',2},
             {op,'..',2},
             {op,'..',2},
             {op,'..',2},
             multiple,
             {return,1},
             block_close],
            [{block_open,0,0},
             {current_line,280,&lt;&lt;"-no-file-"&gt;&gt;},
             {push_gvar,&lt;&lt;"_G"&gt;&gt;},
             {get_lit_key,&lt;&lt;"colors"&gt;&gt;},
             {get_lit_key,&lt;&lt;"blue"&gt;&gt;},
             {push_gvar,&lt;&lt;"tostring"&gt;&gt;},
             {push_last_lvar,3,1},
             {pop_args,1},
             fcall,single,
             {push_gvar,&lt;&lt;"_G"&gt;&gt;},
             {get_lit_key,&lt;&lt;"colors"&gt;&gt;},
             {get_lit_key,&lt;&lt;"reset"&gt;&gt;},
             {op,'..',2},
             {op,'..',2},
             multiple,
             {return,1},
             block_close]},
           block_close]},
         {current_line,284,&lt;&lt;"-no-file-"&gt;&gt;},
         {push_lvar,1,2},
         {or_else,[{push_lit,0}]},
         {store_lvar,1,2},
         {current_line,285,&lt;&lt;"-no-file-"&gt;&gt;},
         {push_gvar,&lt;&lt;"string"&gt;&gt;},
         {get_lit_key,&lt;&lt;"rep"&gt;&gt;},
         {push_lit,&lt;&lt;" "&gt;&gt;},
         {push_last_lvar,1,2},
         {pop_args,2},
         fcall,single,
         {store_lvar,1,4},
         {current_line,286,&lt;&lt;"-no-file-"&gt;&gt;},
         {push_gvar,&lt;&lt;"string"&gt;&gt;},
         {get_lit_key,&lt;&lt;"rep"&gt;&gt;},
         {push_lit,&lt;&lt;" "&gt;&gt;},
         {push_lvar,1,2},
         {push_lit,2},
         {op,'+',2},
         multiple,
         {pop_args,2},
         fcall,single,
         {store_lvar,1,5},
         {current_line,288,&lt;&lt;"-no-file-"&gt;&gt;},
         {push_lit,[]},
         {build_tab,0,1},
         {store_lvar,1,6},
         {current_line,289,&lt;&lt;"-no-file-"&gt;&gt;},
         {push_lit,true},
         {store_lvar,1,7},
         {current_line,290,&lt;&lt;"-no-file-"&gt;&gt;},
         {push_lit,1},
         {store_lvar,1,8},
         {current_line,293,&lt;&lt;"-no-file-"&gt;&gt;},
         {push_gvar,&lt;&lt;"isSimpleArray"&gt;&gt;},
         {push_last_lvar,1,1},
         {pop_args,1},
         fcall,single,
         {if_true,
          [{block_open,0,0},
           {current_line,294,&lt;&lt;"-no-file-"&gt;&gt;},
           {push_gvar,&lt;&lt;"ipairs"&gt;&gt;},
           {push_last_lvar,2,1},
           {pop_args,1},
           fcall,
           {pop_vals,1},
           {gfor,
            [{lvar,294,&lt;&lt;"_"&gt;&gt;,1,1},{lvar,294,&lt;&lt;"v"&gt;&gt;,1,2}],
            [{block_open,2,0},
             {push_vals,2},
             {store_lvar,1,2},
             {store_lvar,1,1},
             {current_line,295,&lt;&lt;"-no-file-"&gt;&gt;},
             {push_gvar,&lt;&lt;"type"&gt;&gt;},
             {push_last_lvar,1,2},
             {pop_args,1},
             fcall,single,
             {push_lit,...},
             {...}|...]},
           {current_line,302,&lt;&lt;"-no-file-"&gt;&gt;},
           {push_lit,&lt;&lt;"{ "&gt;&gt;},
           {push_gvar,&lt;&lt;"table"&gt;&gt;},
           {get_lit_key,&lt;&lt;"concat"&gt;&gt;},
           {push_lvar,2,6},
           {push_last_lit,&lt;&lt;", "&gt;&gt;},
           {pop_args,2},
           fcall,single,
           {push_lit,&lt;&lt;" }"&gt;&gt;},
           {op,'..',2},
           {op,'..',2},
           multiple,
           {return,...},
           block_close]},
         {current_line,306,&lt;&lt;"-no-file-"&gt;&gt;},
         {push_gvar,&lt;&lt;"pairs"&gt;&gt;},
         {push_last_lvar,1,1},
         {pop_args,1},
         fcall,
         {pop_vals,1},
         {gfor,
          [{lvar,306,&lt;&lt;"k"&gt;&gt;,1,1},{lvar,306,&lt;&lt;"v"&gt;&gt;,1,2}],
          [{block_open,2,0},
           {push_vals,2},
           {store_lvar,1,2},
           {store_lvar,1,1},
           {current_line,307,&lt;&lt;"-no-file-"&gt;&gt;},
           {push_lvar,2,7},
           {if_true,
            [{block_open,0,0},
             {current_line,308,&lt;&lt;"-no-"...&gt;&gt;},
             {push_lvar,2,1},
             {push_lvar,3,...},
             {op,...},
             {...}|...]},
           {current_line,323,&lt;&lt;"-no-file-"&gt;&gt;},
           {push_lvar,2,7},
           {op,'not',1},
           {if_true,[{block_open,...},{...}|...]},
           block_close]},
         {current_line,348,&lt;&lt;"-no-file-"&gt;&gt;},
         {push_lvar,1,7},
         {and_then,[{push_lit,&lt;&lt;"{\n"&gt;&gt;}]},
         {or_else,[{push_lit,&lt;&lt;"{\n"&gt;&gt;}]},
         {store_lvar,1,9},
         {current_line,349,&lt;&lt;"-no-file-"&gt;&gt;},
         {push_lvar,1,7},
         {and_then,
          [{push_lit,&lt;&lt;"\n"&gt;&gt;},
           {push_lvar,1,4},
           {push_lit,&lt;&lt;"}"&gt;&gt;},
           {op,'..',2},
           {op,'..',2}]},
         {or_else,
          [{push_lit,&lt;&lt;"\n"&gt;&gt;},
           {push_lvar,1,4},
           {push_lit,&lt;&lt;"}"&gt;&gt;},
           {op,'..',2},
           {op,'..',...}]},
         {store_lvar,1,10},
         {current_line,350,&lt;&lt;"-no-file-"&gt;&gt;},
         {push_lvar,1,7},
         {and_then,[{push_lit,&lt;&lt;...&gt;&gt;}]},
         {or_else,[{push_lit,...}]},
         {store_lvar,1,11},
         {current_line,351,...},
         {push_lvar,...},
         {...}|...]},
      8 =&gt;
       {lua_func,
        [356,{file,&lt;&lt;"-no-file-"&gt;&gt;},{name,&lt;&lt;"prompt"&gt;&gt;}],
        [],0,0,[],
        [{push_args,[]},
         {current_line,358,&lt;&lt;"-no-file-"&gt;&gt;},
         {push_gvar,&lt;&lt;"_G"&gt;&gt;},
         {get_lit_key,&lt;&lt;"colors"&gt;&gt;},
         {and_then,
          [{push_gvar,&lt;&lt;"_G"&gt;&gt;},
           {get_lit_key,&lt;&lt;"colors"&gt;&gt;},
           {get_lit_key,&lt;&lt;"cyan"&gt;&gt;}]},
         {'if',
          [{block_open,1,0},
           {current_line,359,&lt;&lt;"-no-file-"&gt;&gt;},
           {push_gvar,&lt;&lt;"_G"&gt;&gt;},
           {get_lit_key,&lt;&lt;"colors"&gt;&gt;},
           {store_lvar,1,1},
           {current_line,360,&lt;&lt;"-no-file-"&gt;&gt;},
           {push_lvar,1,1},
           {get_lit_key,&lt;&lt;"cyan"&gt;&gt;},
           {push_lvar,1,1},
           {get_lit_key,&lt;&lt;"bold"&gt;&gt;},
           {push_lit,&lt;&lt;"hyper"&gt;&gt;},
           {push_lvar,1,1},
           {get_lit_key,&lt;&lt;"reset"&gt;&gt;},
           {push_lvar,1,1},
           {get_lit_key,&lt;&lt;"white"&gt;&gt;},
           {push_lit,&lt;&lt;"~"&gt;&gt;},
           {push_lvar,1,1},
           {get_lit_key,&lt;&lt;"reset"&gt;&gt;},
           {push_lvar,1,1},
           {get_lit_key,&lt;&lt;"bright_green"&gt;&gt;},
           {push_lit,&lt;&lt;"aos"&gt;&gt;},
           {push_lvar,1,1},
           {get_lit_key,&lt;&lt;"reset"&gt;&gt;},
           {push_lvar,1,1},
           {get_lit_key,&lt;&lt;"white"&gt;&gt;},
           {push_lit,&lt;&lt;"@"&gt;&gt;},
           {push_lvar,1,1},
           {get_lit_key,&lt;&lt;"reset"&gt;&gt;},
           {push_lvar,1,1},
           {get_lit_key,&lt;&lt;"yellow"&gt;&gt;},
           {push_gvar,&lt;&lt;"require"&gt;&gt;},
           {push_last_lit,&lt;&lt;".process"&gt;&gt;},
           {pop_args,1},
           fcall,single,
           {get_lit_key,&lt;&lt;"_version"&gt;&gt;},
           {push_lvar,1,1},
           {get_lit_key,&lt;&lt;"reset"&gt;&gt;},
           {push_lvar,1,1},
           {get_lit_key,&lt;&lt;"white"&gt;&gt;},
           {push_lit,&lt;&lt;"["&gt;&gt;},
           {push_lvar,1,1},
           {get_lit_key,&lt;&lt;"reset"&gt;&gt;},
           {push_lvar,1,1},
           {get_lit_key,&lt;&lt;"bright_magenta"&gt;&gt;},
           {push_gvar,&lt;&lt;"Inbox"&gt;&gt;},
           {op,'#',1},
           {push_lvar,1,1},
           {get_lit_key,&lt;&lt;"reset"&gt;&gt;},
           {push_lvar,1,1},
           {get_lit_key,&lt;&lt;"white"&gt;&gt;},
           {push_lit,&lt;&lt;"]"&gt;&gt;},
           {push_lvar,1,1},
           {get_lit_key,&lt;&lt;"reset"&gt;&gt;},
           {push_lvar,1,1},
           {get_lit_key,&lt;&lt;"bright_blue"&gt;&gt;},
           {push_lit,&lt;&lt;"&gt; "&gt;&gt;},
           {push_lvar,1,1},
           {get_lit_key,&lt;&lt;"reset"&gt;&gt;},
           {op,'..',2},
           {op,'..',2},
           {op,'..',2},
           {op,'..',2},
           {op,'..',2},
           {op,'..',2},
           {op,'..',2},
           {op,'..',2},
           {op,'..',2},
           {op,'..',2},
           {op,'..',...},
           {op,...},
           {...}|...],
          [{block_open,0,0},
           {current_line,370,&lt;&lt;"-no-file-"&gt;&gt;},
           {push_lit,&lt;&lt;"hyper~aos@"&gt;&gt;},
           {push_gvar,&lt;&lt;"require"&gt;&gt;},
           {push_last_lit,&lt;&lt;".process"&gt;&gt;},
           {pop_args,1},
           fcall,single,
           {get_lit_key,&lt;&lt;"_version"&gt;&gt;},
           {push_lit,&lt;&lt;"["&gt;&gt;},
           {push_gvar,&lt;&lt;"Inbox"&gt;&gt;},
           {op,'#',1},
           {push_lit,&lt;&lt;"]&gt; "&gt;&gt;},
           {op,'..',2},
           {op,'..',2},
           {op,'..',2},
           {op,'..',2},
           multiple,
           {return,1},
           block_close]},
         {return,0}]},
      9 =&gt;
       {lua_func,
        [376,{file,&lt;&lt;"-no-file-"&gt;&gt;},{name,&lt;&lt;"send"&gt;&gt;}],
        [],1,0,
        [1],
        [{push_args,[1]},
         {store_lvar,1,1},
         {current_line,378,&lt;&lt;"-no-file-"&gt;&gt;},
         {push_gvar,&lt;&lt;"_G"&gt;&gt;},
         {get_lit_key,&lt;&lt;"results"&gt;&gt;},
         {or_else,[{push_lit,[]},{build_tab,0,1}]},
         {push_gvar,&lt;&lt;"_G"&gt;&gt;},
         {set_lit_key,&lt;&lt;"results"&gt;&gt;},
         {current_line,379,&lt;&lt;"-no-file-"&gt;&gt;},
         {push_gvar,&lt;&lt;"_G"&gt;&gt;},
         {get_lit_key,&lt;&lt;"results"&gt;&gt;},
         {get_lit_key,&lt;&lt;"outbox"&gt;&gt;},
         {or_else,[{push_lit,[]},{build_tab,0,1}]},
         {push_gvar,&lt;&lt;"_G"&gt;&gt;},
         {get_lit_key,&lt;&lt;"results"&gt;&gt;},
         {set_lit_key,&lt;&lt;"outbox"&gt;&gt;},
         {current_line,380,&lt;&lt;"-no-file-"&gt;&gt;},
         {push_gvar,&lt;&lt;"table"&gt;&gt;},
         {get_lit_key,&lt;&lt;"insert"&gt;&gt;},
         {push_gvar,&lt;&lt;"_G"&gt;&gt;},
         {get_lit_key,&lt;&lt;"results"&gt;&gt;},
         {get_lit_key,&lt;&lt;"outbox"&gt;&gt;},
         {push_last_lvar,1,1},
         {pop_args,2},
         fcall,pop,
         {return,0}]},
      10 =&gt;
       {lua_func,
        [385,{file,&lt;&lt;"-no-file-"&gt;&gt;},{name,&lt;&lt;"eval"&gt;&gt;}],
        [],6,0,
        [1],
        [{push_args,[1]},
         {store_lvar,1,1},
         {current_line,387,&lt;&lt;"-no-file-"&gt;&gt;},
         {push_evar,2,1},
         {get_lit_key,&lt;&lt;"is_owner"&gt;&gt;},
         {push_last_lvar,1,1},
         {pop_args,1},
         fcall,single,
         {op,'not',1},
         {if_true,
          [{block_open,0,0},
           {current_line,388,&lt;&lt;"-no-file-"&gt;&gt;},
           {push_gvar,&lt;&lt;"print"&gt;&gt;},
           {push_last_lit,
            &lt;&lt;"Unauthorized: eval requires owner signed message"&gt;&gt;},
           {pop_args,1},
           fcall,pop,
           {current_line,389,&lt;&lt;"-no-file-"&gt;&gt;},
           {push_last_lit,&lt;&lt;"ok"&gt;&gt;},
           {return,1},
           block_close]},
         {current_line,392,&lt;&lt;"-no-file-"&gt;&gt;},
         {push_lvar,1,1},
         {get_lit_key,&lt;&lt;"body"&gt;&gt;},
         {or_else,[{push_lvar,1,1},{get_lit_key,&lt;&lt;"data"&gt;&gt;}]},
         {or_else,[{push_lit,&lt;&lt;&gt;&gt;}]},
         {store_lvar,1,2},
         {current_line,393,&lt;&lt;"-no-file-"&gt;&gt;},
         {push_gvar,&lt;&lt;"load"&gt;&gt;},
         {push_lit,&lt;&lt;"return "&gt;&gt;},
         {push_lvar,1,2},
         {op,'..',2},
         {push_lit,&lt;&lt;"aos"&gt;&gt;},
         {push_lit,&lt;&lt;"t"&gt;&gt;},
         {push_last_gvar,&lt;&lt;"_G"&gt;&gt;},
         {pop_args,4},
         fcall,
         {push_vals,2},
         {store_lvar,1,4},
         {store_lvar,1,3},
         {current_line,394,&lt;&lt;"-no-file-"&gt;&gt;},
         {push_lit,&lt;&lt;&gt;&gt;},
         {store_lvar,1,5},
         {current_line,395,&lt;&lt;"-no-file-"&gt;&gt;},
         {push_lit,nil},
         {store_lvar,1,6},
         {current_line,396,&lt;&lt;"-no-file-"&gt;&gt;},
         {push_lvar,1,4},
         {if_true,
          [{block_open,0,0},
           {current_line,397,&lt;&lt;"-no-file-"&gt;&gt;},
           {push_gvar,&lt;&lt;"load"&gt;&gt;},
           {push_lvar,2,2},
           {push_lit,&lt;&lt;"aos"&gt;&gt;},
           {push_lit,&lt;&lt;"t"&gt;&gt;},
           {push_last_gvar,&lt;&lt;"_G"&gt;&gt;},
           {pop_args,4},
           fcall,
           {push_vals,2},
           {store_lvar,2,4},
           {store_lvar,2,3},
           block_close]},
         {current_line,399,&lt;&lt;"-no-file-"&gt;&gt;},
         {push_lvar,1,3},
         {'if',
          [{block_open,0,0},
           {current_line,400,&lt;&lt;"-no-file-"&gt;&gt;},
           {push_lvar,2,3},
           {pop_args,0},
           fcall,
           {push_vals,2},
           {store_lvar,2,6},
           {store_lvar,2,5},
           block_close],
          [{block_open,0,0},
           {current_line,402,&lt;&lt;"-no-file-"&gt;&gt;},
           {push_last_lvar,2,4},
           {return,1},
           block_close]},
         {current_line,405,&lt;&lt;"-no-file-"&gt;&gt;},
         {push_lvar,1,6},
         {if_true,
          [{block_open,0,0},
           {current_line,406,&lt;&lt;"-no-file-"&gt;&gt;},
           {push_last_lvar,2,6},
           {return,1},
           block_close]},
         {current_line,409,&lt;&lt;"-no-file-"&gt;&gt;},
         {push_last_lvar,1,5},
         {return,1},
         {return,0}]},
      11 =&gt;
       {lua_func,
        [416,{file,&lt;&lt;"-no-file-"&gt;&gt;},{name,&lt;&lt;"copy_table_recursive"&gt;&gt;}],
        [],3,0,
        [1,2],
        [{push_args,[1,2]},
         {store_lvar,1,2},
         {store_lvar,1,1},
         {current_line,417,&lt;&lt;"-no-file-"&gt;&gt;},
         {push_lit,[]},
         {build_tab,0,1},
         {store_lvar,1,3},
         {current_line,419,&lt;&lt;"-no-file-"&gt;&gt;},
         {push_gvar,&lt;&lt;"pairs"&gt;&gt;},
         {push_last_lvar,1,1},
         {pop_args,1},
         fcall,
         {pop_vals,1},
         {gfor,
          [{lvar,419,&lt;&lt;"k"&gt;&gt;,1,1},{lvar,419,&lt;&lt;"v"&gt;&gt;,1,2}],
          [{block_open,3,0},
           {push_vals,2},
           {store_lvar,1,2},
           {store_lvar,1,1},
           {current_line,420,&lt;&lt;"-no-file-"&gt;&gt;},
           {push_gvar,&lt;&lt;"type"&gt;&gt;},
           {push_last_lvar,1,2},
           {pop_args,1},
           fcall,single,
           {store_lvar,1,3},
           {current_line,422,&lt;&lt;"-no-file-"&gt;&gt;},
           {push_lvar,1,3},
           {push_lit,&lt;&lt;"table"&gt;&gt;},
           {op,'==',2},
           {'if',
            [{block_open,0,0},
             {current_line,424,&lt;&lt;"-no-file-"&gt;&gt;},
             {push_lvar,3,2},
             {push_lvar,2,2},
             get_key,
             {'if',
              [{block_open,0,0},
               {current_line,425,&lt;&lt;"-no-file-"&gt;&gt;},
               {push_lit,&lt;&lt;"&lt;circular reference&gt;"&gt;&gt;},
               {push_lvar,4,3},
               {push_lvar,3,1},
               set_key,block_close],
              [{block_open,0,0},
               {current_line,428,&lt;&lt;"-no-file-"&gt;&gt;},
               {push_lit,true},
               {push_lvar,4,2},
               {push_lvar,3,2},
               set_key,
               {current_line,430,&lt;&lt;"-no-file-"&gt;&gt;},
               {push_evar,5,3},
               {push_lvar,3,2},
               {push_last_lvar,4,2},
               {pop_args,2},
               fcall,single,
               {push_lvar,4,3},
               {push_lvar,3,1},
               set_key,
               {current_line,432,&lt;&lt;"-no-file-"&gt;&gt;},
               {push_lit,nil},
               {push_lvar,4,2},
               {push_lvar,3,2},
               set_key,block_close]},
             block_close],
            [{current_line,434,&lt;&lt;"-no-file-"&gt;&gt;},
             {push_lvar,1,3},
             {push_lit,&lt;&lt;"function"&gt;&gt;},
             {op,'~=',2},
             {if_true,
              [{block_open,0,0},
               {current_line,436,&lt;&lt;"-no-file-"&gt;&gt;},
               {push_lvar,2,2},
               {push_lvar,3,3},
               {push_lvar,2,1},
               set_key,block_close]}]},
           block_close]},
         {current_line,441,&lt;&lt;"-no-file-"&gt;&gt;},
         {push_last_lvar,1,3},
         {return,1},
         {return,0}]},
      12 =&gt;
       {lua_func,
        [448,{file,&lt;&lt;"-no-file-"&gt;&gt;},{name,&lt;&lt;"extract_state_from_global"&gt;&gt;}],
        [],3,0,
        [1],
        [{push_args,[1]},
         {store_lvar,1,1},
         {current_line,449,&lt;&lt;"-no-file-"&gt;&gt;},
         {push_lvar,1,1},
         {or_else,[{push_lit,[]},{build_tab,0,1}]},
         {store_lvar,1,1},
         {current_line,450,&lt;&lt;"-no-file-"&gt;&gt;},
         {push_lit,[]},
         {build_tab,0,1},
         {store_lvar,1,2},
         {current_line,453,&lt;&lt;"-no-file-"&gt;&gt;},
         {push_lit,[]},
         {build_tab,0,1},
         {store_lvar,1,3},
         {current_line,454,&lt;&lt;"-no-file-"&gt;&gt;},
         {push_gvar,&lt;&lt;"ipairs"&gt;&gt;},
         {push_last_evar,2,2},
         {pop_args,1},
         fcall,
         {pop_vals,1},
         {gfor,
          [{lvar,454,&lt;&lt;"_"&gt;&gt;,1,1},{lvar,454,&lt;&lt;"key"&gt;&gt;,1,2}],
          [{block_open,2,0},
           {push_vals,2},
           {store_lvar,1,2},
           {store_lvar,1,1},
           {current_line,455,&lt;&lt;"-no-file-"&gt;&gt;},
           {push_lit,true},
           {push_lvar,2,3},
           {push_lvar,1,2},
           set_key,block_close]},
         {current_line,459,&lt;&lt;"-no-file-"&gt;&gt;},
         {push_gvar,&lt;&lt;"pairs"&gt;&gt;},
         {push_last_gvar,&lt;&lt;"_G"&gt;&gt;},
         {pop_args,1},
         fcall,
         {pop_vals,1},
         {gfor,
          [{lvar,459,&lt;&lt;"key"&gt;&gt;,1,1},{lvar,459,&lt;&lt;"value"&gt;&gt;,1,2}],
          [{block_open,2,0},
           {push_vals,2},
           {store_lvar,1,2},
           {store_lvar,1,1},
           {current_line,461,&lt;&lt;"-no-file-"&gt;&gt;},
           {push_lvar,2,3},
           {push_lvar,1,1},
           get_key,
           {op,'not',1},
           {and_then,
            [{push_gvar,&lt;&lt;"type"&gt;&gt;},
             {push_last_lvar,1,2},
             {pop_args,1},
             fcall,single,
             {push_lit,&lt;&lt;"function"&gt;&gt;},
             {op,'~=',2}]},
           {if_true,
            [{block_open,1,0},
             {current_line,462,&lt;&lt;"-no-file-"&gt;&gt;},
             {push_gvar,&lt;&lt;"type"&gt;&gt;},
             {push_last_lvar,2,2},
             {pop_args,1},
             fcall,single,
             {store_lvar,1,1},
             {current_line,464,&lt;&lt;"-no-file-"&gt;&gt;},
             {push_lvar,1,1},
             {push_lit,&lt;&lt;"table"&gt;&gt;},
             {op,'==',2},
             {'if',
              [{block_open,0,0},
               {current_line,466,&lt;&lt;"-no-file-"&gt;&gt;},
               {push_lvar,4,1},
               {push_lvar,3,2},
               get_key,
               {'if',
                [{block_open,0,0},
                 {current_line,467,&lt;&lt;"-no-file-"&gt;&gt;},
                 {push_lit,&lt;&lt;"&lt;circular reference&gt;"&gt;&gt;},
                 {push_lvar,5,2},
                 {push_lvar,4,1},
                 set_key,block_close],
                [{block_open,0,0},
                 {current_line,470,&lt;&lt;"-no-file-"&gt;&gt;},
                 {push_lit,true},
                 {push_lvar,5,1},
                 {push_lvar,4,2},
                 set_key,
                 {current_line,472,&lt;&lt;"-no-file"...&gt;&gt;},
                 {push_evar,6,3},
                 {push_lvar,4,2},
                 {push_last_lvar,5,...},
                 {pop_args,...},
                 fcall|...]},
               block_close],
              [{block_open,0,0},
               {current_line,478,&lt;&lt;"-no-file-"&gt;&gt;},
               {push_lvar,3,2},
               {push_lvar,4,2},
               {push_lvar,3,1},
               set_key,block_close]},
             block_close]},
           block_close]},
         {current_line,483,&lt;&lt;"-no-file-"&gt;&gt;},
         {push_last_lvar,1,2},
         {return,1},
         {return,0}]},
      13 =&gt;
       {lua_func,
        [492,{file,&lt;&lt;"-no-file-"&gt;&gt;},{name,&lt;&lt;"compute"&gt;&gt;}],
        [],7,0,
        [1,2],
        [{push_args,[1,2]},
         {store_lvar,1,2},
         {store_lvar,1,1},
         {current_line,494,&lt;&lt;"-no-file-"&gt;&gt;},
         {push_lit,&lt;&lt;&gt;&gt;},
         {push_gvar,&lt;&lt;"_G"&gt;&gt;},
         {set_lit_key,&lt;&lt;"_OUTPUT"&gt;&gt;},
         {current_line,498,&lt;&lt;"-no-file-"&gt;&gt;},
         {push_lvar,1,1},
         {and_then,
          [{push_gvar,&lt;&lt;"next"&gt;&gt;},
           {push_last_lvar,1,1},
           {pop_args,1},
           fcall,single]},
         {if_true,
          [{block_open,1,0},
           {current_line,500,&lt;&lt;"-no-file-"&gt;&gt;},
           {push_lit,[]},
           {build_tab,0,1},
           {store_lvar,1,1},
           {current_line,501,&lt;&lt;"-no-file-"&gt;&gt;},
           {push_gvar,&lt;&lt;"ipairs"&gt;&gt;},
           {push_last_evar,3,2},
           {pop_args,1},
           fcall,
           {pop_vals,1},
           {gfor,
            [{lvar,501,&lt;&lt;"_"&gt;&gt;,1,1},{lvar,501,&lt;&lt;"key"&gt;&gt;,1,2}],
            [{block_open,2,0},
             {push_vals,2},
             {store_lvar,1,2},
             {store_lvar,1,1},
             {current_line,502,&lt;&lt;"-no-file-"&gt;&gt;},
             {push_lit,true},
             {push_lvar,2,1},
             {push_lvar,1,2},
             set_key,block_close]},
           {current_line,505,&lt;&lt;"-no-file-"&gt;&gt;},
           {push_gvar,&lt;&lt;"pairs"&gt;&gt;},
           {push_last_lvar,2,1},
           {pop_args,1},
           fcall,
           {pop_vals,1},
           {gfor,
            [{lvar,505,&lt;&lt;"key"&gt;&gt;,1,1},{lvar,505,&lt;&lt;"value"&gt;&gt;,1,2}],
            [{block_open,2,0},
             {push_vals,2},
             {store_lvar,1,2},
             {store_lvar,1,1},
             {current_line,507,&lt;&lt;"-no-file-"&gt;&gt;},
             {push_gvar,&lt;&lt;"type"&gt;&gt;},
             {push_gvar,&lt;&lt;"_G"&gt;&gt;},
             {push_lvar,1,1},
             get_key,multiple,
             {pop_args,1},
             fcall,single,
             {push_lit,&lt;&lt;"function"&gt;&gt;},
             {op,'~=',2},
             {and_then,[{push_lvar,2,1},{push_lvar,1,1},get_key,{op,'not',1}]},
             {if_true,
[...]
         {push_gvar,&lt;&lt;"pairs"&gt;&gt;},
         {push_last_lvar,1,1},
         {pop_args,1},
         fcall,
         {pop_vals,1},
         {gfor,
          [{lvar,419,&lt;&lt;"k"&gt;&gt;,1,1},{lvar,419,&lt;&lt;"v"&gt;&gt;,1,2}],
          [{block_open,3,0},
           {push_vals,2},
           {store_lvar,1,2},
           {store_lvar,1,1},
           {current_line,420,&lt;&lt;"-no-file-"&gt;&gt;},
           {push_gvar,&lt;&lt;"type"&gt;&gt;},
           {push_last_lvar,1,2},
           {pop_args,1},
           fcall,single,
           {store_lvar,1,3},
           {current_line,422,&lt;&lt;"-no-file-"&gt;&gt;},
           {push_lvar,1,3},
           {push_lit,&lt;&lt;"table"&gt;&gt;},
           {op,'==',2},
           {'if',
            [{block_open,0,0},
             {current_line,424,&lt;&lt;"-no-file-"&gt;&gt;},
             {push_lvar,3,2},
             {push_lvar,2,2},
             get_key,
             {'if',
              [{block_open,0,0},
               {current_line,425,&lt;&lt;"-no-file-"&gt;&gt;},
               {push_lit,&lt;&lt;"&lt;circular reference&gt;"&gt;&gt;},
               {push_lvar,4,3},
               {push_lvar,3,1},
               set_key,block_close],
              [{block_open,0,0},
               {current_line,428,&lt;&lt;"-no-file-"&gt;&gt;},
               {push_lit,true},
               {push_lvar,4,2},
               {push_lvar,3,2},
               set_key,
               {current_line,430,&lt;&lt;"-no-file-"&gt;&gt;},
               {push_evar,5,3},
               {push_lvar,3,2},
               {push_last_lvar,4,2},
               {pop_args,2},
               fcall,single,
               {push_lvar,4,3},
               {push_lvar,3,1},
               set_key,
               {current_line,432,&lt;&lt;"-no-file-"&gt;&gt;},
               {push_lit,nil},
               {push_lvar,4,2},
               {push_lvar,3,2},
               set_key,block_close]},
             block_close],
            [{current_line,434,&lt;&lt;"-no-file-"&gt;&gt;},
             {push_lvar,1,3},
             {push_lit,&lt;&lt;"function"&gt;&gt;},
             {op,'~=',2},
             {if_true,
              [{block_open,0,0},
               {current_line,436,&lt;&lt;"-no-file-"&gt;&gt;},
               {push_lvar,2,2},
               {push_lvar,3,3},
               {push_lvar,2,1},
               set_key,block_close]}]},
           block_close]},
         {current_line,441,&lt;&lt;"-no-file-"&gt;&gt;},
         {push_last_lvar,1,3},
         {return,1},
         {return,0}]},
      12 =&gt;
       {lua_func,
        [448,{file,&lt;&lt;"-no-file-"&gt;&gt;},{name,&lt;&lt;"extract_state_from_global"&gt;&gt;}],
        [],3,0,
        [1],
        [{push_args,[1]},
         {store_lvar,1,1},
         {current_line,449,&lt;&lt;"-no-file-"&gt;&gt;},
         {push_lvar,1,1},
         {or_else,[{push_lit,[]},{build_tab,0,1}]},
         {store_lvar,1,1},
         {current_line,450,&lt;&lt;"-no-file-"&gt;&gt;},
         {push_lit,[]},
         {build_tab,0,1},
         {store_lvar,1,2},
         {current_line,453,&lt;&lt;"-no-file-"&gt;&gt;},
         {push_lit,[]},
         {build_tab,0,1},
         {store_lvar,1,3},
         {current_line,454,&lt;&lt;"-no-file-"&gt;&gt;},
         {push_gvar,&lt;&lt;"ipairs"&gt;&gt;},
         {push_last_evar,2,2},
         {pop_args,1},
         fcall,
         {pop_vals,1},
         {gfor,
          [{lvar,454,&lt;&lt;"_"&gt;&gt;,1,1},{lvar,454,&lt;&lt;"key"&gt;&gt;,1,2}],
          [{block_open,2,0},
           {push_vals,2},
           {store_lvar,1,2},
           {store_lvar,1,1},
           {current_line,455,&lt;&lt;"-no-file-"&gt;&gt;},
           {push_lit,true},
           {push_lvar,2,3},
           {push_lvar,1,2},
           set_key,block_close]},
         {current_line,459,&lt;&lt;"-no-file-"&gt;&gt;},
         {push_gvar,&lt;&lt;"pairs"&gt;&gt;},
         {push_last_gvar,&lt;&lt;"_G"&gt;&gt;},
         {pop_args,1},
         fcall,
         {pop_vals,1},
         {gfor,
          [{lvar,459,&lt;&lt;"key"&gt;&gt;,1,1},{lvar,459,&lt;&lt;"value"&gt;&gt;,1,2}],
          [{block_open,2,0},
           {push_vals,2},
           {store_lvar,1,2},
           {store_lvar,1,1},
           {current_line,461,&lt;&lt;"-no-file-"&gt;&gt;},
           {push_lvar,2,3},
           {push_lvar,1,1},
           get_key,
           {op,'not',1},
           {and_then,
            [{push_gvar,&lt;&lt;"type"&gt;&gt;},
             {push_last_lvar,1,2},
             {pop_args,1},
             fcall,single,
             {push_lit,&lt;&lt;"function"&gt;&gt;},
             {op,'~=',2}]},
           {if_true,
            [{block_open,1,0},
             {current_line,462,&lt;&lt;"-no-file-"&gt;&gt;},
             {push_gvar,&lt;&lt;"type"&gt;&gt;},
             {push_last_lvar,2,2},
             {pop_args,1},
             fcall,single,
             {store_lvar,1,1},
             {current_line,464,&lt;&lt;"-no-file-"&gt;&gt;},
             {push_lvar,1,1},
             {push_lit,&lt;&lt;"table"&gt;&gt;},
             {op,'==',2},
             {'if',
              [{block_open,0,0},
               {current_line,466,&lt;&lt;"-no-file-"&gt;&gt;},
               {push_lvar,4,1},
               {push_lvar,3,2},
               get_key,
               {'if',
                [{block_open,0,0},
                 {current_line,467,&lt;&lt;"-no-file-"&gt;&gt;},
                 {push_lit,&lt;&lt;"&lt;circular reference&gt;"&gt;&gt;},
                 {push_lvar,5,2},
                 {push_lvar,4,1},
                 set_key,block_close],
                [{block_open,0,0},
                 {current_line,470,&lt;&lt;"-no-file-"&gt;&gt;},
                 {push_lit,true},
                 {push_lvar,5,1},
                 {push_lvar,4,2},
                 set_key,
                 {current_line,472,&lt;&lt;"-no-file"...&gt;&gt;},
                 {push_evar,6,3},
                 {push_lvar,4,2},
                 {push_last_lvar,5,...},
                 {pop_args,...},
                 fcall|...]},
               block_close],
              [{block_open,0,0},
               {current_line,478,&lt;&lt;"-no-file-"&gt;&gt;},
               {push_lvar,3,2},
               {push_lvar,4,2},
               {push_lvar,3,1},
               set_key,block_close]},
             block_close]},
           block_close]},
         {current_line,483,&lt;&lt;"-no-file-"&gt;&gt;},
         {push_last_lvar,1,2},
         {return,1},
         {return,0}]},
      13 =&gt;
       {lua_func,
        [492,{file,&lt;&lt;"-no-file-"&gt;&gt;},{name,&lt;&lt;"compute"&gt;&gt;}],
        [],7,0,
        [1,2],
        [{push_args,[1,2]},
         {store_lvar,1,2},
         {store_lvar,1,1},
         {current_line,494,&lt;&lt;"-no-file-"&gt;&gt;},
         {push_lit,&lt;&lt;&gt;&gt;},
         {push_gvar,&lt;&lt;"_G"&gt;&gt;},
         {set_lit_key,&lt;&lt;"_OUTPUT"&gt;&gt;},
         {current_line,498,&lt;&lt;"-no-file-"&gt;&gt;},
         {push_lvar,1,1},
         {and_then,
          [{push_gvar,&lt;&lt;"next"&gt;&gt;},
           {push_last_lvar,1,1},
           {pop_args,1},
           fcall,single]},
         {if_true,
          [{block_open,1,0},
           {current_line,500,&lt;&lt;"-no-file-"&gt;&gt;},
           {push_lit,[]},
           {build_tab,0,1},
           {store_lvar,1,1},
           {current_line,501,&lt;&lt;"-no-file-"&gt;&gt;},
           {push_gvar,&lt;&lt;"ipairs"&gt;&gt;},
           {push_last_evar,3,2},
           {pop_args,1},
           fcall,
           {pop_vals,1},
           {gfor,
            [{lvar,501,&lt;&lt;"_"&gt;&gt;,1,1},{lvar,501,&lt;&lt;"key"&gt;&gt;,1,2}],
            [{block_open,2,0},
             {push_vals,2},
             {store_lvar,1,2},
             {store_lvar,1,1},
             {current_line,502,&lt;&lt;"-no-file-"&gt;&gt;},
             {push_lit,true},
             {push_lvar,2,1},
             {push_lvar,1,2},
             set_key,block_close]},
           {current_line,505,&lt;&lt;"-no-file-"&gt;&gt;},
           {push_gvar,&lt;&lt;"pairs"&gt;&gt;},
           {push_last_lvar,2,1},
           {pop_args,1},
           fcall,
           {pop_vals,1},
           {gfor,
            [{lvar,505,&lt;&lt;"key"&gt;&gt;,1,1},{lvar,505,&lt;&lt;"value"&gt;&gt;,1,2}],
            [{block_open,2,0},
             {push_vals,2},
             {store_lvar,1,2},
             {store_lvar,1,1},
             {current_line,507,&lt;&lt;"-no-file-"&gt;&gt;},
             {push_gvar,&lt;&lt;"type"&gt;&gt;},
             {push_gvar,&lt;&lt;"_G"&gt;&gt;},
             {push_lvar,1,1},
             get_key,multiple,
             {pop_args,1},
             fcall,single,
             {push_lit,&lt;&lt;"function"&gt;&gt;},
             {op,'~=',2},
             {and_then,[{push_lvar,2,1},{push_lvar,1,1},get_key,{op,'not',1}]},
             {if_true,
              [{block_open,0,0},
               {current_line,508,&lt;&lt;"-no-file-"&gt;&gt;},
               {push_lvar,2,2},
               {push_gvar,&lt;&lt;"_G"&gt;&gt;},
               {push_lvar,2,1},
               set_key,block_close]},
             block_close]},
           block_close]},
         {current_line,514,&lt;&lt;"-no-file-"&gt;&gt;},
         {push_gvar,&lt;&lt;"_G"&gt;&gt;},
         {get_lit_key,&lt;&lt;"results"&gt;&gt;},
         {or_else,[{push_lit,[]},{build_tab,0,1}]},
         {push_gvar,&lt;&lt;"_G"&gt;&gt;},
         {set_lit_key,&lt;&lt;"results"&gt;&gt;},
         {current_line,515,&lt;&lt;"-no-file-"&gt;&gt;},
         {push_lit,[]},
         {build_tab,0,1},
         {push_gvar,&lt;&lt;"_G"&gt;&gt;},
         {get_lit_key,&lt;&lt;"results"&gt;&gt;},
         {set_lit_key,&lt;&lt;"outbox"&gt;&gt;},
         {current_line,516,&lt;&lt;"-no-file-"&gt;&gt;},
         {push_lit,&lt;&lt;"data"&gt;&gt;},
         {push_lit,&lt;&lt;&gt;&gt;},
         {push_lit,&lt;&lt;"prompt"&gt;&gt;},
         {push_gvar,&lt;&lt;"prompt"&gt;&gt;},
         {pop_args,0},
         fcall,single,
         {push_lit,[]},
         {build_tab,2,1},
         {push_gvar,&lt;&lt;"_G"&gt;&gt;},
         {get_lit_key,&lt;&lt;"results"&gt;&gt;},
         {set_lit_key,&lt;&lt;"output"&gt;&gt;},
         {current_line,517,&lt;&lt;"-no-file-"&gt;&gt;},
         {push_lit,&lt;&lt;"hyper-aos"&gt;&gt;},
         {push_gvar,&lt;&lt;"_G"&gt;&gt;},
         {get_lit_key,&lt;&lt;"results"&gt;&gt;},
         {set_lit_key,&lt;&lt;"info"&gt;&gt;},
         {current_line,520,&lt;&lt;"-no-file-"&gt;&gt;},
         {push_lvar,1,2},
         {get_lit_key,&lt;&lt;"body"&gt;&gt;},
         {or_else,[{push_lit,[]},{build_tab,0,1}]},
         {store_lvar,1,3},
         {current_line,523,&lt;&lt;"-no-file-"&gt;&gt;},
         {push_evar,2,1},
         {get_lit_key,&lt;&lt;"ensure_message"&gt;&gt;},
         {push_last_lvar,1,3},
         {pop_args,1},
         fcall,single,
         {store_lvar,1,3},
         {current_line,526,&lt;&lt;"-no-file-"&gt;&gt;},
         {push_evar,2,1},
         {get_lit_key,&lt;&lt;"initialized"&gt;&gt;},
         {op,'not',1},
         {if_true,
          [{block_open,0,0},
           {current_line,527,&lt;&lt;"-no-file-"&gt;&gt;},
           {push_evar,3,1},
           {get_lit_key,&lt;&lt;"init"&gt;&gt;},
           {push_last_lvar,2,3},
           {pop_args,1},
           fcall,pop,block_close]},
         {current_line,531,&lt;&lt;"-no-file-"&gt;&gt;},
         {push_gvar,&lt;&lt;"_G"&gt;&gt;},
         {get_lit_key,&lt;&lt;"utils"&gt;&gt;},
         {and_then,
          [{push_gvar,&lt;&lt;"_G"&gt;&gt;},{get_lit_key,&lt;&lt;"Utils"&gt;&gt;},{op,'not',1}]},
         {if_true,
          [{block_open,0,0},
           {current_line,532,&lt;&lt;"-no-file-"&gt;&gt;},
           {push_gvar,&lt;&lt;"_G"&gt;&gt;},
           {get_lit_key,&lt;&lt;"utils"&gt;&gt;},
           {push_gvar,&lt;&lt;"_G"&gt;&gt;},
           {set_lit_key,&lt;&lt;"Utils"&gt;&gt;},
           block_close]},
         {current_line,536,&lt;&lt;"-no-file-"&gt;&gt;},
         {push_lvar,1,3},
         {get_lit_key,&lt;&lt;"action"&gt;&gt;},
         {or_else,[{push_lit,&lt;&lt;&gt;&gt;}]},
         {store_lvar,1,4},
         {current_line,537,&lt;&lt;"-no-file-"&gt;&gt;},
         {push_gvar,&lt;&lt;"string"&gt;&gt;},
         {get_lit_key,&lt;&lt;"lower"&gt;&gt;},
         {push_last_lvar,1,4},
         {pop_args,1},
         fcall,single,
         {store_lvar,1,4},
         {current_line,540,...},
         {push_lvar,...},
         {...}|...]},
      14 =&gt;
       {lua_func,
        [1,{file,&lt;&lt;"-no-file-"&gt;&gt;}],
        [{funref,0,[]},
         {funref,1,[]},
         {funref,2,[]},
         {funref,3,[]},
         {funref,4,[]},
         {funref,5,[]},
         {funref,6,[]},
         {funref,7,[]},
         {funref,8,[]},
         {funref,9,[]},
         {funref,10,[]},
         {funref,11,[]},
         {funref,12,[]},
         {funref,13,[]}],
        1,4,1,
        [{push_args,1},
         {store_lvar,1,1},
         {current_line,2,&lt;&lt;"-no-file-"&gt;&gt;},
         {push_lit,&lt;&lt;"_version"&gt;&gt;},
         {push_lit,&lt;&lt;"dev"&gt;&gt;},
         {push_lit,[]},
         {build_tab,1,1},
         {push_gvar,&lt;&lt;"_G"&gt;&gt;},
         {get_lit_key,&lt;&lt;"package"&gt;&gt;},
         {get_lit_key,&lt;&lt;"loaded"&gt;&gt;},
         {set_lit_key,&lt;&lt;".process"&gt;&gt;},
         {current_line,7,&lt;&lt;"-no-file-"&gt;&gt;},
         {push_gvar,&lt;&lt;"_G"&gt;&gt;},
         {get_lit_key,&lt;&lt;"utils"&gt;&gt;},
         {op,'not',1},
         {or_else,
          [{push_gvar,&lt;&lt;"type"&gt;&gt;},
           {push_gvar,&lt;&lt;"_G"&gt;&gt;},
           {get_lit_key,&lt;&lt;"utils"&gt;&gt;},
           multiple,
           {pop_args,1},
           fcall,single,
           {push_lit,&lt;&lt;"table"&gt;&gt;},
           {op,'~=',2}]},
         {if_true,
          [{block_open,0,0},
           {current_line,8,&lt;&lt;"-no-file-"&gt;&gt;},
           {push_lit,[]},
           {build_tab,0,1},
           {push_gvar,&lt;&lt;"_G"&gt;&gt;},
           {set_lit_key,&lt;&lt;"utils"&gt;&gt;},
           block_close]},
         {current_line,13,&lt;&lt;"-no-file-"&gt;&gt;},
         {push_gvar,&lt;&lt;"_G"&gt;&gt;},
         {get_lit_key,&lt;&lt;"utils"&gt;&gt;},
         {if_true,
          [{block_open,0,0},
           {current_line,14,&lt;&lt;"-no-file-"&gt;&gt;},
           {push_gvar,&lt;&lt;"_G"&gt;&gt;},
           {get_lit_key,&lt;&lt;"utils"&gt;&gt;},
           {push_gvar,&lt;&lt;"_G"&gt;&gt;},
           {set_lit_key,&lt;&lt;"Utils"&gt;&gt;},
           block_close]},
         {current_line,19,&lt;&lt;"-no-file-"&gt;&gt;},
         {push_gvar,&lt;&lt;"_G"&gt;&gt;},
         {get_lit_key,&lt;&lt;"Inbox"&gt;&gt;},
         {or_else,[{push_lit,[]},{build_tab,0,1}]},
         {push_gvar,&lt;&lt;"_G"&gt;&gt;},
         {set_lit_key,&lt;&lt;"Inbox"&gt;&gt;},
         {current_line,20,&lt;&lt;"-no-file-"&gt;&gt;},
         {push_lit,10000},
         {push_gvar,&lt;&lt;"_G"&gt;&gt;},
         {set_lit_key,&lt;&lt;"MAX_INBOX_SIZE"&gt;&gt;},
         {current_line,21,&lt;&lt;"-no-file-"&gt;&gt;},
         {push_lit,&lt;&lt;&gt;&gt;},
         {push_gvar,&lt;&lt;"_G"&gt;&gt;},
         {set_lit_key,&lt;&lt;"_OUTPUT"&gt;&gt;},
         {current_line,27,&lt;&lt;"-no-file-"&gt;&gt;},
         {push_lit,&lt;&lt;"initialized"&gt;&gt;},
         {push_lit,false},
         {push_lit,[]},
         {build_tab,1,1},
         {store_evar,1,1},
         {current_line,33,&lt;&lt;"-no-file-"&gt;&gt;},
         {push_lit,1},
         {push_lit,&lt;&lt;"assert"&gt;&gt;},
         {push_lit,2},
         {push_lit,&lt;&lt;"collectgarbage"&gt;&gt;},
         {push_lit,3},
         {push_lit,&lt;&lt;"dofile"&gt;&gt;},
         {push_lit,4},
         {push_lit,&lt;&lt;"error"&gt;&gt;},
         {push_lit,5},
         {push_lit,&lt;&lt;"getmetatable"&gt;&gt;},
         {push_lit,6},
         {push_lit,&lt;&lt;"ipairs"&gt;&gt;},
         {push_lit,7},
         {push_lit,&lt;&lt;"load"&gt;&gt;},
         {push_lit,8},
         {push_lit,&lt;&lt;"loadfile"&gt;&gt;},
         {push_lit,9},
         {push_lit,&lt;&lt;"loadstring"&gt;&gt;},
         {push_lit,10},
         {push_lit,&lt;&lt;"next"&gt;&gt;},
         {push_lit,11},
         {push_lit,&lt;&lt;"pairs"&gt;&gt;},
         {push_lit,12},
         {push_lit,&lt;&lt;"pcall"&gt;&gt;},
         {push_lit,13},
         {push_lit,&lt;&lt;"print"&gt;&gt;},
         {push_lit,14},
         {push_lit,&lt;&lt;"rawequal"&gt;&gt;},
         {push_lit,15},
         {push_lit,&lt;&lt;"rawget"&gt;&gt;},
         {push_lit,16},
         {push_lit,&lt;&lt;"rawlen"&gt;&gt;},
         {push_lit,17},
         {push_lit,&lt;&lt;"rawset"&gt;&gt;},
         {push_lit,18},
         {push_lit,&lt;&lt;...&gt;&gt;},
         {push_lit,...},
         {...}|...]},
      15 =&gt;
       {lua_func,
        [1,{file,&lt;&lt;"-no-file-"&gt;&gt;}],
        [],5,0,1,
        [{push_args,1},
         {store_lvar,1,1},
         {current_line,1,&lt;&lt;"-no-file-"&gt;&gt;},
         {push_lit,&lt;&lt;"results"&gt;&gt;},
         {push_lit,&lt;&lt;"output"&gt;&gt;},
         {push_lit,&lt;&lt;"prompt"&gt;&gt;},
         {push_lit,&lt;&lt;&gt;&gt;},
         {push_lit,&lt;&lt;"data"&gt;&gt;},
         {push_lit,&lt;&lt;&gt;&gt;},
         {push_lit,[]},
         {build_tab,2,1},
         {push_lit,&lt;&lt;"outbox"&gt;&gt;},
         {push_lit,[]},
         {build_tab,0,1},
         {push_lit,[]},
         {build_tab,2,1},
         {push_lit,[]},
         {build_tab,1,1},
         {store_lvar,1,2},
         {current_line,2,&lt;&lt;"-no-file-"&gt;&gt;},
         {push_lit,&lt;&lt;"timestamp"&gt;&gt;},
         {push_lit,1234567890},
         {push_lit,&lt;&lt;"process-id"&gt;&gt;},
         {push_lit,&lt;&lt;"test-process"&gt;&gt;},
         {push_lit,&lt;&lt;"owner"&gt;&gt;},
         {push_lit,&lt;&lt;"test-owner"&gt;&gt;},
         {push_lit,&lt;&lt;"body"&gt;&gt;},
         {push_lit,&lt;&lt;"type"&gt;&gt;},
         {push_lit,&lt;&lt;"process"&gt;&gt;},
         {push_lit,&lt;&lt;"id"&gt;&gt;},
         {push_lit,&lt;&lt;"process-init"&gt;&gt;},
         {push_lit,&lt;&lt;"commitments"&gt;&gt;},
         {push_lit,&lt;&lt;"init-key"&gt;&gt;},
         {push_lit,&lt;&lt;"type"&gt;&gt;},
         {push_lit,&lt;&lt;"rsa-pss-512"&gt;&gt;},
         {push_lit,&lt;&lt;"committer"&gt;&gt;},
         {push_lit,&lt;&lt;"AR8wJBpKbBS7kZbHtUmB9V7VfQYxKCh7kyTkrLGS4N0"&gt;&gt;},
         {push_lit,[]},
         {build_tab,2,1},
         {push_lit,[]},
         {build_tab,1,1},
         {push_lit,[]},
         {build_tab,3,1},
         {push_lit,&lt;&lt;"block-height"&gt;&gt;},
         {push_lit,1000},
         {push_lit,[]},
         {build_tab,5,1},
         {store_lvar,1,3},
         {current_line,3,&lt;&lt;"-no-file-"&gt;&gt;},
         {push_gvar,&lt;&lt;"compute"&gt;&gt;},
         {push_lvar,1,2},
         {push_last_lvar,1,3},
         {pop_args,2},
         fcall,
         {push_vals,2},
         {store_lvar,1,5},
         {store_lvar,1,4},
         {current_line,4,&lt;&lt;"-no-file-"&gt;&gt;},
         {push_lvar,1,5},
         {get_lit_key,&lt;&lt;"results"&gt;&gt;},
         {get_lit_key,&lt;&lt;"output"&gt;&gt;},
         {get_lit_key,&lt;&lt;"data"&gt;&gt;},
         {push_last_lvar,1,5},
         {return,2},
         {return,0}]}},
    [],16},
   {tref,0},
   [],[],
   {meta,nil,nil,nil,{tref,10}},
   {#{max =&gt; 18446744073709551615,type =&gt; exs1024,
      next =&gt; #Fun&lt;rand.11.40079776&gt;,jump =&gt; #Fun&lt;rand.12.40079776&gt;},
    {[3994225408023904062,14742288827107561032,13799830278221698745,
      1382050380291430785,16508117105069949333,3043836925552821174,
      4170858148569237776,18429409348383738172,10585053836068931318,
      8458113244466101146,2387780191868789632,128311285901467821,
      2594222465450332990,10651305257671074758,11456663745691285836,
      17784390575700662115],
     []}},
   #Ref&lt;0.4193442219.2847408137.152944&gt;,none,undefined}}}
    </error>
    <system-out>
    </system-out>
  </testcase>
</testsuite>
